-- Install configuration: ""
-- Up-to-date: /home/ros2/ros2_ws/install/smart_car/share/smart_car/urdf
-- Installing: /home/ros2/ros2_ws/install/smart_car/share/smart_car/urdf/smartcar.urdf.xacro
-- Up-to-date: /home/ros2/ros2_ws/install/smart_car/share/smart_car/world
-- Up-to-date: /home/ros2/ros2_ws/install/smart_car/share/smart_car/world/smalltown.world
-- Up-to-date: /home/ros2/ros2_ws/install/smart_car/share/smart_car/Rviz
-- Up-to-date: /home/ros2/ros2_ws/install/smart_car/share/smart_car/Rviz/smartcar.rviz
-- Up-to-date: /home/ros2/ros2_ws/install/smart_car/share/smart_car/launch
-- Up-to-date: /home/ros2/ros2_ws/install/smart_car/share/smart_car/launch/gazebo.launch.py
-- Up-to-date: /home/ros2/ros2_ws/install/smart_car/share/smart_car/launch/smartcar.launch.py
-- Up-to-date: /home/ros2/ros2_ws/install/smart_car/share/ament_index/resource_index/package_run_dependencies/smart_car
-- Up-to-date: /home/ros2/ros2_ws/install/smart_car/share/ament_index/resource_index/parent_prefix_path/smart_car
-- Up-to-date: /home/ros2/ros2_ws/install/smart_car/share/smart_car/environment/ament_prefix_path.sh
-- Up-to-date: /home/ros2/ros2_ws/install/smart_car/share/smart_car/environment/ament_prefix_path.dsv
-- Up-to-date: /home/ros2/ros2_ws/install/smart_car/share/smart_car/environment/path.sh
-- Up-to-date: /home/ros2/ros2_ws/install/smart_car/share/smart_car/environment/path.dsv
-- Up-to-date: /home/ros2/ros2_ws/install/smart_car/share/smart_car/local_setup.bash
-- Up-to-date: /home/ros2/ros2_ws/install/smart_car/share/smart_car/local_setup.sh
-- Up-to-date: /home/ros2/ros2_ws/install/smart_car/share/smart_car/local_setup.zsh
-- Up-to-date: /home/ros2/ros2_ws/install/smart_car/share/smart_car/local_setup.dsv
-- Installing: /home/ros2/ros2_ws/install/smart_car/share/smart_car/package.dsv
-- Up-to-date: /home/ros2/ros2_ws/install/smart_car/share/ament_index/resource_index/packages/smart_car
-- Up-to-date: /home/ros2/ros2_ws/install/smart_car/share/smart_car/cmake/smart_carConfig.cmake
-- Up-to-date: /home/ros2/ros2_ws/install/smart_car/share/smart_car/cmake/smart_carConfig-version.cmake
-- Up-to-date: /home/ros2/ros2_ws/install/smart_car/share/smart_car/package.xml
