[0.025s] Invoking command in '/home/ros2/ros2_ws/src/smart_car/build/smart_car': CMAKE_PREFIX_PATH=/opt/ros/humble /usr/bin/cmake --build /home/ros2/ros2_ws/src/smart_car/build/smart_car -- -j8 -l8
[0.103s] Invoked command in '/home/ros2/ros2_ws/src/smart_car/build/smart_car' returned '0': CMAKE_PREFIX_PATH=/opt/ros/humble /usr/bin/cmake --build /home/ros2/ros2_ws/src/smart_car/build/smart_car -- -j8 -l8
[0.182s] Invoking command in '/home/ros2/ros2_ws/src/smart_car/build/smart_car': CMAKE_PREFIX_PATH=/opt/ros/humble /usr/bin/cmake --install /home/ros2/ros2_ws/src/smart_car/build/smart_car
[0.196s] -- Install configuration: ""
[0.196s] -- Up-to-date: /home/ros2/ros2_ws/src/smart_car/install/smart_car/share/smart_car/urdf
[0.196s] -- Installing: /home/ros2/ros2_ws/src/smart_car/install/smart_car/share/smart_car/urdf/smartcar.urdf.xacro
[0.197s] -- Up-to-date: /home/ros2/ros2_ws/src/smart_car/install/smart_car/share/smart_car/world
[0.197s] -- Up-to-date: /home/ros2/ros2_ws/src/smart_car/install/smart_car/share/smart_car/world/smalltown.world
[0.197s] -- Up-to-date: /home/ros2/ros2_ws/src/smart_car/install/smart_car/share/smart_car/Rviz
[0.197s] -- Up-to-date: /home/ros2/ros2_ws/src/smart_car/install/smart_car/share/smart_car/Rviz/smartcar.rviz
[0.197s] -- Up-to-date: /home/ros2/ros2_ws/src/smart_car/install/smart_car/share/smart_car/launch
[0.197s] -- Installing: /home/ros2/ros2_ws/src/smart_car/install/smart_car/share/smart_car/launch/gazebo.launch.py
[0.197s] -- Up-to-date: /home/ros2/ros2_ws/src/smart_car/install/smart_car/share/smart_car/launch/smartcar.launch.py
[0.198s] -- Up-to-date: /home/ros2/ros2_ws/src/smart_car/install/smart_car/share/ament_index/resource_index/package_run_dependencies/smart_car
[0.198s] -- Up-to-date: /home/ros2/ros2_ws/src/smart_car/install/smart_car/share/ament_index/resource_index/parent_prefix_path/smart_car
[0.198s] -- Up-to-date: /home/ros2/ros2_ws/src/smart_car/install/smart_car/share/smart_car/environment/ament_prefix_path.sh
[0.198s] -- Up-to-date: /home/ros2/ros2_ws/src/smart_car/install/smart_car/share/smart_car/environment/ament_prefix_path.dsv
[0.198s] -- Up-to-date: /home/ros2/ros2_ws/src/smart_car/install/smart_car/share/smart_car/environment/path.sh
[0.198s] -- Up-to-date: /home/ros2/ros2_ws/src/smart_car/install/smart_car/share/smart_car/environment/path.dsv
[0.198s] -- Up-to-date: /home/ros2/ros2_ws/src/smart_car/install/smart_car/share/smart_car/local_setup.bash
[0.198s] -- Up-to-date: /home/ros2/ros2_ws/src/smart_car/install/smart_car/share/smart_car/local_setup.sh
[0.199s] -- Up-to-date: /home/ros2/ros2_ws/src/smart_car/install/smart_car/share/smart_car/local_setup.zsh
[0.199s] -- Up-to-date: /home/ros2/ros2_ws/src/smart_car/install/smart_car/share/smart_car/local_setup.dsv
[0.199s] -- Up-to-date: /home/ros2/ros2_ws/src/smart_car/install/smart_car/share/smart_car/package.dsv
[0.199s] -- Up-to-date: /home/ros2/ros2_ws/src/smart_car/install/smart_car/share/ament_index/resource_index/packages/smart_car
[0.199s] -- Up-to-date: /home/ros2/ros2_ws/src/smart_car/install/smart_car/share/smart_car/cmake/smart_carConfig.cmake
[0.200s] -- Up-to-date: /home/ros2/ros2_ws/src/smart_car/install/smart_car/share/smart_car/cmake/smart_carConfig-version.cmake
[0.200s] -- Up-to-date: /home/ros2/ros2_ws/src/smart_car/install/smart_car/share/smart_car/package.xml
[0.202s] Invoked command in '/home/ros2/ros2_ws/src/smart_car/build/smart_car' returned '0': CMAKE_PREFIX_PATH=/opt/ros/humble /usr/bin/cmake --install /home/ros2/ros2_ws/src/smart_car/build/smart_car
