[0.043s] Invoking command in '/home/ros2/ros2_ws/build/smartcar_msgs': CMAKE_PREFIX_PATH=/opt/ros/humble /usr/bin/cmake --build /home/ros2/ros2_ws/build/smartcar_msgs -- -j8 -l8
[0.464s] -- Found ament_cmake: 1.3.10 (/opt/ros/humble/share/ament_cmake/cmake)
[0.673s] -- Found rosidl_default_generators: 1.2.0 (/opt/ros/humble/share/rosidl_default_generators/cmake)
[0.676s] -- Using all available rosidl_typesupport_c: rosidl_typesupport_fastrtps_c;rosidl_typesupport_introspection_c
[0.682s] -- Found rosidl_adapter: 3.1.5 (/opt/ros/humble/share/rosidl_adapter/cmake)
[0.745s] -- Using all available rosidl_typesupport_cpp: rosidl_typesupport_fastrtps_cpp;rosidl_typesupport_introspection_cpp
[1.248s] -- Found ament_cmake_ros: 0.10.0 (/opt/ros/humble/share/ament_cmake_ros/cmake)
[1.574s] -- Using all available rosidl_typesupport_c: rosidl_typesupport_fastrtps_c;rosidl_typesupport_introspection_c
[1.968s] -- Using all available rosidl_typesupport_cpp: rosidl_typesupport_fastrtps_cpp;rosidl_typesupport_introspection_cpp
[2.008s] -- Found python_cmake_module: 0.10.0 (/opt/ros/humble/share/python_cmake_module/cmake)
[2.049s] -- Using PYTHON_EXECUTABLE: /usr/bin/python3
[2.049s] -- Using PYTHON_INCLUDE_DIRS: /usr/include/python3.10
[2.049s] -- Using PYTHON_LIBRARIES: /usr/lib/x86_64-linux-gnu/libpython3.10.so
[3.355s] -- Configuring done
[3.488s] -- Generating done
[3.500s] -- Build files have been written to: /home/ros2/ros2_ws/build/smartcar_msgs
[3.551s] [35m[1mConsolidate compiler generated dependencies of target smartcar_msgs__rosidl_generator_c[0m
[3.570s] [  3%] Built target smartcar_msgs__cpp
[3.574s] [ 12%] Built target smartcar_msgs__rosidl_generator_c
[3.590s] [ 12%] Built target ament_cmake_python_copy_smartcar_msgs
[3.609s] [35m[1mConsolidate compiler generated dependencies of target smartcar_msgs__rosidl_typesupport_cpp[0m
[3.614s] [35m[1mConsolidate compiler generated dependencies of target smartcar_msgs__rosidl_typesupport_introspection_cpp[0m
[3.614s] [35m[1mConsolidate compiler generated dependencies of target smartcar_msgs__rosidl_typesupport_fastrtps_cpp[0m
[3.637s] [ 22%] Built target smartcar_msgs__rosidl_typesupport_introspection_cpp
[3.638s] [ 32%] Built target smartcar_msgs__rosidl_typesupport_cpp
[3.640s] [35m[1mConsolidate compiler generated dependencies of target smartcar_msgs__rosidl_typesupport_c[0m
[3.640s] [35m[1mConsolidate compiler generated dependencies of target smartcar_msgs__rosidl_typesupport_introspection_c[0m
[3.641s] [ 41%] Built target smartcar_msgs__rosidl_typesupport_fastrtps_cpp
[3.641s] [35m[1mConsolidate compiler generated dependencies of target smartcar_msgs__rosidl_typesupport_fastrtps_c[0m
[3.667s] [ 61%] Built target smartcar_msgs__rosidl_typesupport_c
[3.667s] [ 58%] Built target smartcar_msgs__rosidl_typesupport_introspection_c
[3.676s] [ 70%] Built target smartcar_msgs__rosidl_typesupport_fastrtps_c
[3.724s] [ 70%] Built target smartcar_msgs
[3.773s] [ 74%] Built target smartcar_msgs__py
[3.796s] [35m[1mConsolidate compiler generated dependencies of target smartcar_msgs__rosidl_generator_py[0m
[3.824s] [ 80%] Built target smartcar_msgs__rosidl_generator_py
[3.846s] [35m[1mConsolidate compiler generated dependencies of target smartcar_msgs__rosidl_typesupport_fastrtps_c__pyext[0m
[3.848s] [35m[1mConsolidate compiler generated dependencies of target smartcar_msgs__rosidl_typesupport_c__pyext[0m
[3.852s] [35m[1mConsolidate compiler generated dependencies of target smartcar_msgs__rosidl_typesupport_introspection_c__pyext[0m
[3.876s] [ 87%] Built target smartcar_msgs__rosidl_typesupport_c__pyext
[3.877s] [ 93%] Built target smartcar_msgs__rosidl_typesupport_introspection_c__pyext
[3.877s] [100%] Built target smartcar_msgs__rosidl_typesupport_fastrtps_c__pyext
[4.135s] running egg_info
[4.137s] writing smartcar_msgs.egg-info/PKG-INFO
[4.137s] writing dependency_links to smartcar_msgs.egg-info/dependency_links.txt
[4.137s] writing top-level names to smartcar_msgs.egg-info/top_level.txt
[4.143s] reading manifest file 'smartcar_msgs.egg-info/SOURCES.txt'
[4.143s] writing manifest file 'smartcar_msgs.egg-info/SOURCES.txt'
[4.184s] [100%] Built target ament_cmake_python_build_smartcar_msgs_egg
