[0.025s] Invoking command in '/home/ros2/ros2_ws/build/car_gazebo_plugin': AMENT_PREFIX_PATH=/home/ros2/ros2_ws/install/ackermann_msgs:${AMENT_PREFIX_PATH} CMAKE_PREFIX_PATH=/home/ros2/ros2_ws/install/ackermann_msgs:/opt/ros/humble LD_LIBRARY_PATH=/home/ros2/ros2_ws/install/ackermann_msgs/lib:/usr/lib/x86_64-linux-gnu/gazebo-11/plugins:/opt/ros/humble/opt/rviz_ogre_vendor/lib:/opt/ros/humble/lib/x86_64-linux-gnu:/opt/ros/humble/lib:/usr/lib/x86_64-linux-gnu/gazebo-11/plugins PYTHONPATH=/home/ros2/ros2_ws/install/ackermann_msgs/local/lib/python3.10/dist-packages:${PYTHONPATH} /usr/bin/cmake /home/ros2/ros2_ws/src/car_gazebo_plugin -DCMAKE_INSTALL_PREFIX=/home/ros2/ros2_ws/install/car_gazebo_plugin
[0.074s] [33mCMake Warning (dev) at /usr/share/cmake-3.22/Modules/FindPackageHandleStandardArgs.cmake:438 (message):
[0.074s]   The package name passed to `find_package_handle_standard_args` (PkgConfig)
[0.074s]   does not match the name of the calling package (gazebo).  This can lead to
[0.074s]   problems in calling code that expects `find_package` result variables
[0.074s]   (e.g., `_FOUND`) to follow a certain pattern.
[0.074s] Call Stack (most recent call first):
[0.075s]   /usr/share/cmake-3.22/Modules/FindPkgConfig.cmake:99 (find_package_handle_standard_args)
[0.075s]   /usr/lib/x86_64-linux-gnu/cmake/gazebo/gazebo-config.cmake:72 (include)
[0.075s]   CMakeLists.txt:14 (find_package)
[0.075s] This warning is for project developers.  Use -Wno-dev to suppress it.
[0.075s] [0m
[0.121s] -- Found DART: /usr/include (Required is at least version "6.6") found components: dart 
[0.189s] -- Found Protobuf: /usr/lib/x86_64-linux-gnu/libprotobuf.so (found version "3.12.4") 
[0.192s] -- Looking for ignition-math6 -- found version 6.15.1
[0.201s] -- Searching for dependencies of ignition-math6
[0.204s] -- Looking for OGRE...
[0.217s] -- Found Ogre Ghadamon (1.9.0)
[0.217s] -- Found OGRE: optimized;/usr/lib/x86_64-linux-gnu/libOgreMain.so;debug;/usr/lib/x86_64-linux-gnu/libOgreMain.so
[0.239s] -- Looking for OGRE_Paging...
[0.240s] -- Found OGRE_Paging: optimized;/usr/lib/x86_64-linux-gnu/libOgrePaging.so;debug;/usr/lib/x86_64-linux-gnu/libOgrePaging.so
[0.240s] -- Looking for OGRE_Terrain...
[0.240s] -- Found OGRE_Terrain: optimized;/usr/lib/x86_64-linux-gnu/libOgreTerrain.so;debug;/usr/lib/x86_64-linux-gnu/libOgreTerrain.so
[0.241s] -- Looking for OGRE_Property...
[0.241s] -- Found OGRE_Property: optimized;/usr/lib/x86_64-linux-gnu/libOgreProperty.so;debug;/usr/lib/x86_64-linux-gnu/libOgreProperty.so
[0.241s] -- Looking for OGRE_RTShaderSystem...
[0.241s] -- Found OGRE_RTShaderSystem: optimized;/usr/lib/x86_64-linux-gnu/libOgreRTShaderSystem.so;debug;/usr/lib/x86_64-linux-gnu/libOgreRTShaderSystem.so
[0.241s] -- Looking for OGRE_Volume...
[0.242s] -- Found OGRE_Volume: optimized;/usr/lib/x86_64-linux-gnu/libOgreVolume.so;debug;/usr/lib/x86_64-linux-gnu/libOgreVolume.so
[0.242s] -- Looking for OGRE_Overlay...
[0.243s] -- Found OGRE_Overlay: optimized;/usr/lib/x86_64-linux-gnu/libOgreOverlay.so;debug;/usr/lib/x86_64-linux-gnu/libOgreOverlay.so
[0.592s] -- Looking for ignition-math6 -- found version 6.15.1
[0.593s] -- Looking for ignition-transport8 -- found version 8.2.1
[0.594s] -- Searching for dependencies of ignition-transport8
[0.626s] -- Found Protobuf: /usr/lib/x86_64-linux-gnu/libprotobuf.so (found suitable version "3.12.4", minimum required is "3") 
[0.643s] -- Config-file not installed for ZeroMQ -- checking for pkg-config
[0.655s] -- Checking for module 'libzmq >= 4'
[0.683s] --   Found libzmq , version 4.3.4
[0.770s] -- Checking for module 'uuid'
[0.800s] --   Found uuid, version 2.37.2
[0.868s] -- Looking for ignition-msgs5 -- found version 5.8.1
[0.869s] -- Searching for dependencies of ignition-msgs5
[0.900s] -- Looking for ignition-math6 -- found version 6.15.1
[0.909s] -- Checking for module 'tinyxml2'
[0.938s] --   Found tinyxml2, version 9.0.0
[1.008s] -- Looking for ignition-msgs5 -- found version 5.8.1
[1.008s] -- Looking for ignition-common3 -- found version 3.14.0
[1.008s] -- Searching for dependencies of ignition-common3
[1.008s] -- Looking for dlfcn.h - found
[1.008s] -- Looking for libdl - found
[1.026s] -- Searching for <ignition-common3> component [graphics]
[1.027s] -- Looking for ignition-common3-graphics -- found version 3.14.0
[1.028s] -- Searching for dependencies of ignition-common3-graphics
[1.030s] -- Looking for ignition-math6 -- found version 6.15.1
[1.031s] -- Looking for ignition-fuel_tools4 -- found version 4.4.0
[1.032s] -- Searching for dependencies of ignition-fuel_tools4
[1.107s] -- Checking for module 'jsoncpp'
[1.135s] --   Found jsoncpp, version 1.9.5
[1.213s] -- Checking for module 'libzip'
[1.241s] --   Found libzip, version 1.7.3
[1.309s] -- Looking for ignition-common3 -- found version 3.14.0
[1.310s] -- Looking for ignition-math6 -- found version 6.15.1
[1.310s] -- Looking for ignition-msgs5 -- found version 5.8.1
[1.316s] -- Found gazebo_ros: 3.7.0 (/opt/ros/humble/share/gazebo_ros/cmake)
[1.607s] -- Found rosidl_generator_c: 3.1.5 (/opt/ros/humble/share/rosidl_generator_c/cmake)
[1.612s] -- Found rosidl_adapter: 3.1.5 (/opt/ros/humble/share/rosidl_adapter/cmake)
[1.625s] -- Found rosidl_generator_cpp: 3.1.5 (/opt/ros/humble/share/rosidl_generator_cpp/cmake)
[1.645s] -- Using all available rosidl_typesupport_c: rosidl_typesupport_fastrtps_c;rosidl_typesupport_introspection_c
[1.676s] -- Using all available rosidl_typesupport_cpp: rosidl_typesupport_fastrtps_cpp;rosidl_typesupport_introspection_cpp
[1.753s] -- Found rmw_implementation_cmake: 6.1.2 (/opt/ros/humble/share/rmw_implementation_cmake/cmake)
[1.756s] -- Found rmw_cyclonedds_cpp: 1.3.4 (/opt/ros/humble/share/rmw_cyclonedds_cpp/cmake)
[1.797s] -- Using RMW implementation 'rmw_cyclonedds_cpp' as default
[1.925s] -- Gazebo version: 11.10
[1.928s] -- Found gazebo_ros_pkgs: 3.9.0 (/opt/ros/humble/share/gazebo_ros_pkgs/cmake)
[1.929s] -- Found sensor_msgs: 4.2.4 (/opt/ros/humble/share/sensor_msgs/cmake)
[2.007s] -- Found nav_msgs: 4.2.4 (/opt/ros/humble/share/nav_msgs/cmake)
[2.057s] -- Found ackermann_msgs: 2.0.2 (/home/ros2/ros2_ws/install/ackermann_msgs/share/ackermann_msgs/cmake)
[2.100s] -- Found tf2: 0.25.7 (/opt/ros/humble/share/tf2/cmake)
[2.110s] -- Found tf2_ros: 0.25.7 (/opt/ros/humble/share/tf2_ros/cmake)
[2.324s] [31mCMake Error at CMakeLists.txt:24 (find_package):
[2.324s]   By not providing "Findsmartcar_msgs.cmake" in CMAKE_MODULE_PATH this
[2.324s]   project has asked CMake to find a package configuration file provided by
[2.324s]   "smartcar_msgs", but CMake did not find one.
[2.325s] 
[2.325s]   Could not find a package configuration file provided by "smartcar_msgs"
[2.325s]   with any of the following names:
[2.325s] 
[2.325s]     smartcar_msgsConfig.cmake
[2.325s]     smartcar_msgs-config.cmake
[2.325s] 
[2.325s]   Add the installation prefix of "smartcar_msgs" to CMAKE_PREFIX_PATH or set
[2.326s]   "smartcar_msgs_DIR" to a directory containing one of the above files.  If
[2.326s]   "smartcar_msgs" provides a separate development package or SDK, be sure it
[2.326s]   has been installed.
[2.326s] 
[2.326s] [0m
[2.326s] -- Configuring incomplete, errors occurred!
[2.326s] See also "/home/ros2/ros2_ws/build/car_gazebo_plugin/CMakeFiles/CMakeOutput.log".
[2.344s] Invoked command in '/home/ros2/ros2_ws/build/car_gazebo_plugin' returned '1': AMENT_PREFIX_PATH=/home/ros2/ros2_ws/install/ackermann_msgs:${AMENT_PREFIX_PATH} CMAKE_PREFIX_PATH=/home/ros2/ros2_ws/install/ackermann_msgs:/opt/ros/humble LD_LIBRARY_PATH=/home/ros2/ros2_ws/install/ackermann_msgs/lib:/usr/lib/x86_64-linux-gnu/gazebo-11/plugins:/opt/ros/humble/opt/rviz_ogre_vendor/lib:/opt/ros/humble/lib/x86_64-linux-gnu:/opt/ros/humble/lib:/usr/lib/x86_64-linux-gnu/gazebo-11/plugins PYTHONPATH=/home/ros2/ros2_ws/install/ackermann_msgs/local/lib/python3.10/dist-packages:${PYTHONPATH} /usr/bin/cmake /home/ros2/ros2_ws/src/car_gazebo_plugin -DCMAKE_INSTALL_PREFIX=/home/ros2/ros2_ws/install/car_gazebo_plugin
