[0.022s] Invoking command in '/home/ros2/ros2_ws/build/car_gazebo_plugin': AMENT_PREFIX_PATH=/home/ros2/ros2_ws/install/ackermann_msgs:${AMENT_PREFIX_PATH} CMAKE_PREFIX_PATH=/home/ros2/ros2_ws/install/ackermann_msgs:/opt/ros/humble LD_LIBRARY_PATH=/home/ros2/ros2_ws/install/ackermann_msgs/lib:/usr/lib/x86_64-linux-gnu/gazebo-11/plugins:/opt/ros/humble/opt/rviz_ogre_vendor/lib:/opt/ros/humble/lib/x86_64-linux-gnu:/opt/ros/humble/lib:/usr/lib/x86_64-linux-gnu/gazebo-11/plugins PYTHONPATH=/home/ros2/ros2_ws/install/ackermann_msgs/local/lib/python3.10/dist-packages:${PYTHONPATH} /usr/bin/cmake /home/ros2/ros2_ws/src/car_gazebo_plugin -DCMAKE_INSTALL_PREFIX=/home/ros2/ros2_ws/install/car_gazebo_plugin
[0.059s] [33mCMake Warning (dev) at /usr/share/cmake-3.22/Modules/FindPackageHandleStandardArgs.cmake:438 (message):
[0.059s]   The package name passed to `find_package_handle_standard_args` (PkgConfig)
[0.060s]   does not match the name of the calling package (gazebo).  This can lead to
[0.060s]   problems in calling code that expects `find_package` result variables
[0.060s]   (e.g., `_FOUND`) to follow a certain pattern.
[0.060s] Call Stack (most recent call first):
[0.060s]   /usr/share/cmake-3.22/Modules/FindPkgConfig.cmake:99 (find_package_handle_standard_args)
[0.060s]   /usr/lib/x86_64-linux-gnu/cmake/gazebo/gazebo-config.cmake:72 (include)
[0.060s]   CMakeLists.txt:14 (find_package)
[0.060s] This warning is for project developers.  Use -Wno-dev to suppress it.
[0.061s] [0m
[0.109s] -- Found DART: /usr/include (Required is at least version "6.6") found components: dart 
[0.167s] -- Found Protobuf: /usr/lib/x86_64-linux-gnu/libprotobuf.so (found version "3.12.4") 
[0.170s] -- Looking for ignition-math6 -- found version 6.15.1
[0.178s] -- Searching for dependencies of ignition-math6
[0.180s] -- Looking for OGRE...
[0.191s] -- Found Ogre Ghadamon (1.9.0)
[0.192s] -- Found OGRE: optimized;/usr/lib/x86_64-linux-gnu/libOgreMain.so;debug;/usr/lib/x86_64-linux-gnu/libOgreMain.so
[0.212s] -- Looking for OGRE_Paging...
[0.213s] -- Found OGRE_Paging: optimized;/usr/lib/x86_64-linux-gnu/libOgrePaging.so;debug;/usr/lib/x86_64-linux-gnu/libOgrePaging.so
[0.214s] -- Looking for OGRE_Terrain...
[0.214s] -- Found OGRE_Terrain: optimized;/usr/lib/x86_64-linux-gnu/libOgreTerrain.so;debug;/usr/lib/x86_64-linux-gnu/libOgreTerrain.so
[0.214s] -- Looking for OGRE_Property...
[0.214s] -- Found OGRE_Property: optimized;/usr/lib/x86_64-linux-gnu/libOgreProperty.so;debug;/usr/lib/x86_64-linux-gnu/libOgreProperty.so
[0.214s] -- Looking for OGRE_RTShaderSystem...
[0.215s] -- Found OGRE_RTShaderSystem: optimized;/usr/lib/x86_64-linux-gnu/libOgreRTShaderSystem.so;debug;/usr/lib/x86_64-linux-gnu/libOgreRTShaderSystem.so
[0.215s] -- Looking for OGRE_Volume...
[0.215s] -- Found OGRE_Volume: optimized;/usr/lib/x86_64-linux-gnu/libOgreVolume.so;debug;/usr/lib/x86_64-linux-gnu/libOgreVolume.so
[0.215s] -- Looking for OGRE_Overlay...
[0.215s] -- Found OGRE_Overlay: optimized;/usr/lib/x86_64-linux-gnu/libOgreOverlay.so;debug;/usr/lib/x86_64-linux-gnu/libOgreOverlay.so
[0.524s] -- Looking for ignition-math6 -- found version 6.15.1
[0.525s] -- Looking for ignition-transport8 -- found version 8.2.1
[0.526s] -- Searching for dependencies of ignition-transport8
[0.555s] -- Found Protobuf: /usr/lib/x86_64-linux-gnu/libprotobuf.so (found suitable version "3.12.4", minimum required is "3") 
[0.571s] -- Config-file not installed for ZeroMQ -- checking for pkg-config
[0.581s] -- Checking for module 'libzmq >= 4'
[0.610s] --   Found libzmq , version 4.3.4
[0.696s] -- Checking for module 'uuid'
[0.725s] --   Found uuid, version 2.37.2
[0.791s] -- Looking for ignition-msgs5 -- found version 5.8.1
[0.793s] -- Searching for dependencies of ignition-msgs5
[0.824s] -- Looking for ignition-math6 -- found version 6.15.1
[0.834s] -- Checking for module 'tinyxml2'
[0.861s] --   Found tinyxml2, version 9.0.0
[0.932s] -- Looking for ignition-msgs5 -- found version 5.8.1
[0.933s] -- Looking for ignition-common3 -- found version 3.14.0
[0.934s] -- Searching for dependencies of ignition-common3
[0.934s] -- Looking for dlfcn.h - found
[0.934s] -- Looking for libdl - found
[0.955s] -- Searching for <ignition-common3> component [graphics]
[0.956s] -- Looking for ignition-common3-graphics -- found version 3.14.0
[0.956s] -- Searching for dependencies of ignition-common3-graphics
[0.957s] -- Looking for ignition-math6 -- found version 6.15.1
[0.959s] -- Looking for ignition-fuel_tools4 -- found version 4.4.0
[0.960s] -- Searching for dependencies of ignition-fuel_tools4
[1.029s] -- Checking for module 'jsoncpp'
[1.056s] --   Found jsoncpp, version 1.9.5
[1.140s] -- Checking for module 'libzip'
[1.166s] --   Found libzip, version 1.7.3
[1.241s] -- Looking for ignition-common3 -- found version 3.14.0
[1.242s] -- Looking for ignition-math6 -- found version 6.15.1
[1.243s] -- Looking for ignition-msgs5 -- found version 5.8.1
[1.245s] -- Found gazebo_ros: 3.7.0 (/opt/ros/humble/share/gazebo_ros/cmake)
[1.512s] -- Found rosidl_generator_c: 3.1.5 (/opt/ros/humble/share/rosidl_generator_c/cmake)
[1.518s] -- Found rosidl_adapter: 3.1.5 (/opt/ros/humble/share/rosidl_adapter/cmake)
[1.530s] -- Found rosidl_generator_cpp: 3.1.5 (/opt/ros/humble/share/rosidl_generator_cpp/cmake)
[1.550s] -- Using all available rosidl_typesupport_c: rosidl_typesupport_fastrtps_c;rosidl_typesupport_introspection_c
[1.577s] -- Using all available rosidl_typesupport_cpp: rosidl_typesupport_fastrtps_cpp;rosidl_typesupport_introspection_cpp
[1.641s] -- Found rmw_implementation_cmake: 6.1.2 (/opt/ros/humble/share/rmw_implementation_cmake/cmake)
[1.646s] -- Found rmw_cyclonedds_cpp: 1.3.4 (/opt/ros/humble/share/rmw_cyclonedds_cpp/cmake)
[1.683s] -- Using RMW implementation 'rmw_cyclonedds_cpp' as default
[1.813s] -- Gazebo version: 11.10
[1.817s] -- Found gazebo_ros_pkgs: 3.9.0 (/opt/ros/humble/share/gazebo_ros_pkgs/cmake)
[1.818s] -- Found sensor_msgs: 4.2.4 (/opt/ros/humble/share/sensor_msgs/cmake)
[1.896s] -- Found nav_msgs: 4.2.4 (/opt/ros/humble/share/nav_msgs/cmake)
[1.940s] -- Found ackermann_msgs: 2.0.2 (/home/ros2/ros2_ws/install/ackermann_msgs/share/ackermann_msgs/cmake)
[1.981s] -- Found tf2: 0.25.7 (/opt/ros/humble/share/tf2/cmake)
[1.990s] -- Found tf2_ros: 0.25.7 (/opt/ros/humble/share/tf2_ros/cmake)
[2.228s] [31mCMake Error at CMakeLists.txt:24 (find_package):
[2.228s]   By not providing "Findsmartcar_msgs.cmake" in CMAKE_MODULE_PATH this
[2.228s]   project has asked CMake to find a package configuration file provided by
[2.228s]   "smartcar_msgs", but CMake did not find one.
[2.228s] 
[2.228s]   Could not find a package configuration file provided by "smartcar_msgs"
[2.229s]   with any of the following names:
[2.229s] 
[2.229s]     smartcar_msgsConfig.cmake
[2.229s]     smartcar_msgs-config.cmake
[2.229s] 
[2.229s]   Add the installation prefix of "smartcar_msgs" to CMAKE_PREFIX_PATH or set
[2.230s]   "smartcar_msgs_DIR" to a directory containing one of the above files.  If
[2.230s]   "smartcar_msgs" provides a separate development package or SDK, be sure it
[2.230s]   has been installed.
[2.230s] 
[2.230s] [0m
[2.230s] -- Configuring incomplete, errors occurred!
[2.230s] See also "/home/ros2/ros2_ws/build/car_gazebo_plugin/CMakeFiles/CMakeOutput.log".
[2.250s] Invoked command in '/home/ros2/ros2_ws/build/car_gazebo_plugin' returned '1': AMENT_PREFIX_PATH=/home/ros2/ros2_ws/install/ackermann_msgs:${AMENT_PREFIX_PATH} CMAKE_PREFIX_PATH=/home/ros2/ros2_ws/install/ackermann_msgs:/opt/ros/humble LD_LIBRARY_PATH=/home/ros2/ros2_ws/install/ackermann_msgs/lib:/usr/lib/x86_64-linux-gnu/gazebo-11/plugins:/opt/ros/humble/opt/rviz_ogre_vendor/lib:/opt/ros/humble/lib/x86_64-linux-gnu:/opt/ros/humble/lib:/usr/lib/x86_64-linux-gnu/gazebo-11/plugins PYTHONPATH=/home/ros2/ros2_ws/install/ackermann_msgs/local/lib/python3.10/dist-packages:${PYTHONPATH} /usr/bin/cmake /home/ros2/ros2_ws/src/car_gazebo_plugin -DCMAKE_INSTALL_PREFIX=/home/ros2/ros2_ws/install/car_gazebo_plugin
