[0.043s] Invoking command in '/home/ros2/ros2_ws/build/smartcar_msgs': CMAKE_PREFIX_PATH=${CMAKE_PREFIX_PATH}:/opt/ros/humble /usr/bin/cmake --build /home/ros2/ros2_ws/build/smartcar_msgs -- -j8 -l8
[0.199s] [  3%] Built target smartcar_msgs__cpp
[0.211s] [ 12%] Built target smartcar_msgs__rosidl_generator_c
[0.247s] [ 12%] Built target ament_cmake_python_copy_smartcar_msgs
[0.334s] [ 22%] Built target smartcar_msgs__rosidl_typesupport_introspection_cpp
[0.335s] [ 32%] Built target smartcar_msgs__rosidl_typesupport_fastrtps_cpp
[0.346s] [ 41%] Built target smartcar_msgs__rosidl_typesupport_cpp
[0.350s] [ 51%] Built target smartcar_msgs__rosidl_typesupport_fastrtps_c
[0.371s] [ 61%] Built target smartcar_msgs__rosidl_typesupport_c
[0.389s] [ 70%] Built target smartcar_msgs__rosidl_typesupport_introspection_c
[0.467s] [ 70%] Built target smartcar_msgs
[0.538s] [ 74%] Built target smartcar_msgs__py
[0.626s] [ 80%] Built target smartcar_msgs__rosidl_generator_py
[0.690s] [ 87%] Built target smartcar_msgs__rosidl_typesupport_fastrtps_c__pyext
[0.707s] [ 93%] Built target smartcar_msgs__rosidl_typesupport_introspection_c__pyext
[0.712s] [100%] Built target smartcar_msgs__rosidl_typesupport_c__pyext
[1.009s] running egg_info
[1.011s] writing smartcar_msgs.egg-info/PKG-INFO
[1.011s] writing dependency_links to smartcar_msgs.egg-info/dependency_links.txt
[1.012s] writing top-level names to smartcar_msgs.egg-info/top_level.txt
[1.018s] reading manifest file 'smartcar_msgs.egg-info/SOURCES.txt'
[1.019s] writing manifest file 'smartcar_msgs.egg-info/SOURCES.txt'
[1.077s] [100%] Built target ament_cmake_python_build_smartcar_msgs_egg
[1.103s] Invoked command in '/home/ros2/ros2_ws/build/smartcar_msgs' returned '0': CMAKE_PREFIX_PATH=${CMAKE_PREFIX_PATH}:/opt/ros/humble /usr/bin/cmake --build /home/ros2/ros2_ws/build/smartcar_msgs -- -j8 -l8
[1.374s] Invoking command in '/home/ros2/ros2_ws/build/smartcar_msgs': CMAKE_PREFIX_PATH=${CMAKE_PREFIX_PATH}:/opt/ros/humble /usr/bin/cmake --install /home/ros2/ros2_ws/build/smartcar_msgs
[1.395s] -- Install configuration: ""
[1.396s] -- Up-to-date: /home/ros2/ros2_ws/install/smartcar_msgs/share/ament_index/resource_index/rosidl_interfaces/smartcar_msgs
[1.396s] -- Up-to-date: /home/ros2/ros2_ws/install/smartcar_msgs/include/smartcar_msgs/smartcar_msgs
[1.396s] -- Up-to-date: /home/ros2/ros2_ws/install/smartcar_msgs/include/smartcar_msgs/smartcar_msgs/msg
[1.396s] -- Up-to-date: /home/ros2/ros2_ws/install/smartcar_msgs/include/smartcar_msgs/smartcar_msgs/msg/status.h
[1.397s] -- Up-to-date: /home/ros2/ros2_ws/install/smartcar_msgs/include/smartcar_msgs/smartcar_msgs/msg/rosidl_generator_c__visibility_control.h
[1.397s] -- Up-to-date: /home/ros2/ros2_ws/install/smartcar_msgs/include/smartcar_msgs/smartcar_msgs/msg/detail
[1.397s] -- Up-to-date: /home/ros2/ros2_ws/install/smartcar_msgs/include/smartcar_msgs/smartcar_msgs/msg/detail/status__type_support.h
[1.397s] -- Up-to-date: /home/ros2/ros2_ws/install/smartcar_msgs/include/smartcar_msgs/smartcar_msgs/msg/detail/status__functions.h
[1.397s] -- Up-to-date: /home/ros2/ros2_ws/install/smartcar_msgs/include/smartcar_msgs/smartcar_msgs/msg/detail/status__struct.h
[1.397s] -- Up-to-date: /home/ros2/ros2_ws/install/smartcar_msgs/include/smartcar_msgs/smartcar_msgs/msg/detail/status__functions.c
[1.398s] -- Up-to-date: /home/ros2/ros2_ws/install/smartcar_msgs/share/smartcar_msgs/environment/library_path.sh
[1.398s] -- Up-to-date: /home/ros2/ros2_ws/install/smartcar_msgs/share/smartcar_msgs/environment/library_path.dsv
[1.398s] -- Up-to-date: /home/ros2/ros2_ws/install/smartcar_msgs/lib/libsmartcar_msgs__rosidl_generator_c.so
[1.398s] -- Up-to-date: /home/ros2/ros2_ws/install/smartcar_msgs/include/smartcar_msgs/smartcar_msgs
[1.398s] -- Up-to-date: /home/ros2/ros2_ws/install/smartcar_msgs/include/smartcar_msgs/smartcar_msgs/msg
[1.398s] -- Up-to-date: /home/ros2/ros2_ws/install/smartcar_msgs/include/smartcar_msgs/smartcar_msgs/msg/rosidl_typesupport_fastrtps_c__visibility_control.h
[1.398s] -- Up-to-date: /home/ros2/ros2_ws/install/smartcar_msgs/include/smartcar_msgs/smartcar_msgs/msg/detail
[1.398s] -- Up-to-date: /home/ros2/ros2_ws/install/smartcar_msgs/include/smartcar_msgs/smartcar_msgs/msg/detail/status__rosidl_typesupport_fastrtps_c.h
[1.400s] -- Up-to-date: /home/ros2/ros2_ws/install/smartcar_msgs/lib/libsmartcar_msgs__rosidl_typesupport_fastrtps_c.so
[1.400s] -- Up-to-date: /home/ros2/ros2_ws/install/smartcar_msgs/include/smartcar_msgs/smartcar_msgs
[1.400s] -- Up-to-date: /home/ros2/ros2_ws/install/smartcar_msgs/include/smartcar_msgs/smartcar_msgs/msg
[1.400s] -- Up-to-date: /home/ros2/ros2_ws/install/smartcar_msgs/include/smartcar_msgs/smartcar_msgs/msg/detail
[1.401s] -- Up-to-date: /home/ros2/ros2_ws/install/smartcar_msgs/include/smartcar_msgs/smartcar_msgs/msg/detail/status__type_support.c
[1.401s] -- Up-to-date: /home/ros2/ros2_ws/install/smartcar_msgs/include/smartcar_msgs/smartcar_msgs/msg/detail/status__rosidl_typesupport_introspection_c.h
[1.401s] -- Up-to-date: /home/ros2/ros2_ws/install/smartcar_msgs/include/smartcar_msgs/smartcar_msgs/msg/rosidl_typesupport_introspection_c__visibility_control.h
[1.402s] -- Up-to-date: /home/ros2/ros2_ws/install/smartcar_msgs/lib/libsmartcar_msgs__rosidl_typesupport_introspection_c.so
[1.402s] -- Up-to-date: /home/ros2/ros2_ws/install/smartcar_msgs/lib/libsmartcar_msgs__rosidl_typesupport_c.so
[1.402s] -- Up-to-date: /home/ros2/ros2_ws/install/smartcar_msgs/include/smartcar_msgs/smartcar_msgs
[1.402s] -- Up-to-date: /home/ros2/ros2_ws/install/smartcar_msgs/include/smartcar_msgs/smartcar_msgs/msg
[1.402s] -- Up-to-date: /home/ros2/ros2_ws/install/smartcar_msgs/include/smartcar_msgs/smartcar_msgs/msg/detail
[1.402s] -- Up-to-date: /home/ros2/ros2_ws/install/smartcar_msgs/include/smartcar_msgs/smartcar_msgs/msg/detail/status__traits.hpp
[1.403s] -- Up-to-date: /home/ros2/ros2_ws/install/smartcar_msgs/include/smartcar_msgs/smartcar_msgs/msg/detail/status__struct.hpp
[1.403s] -- Up-to-date: /home/ros2/ros2_ws/install/smartcar_msgs/include/smartcar_msgs/smartcar_msgs/msg/detail/status__builder.hpp
[1.403s] -- Up-to-date: /home/ros2/ros2_ws/install/smartcar_msgs/include/smartcar_msgs/smartcar_msgs/msg/status.hpp
[1.403s] -- Up-to-date: /home/ros2/ros2_ws/install/smartcar_msgs/include/smartcar_msgs/smartcar_msgs
[1.403s] -- Up-to-date: /home/ros2/ros2_ws/install/smartcar_msgs/include/smartcar_msgs/smartcar_msgs/msg
[1.403s] -- Up-to-date: /home/ros2/ros2_ws/install/smartcar_msgs/include/smartcar_msgs/smartcar_msgs/msg/rosidl_typesupport_fastrtps_cpp__visibility_control.h
[1.403s] -- Up-to-date: /home/ros2/ros2_ws/install/smartcar_msgs/include/smartcar_msgs/smartcar_msgs/msg/detail
[1.403s] -- Up-to-date: /home/ros2/ros2_ws/install/smartcar_msgs/include/smartcar_msgs/smartcar_msgs/msg/detail/status__rosidl_typesupport_fastrtps_cpp.hpp
[1.404s] -- Up-to-date: /home/ros2/ros2_ws/install/smartcar_msgs/include/smartcar_msgs/smartcar_msgs/msg/detail/dds_fastrtps
[1.404s] -- Up-to-date: /home/ros2/ros2_ws/install/smartcar_msgs/lib/libsmartcar_msgs__rosidl_typesupport_fastrtps_cpp.so
[1.404s] -- Up-to-date: /home/ros2/ros2_ws/install/smartcar_msgs/include/smartcar_msgs/smartcar_msgs
[1.404s] -- Up-to-date: /home/ros2/ros2_ws/install/smartcar_msgs/include/smartcar_msgs/smartcar_msgs/msg
[1.404s] -- Up-to-date: /home/ros2/ros2_ws/install/smartcar_msgs/include/smartcar_msgs/smartcar_msgs/msg/detail
[1.404s] -- Up-to-date: /home/ros2/ros2_ws/install/smartcar_msgs/include/smartcar_msgs/smartcar_msgs/msg/detail/status__type_support.cpp
[1.405s] -- Up-to-date: /home/ros2/ros2_ws/install/smartcar_msgs/include/smartcar_msgs/smartcar_msgs/msg/detail/status__rosidl_typesupport_introspection_cpp.hpp
[1.405s] -- Up-to-date: /home/ros2/ros2_ws/install/smartcar_msgs/lib/libsmartcar_msgs__rosidl_typesupport_introspection_cpp.so
[1.405s] -- Up-to-date: /home/ros2/ros2_ws/install/smartcar_msgs/lib/libsmartcar_msgs__rosidl_typesupport_cpp.so
[1.406s] -- Up-to-date: /home/ros2/ros2_ws/install/smartcar_msgs/share/smartcar_msgs/environment/pythonpath.sh
[1.406s] -- Up-to-date: /home/ros2/ros2_ws/install/smartcar_msgs/share/smartcar_msgs/environment/pythonpath.dsv
[1.406s] -- Up-to-date: /home/ros2/ros2_ws/install/smartcar_msgs/local/lib/python3.10/dist-packages/smartcar_msgs-0.0.0-py3.10.egg-info
[1.406s] -- Installing: /home/ros2/ros2_ws/install/smartcar_msgs/local/lib/python3.10/dist-packages/smartcar_msgs-0.0.0-py3.10.egg-info/SOURCES.txt
[1.406s] -- Installing: /home/ros2/ros2_ws/install/smartcar_msgs/local/lib/python3.10/dist-packages/smartcar_msgs-0.0.0-py3.10.egg-info/PKG-INFO
[1.407s] -- Installing: /home/ros2/ros2_ws/install/smartcar_msgs/local/lib/python3.10/dist-packages/smartcar_msgs-0.0.0-py3.10.egg-info/top_level.txt
[1.408s] -- Installing: /home/ros2/ros2_ws/install/smartcar_msgs/local/lib/python3.10/dist-packages/smartcar_msgs-0.0.0-py3.10.egg-info/dependency_links.txt
[1.408s] -- Up-to-date: /home/ros2/ros2_ws/install/smartcar_msgs/local/lib/python3.10/dist-packages/smartcar_msgs
[1.408s] -- Up-to-date: /home/ros2/ros2_ws/install/smartcar_msgs/local/lib/python3.10/dist-packages/smartcar_msgs/__init__.py
[1.408s] -- Up-to-date: /home/ros2/ros2_ws/install/smartcar_msgs/local/lib/python3.10/dist-packages/smartcar_msgs/libsmartcar_msgs__rosidl_generator_py.so
[1.408s] -- Up-to-date: /home/ros2/ros2_ws/install/smartcar_msgs/local/lib/python3.10/dist-packages/smartcar_msgs/smartcar_msgs_s__rosidl_typesupport_introspection_c.cpython-310-x86_64-linux-gnu.so
[1.408s] -- Up-to-date: /home/ros2/ros2_ws/install/smartcar_msgs/local/lib/python3.10/dist-packages/smartcar_msgs/_smartcar_msgs_s.ep.rosidl_typesupport_c.c
[1.408s] -- Up-to-date: /home/ros2/ros2_ws/install/smartcar_msgs/local/lib/python3.10/dist-packages/smartcar_msgs/_smartcar_msgs_s.ep.rosidl_typesupport_fastrtps_c.c
[1.408s] -- Up-to-date: /home/ros2/ros2_ws/install/smartcar_msgs/local/lib/python3.10/dist-packages/smartcar_msgs/smartcar_msgs_s__rosidl_typesupport_fastrtps_c.cpython-310-x86_64-linux-gnu.so
[1.409s] -- Up-to-date: /home/ros2/ros2_ws/install/smartcar_msgs/local/lib/python3.10/dist-packages/smartcar_msgs/smartcar_msgs_s__rosidl_typesupport_c.cpython-310-x86_64-linux-gnu.so
[1.409s] -- Up-to-date: /home/ros2/ros2_ws/install/smartcar_msgs/local/lib/python3.10/dist-packages/smartcar_msgs/_smartcar_msgs_s.ep.rosidl_typesupport_introspection_c.c
[1.409s] -- Up-to-date: /home/ros2/ros2_ws/install/smartcar_msgs/local/lib/python3.10/dist-packages/smartcar_msgs/msg
[1.409s] -- Up-to-date: /home/ros2/ros2_ws/install/smartcar_msgs/local/lib/python3.10/dist-packages/smartcar_msgs/msg/__init__.py
[1.409s] -- Up-to-date: /home/ros2/ros2_ws/install/smartcar_msgs/local/lib/python3.10/dist-packages/smartcar_msgs/msg/_status_s.c
[1.409s] -- Up-to-date: /home/ros2/ros2_ws/install/smartcar_msgs/local/lib/python3.10/dist-packages/smartcar_msgs/msg/_status.py
[1.472s] Listing '/home/ros2/ros2_ws/install/smartcar_msgs/local/lib/python3.10/dist-packages/smartcar_msgs'...
[1.472s] Listing '/home/ros2/ros2_ws/install/smartcar_msgs/local/lib/python3.10/dist-packages/smartcar_msgs/msg'...
[1.482s] -- Up-to-date: /home/ros2/ros2_ws/install/smartcar_msgs/local/lib/python3.10/dist-packages/smartcar_msgs/smartcar_msgs_s__rosidl_typesupport_fastrtps_c.cpython-310-x86_64-linux-gnu.so
[1.483s] -- Up-to-date: /home/ros2/ros2_ws/install/smartcar_msgs/local/lib/python3.10/dist-packages/smartcar_msgs/smartcar_msgs_s__rosidl_typesupport_introspection_c.cpython-310-x86_64-linux-gnu.so
[1.483s] -- Up-to-date: /home/ros2/ros2_ws/install/smartcar_msgs/local/lib/python3.10/dist-packages/smartcar_msgs/smartcar_msgs_s__rosidl_typesupport_c.cpython-310-x86_64-linux-gnu.so
[1.484s] -- Up-to-date: /home/ros2/ros2_ws/install/smartcar_msgs/lib/libsmartcar_msgs__rosidl_generator_py.so
[1.484s] -- Up-to-date: /home/ros2/ros2_ws/install/smartcar_msgs/share/smartcar_msgs/msg/Status.idl
[1.484s] -- Up-to-date: /home/ros2/ros2_ws/install/smartcar_msgs/share/smartcar_msgs/msg/Status.msg
[1.484s] -- Up-to-date: /home/ros2/ros2_ws/install/smartcar_msgs/share/ament_index/resource_index/package_run_dependencies/smartcar_msgs
[1.485s] -- Up-to-date: /home/ros2/ros2_ws/install/smartcar_msgs/share/ament_index/resource_index/parent_prefix_path/smartcar_msgs
[1.485s] -- Up-to-date: /home/ros2/ros2_ws/install/smartcar_msgs/share/smartcar_msgs/environment/ament_prefix_path.sh
[1.485s] -- Up-to-date: /home/ros2/ros2_ws/install/smartcar_msgs/share/smartcar_msgs/environment/ament_prefix_path.dsv
[1.485s] -- Up-to-date: /home/ros2/ros2_ws/install/smartcar_msgs/share/smartcar_msgs/environment/path.sh
[1.485s] -- Up-to-date: /home/ros2/ros2_ws/install/smartcar_msgs/share/smartcar_msgs/environment/path.dsv
[1.486s] -- Up-to-date: /home/ros2/ros2_ws/install/smartcar_msgs/share/smartcar_msgs/local_setup.bash
[1.487s] -- Up-to-date: /home/ros2/ros2_ws/install/smartcar_msgs/share/smartcar_msgs/local_setup.sh
[1.488s] -- Up-to-date: /home/ros2/ros2_ws/install/smartcar_msgs/share/smartcar_msgs/local_setup.zsh
[1.489s] -- Up-to-date: /home/ros2/ros2_ws/install/smartcar_msgs/share/smartcar_msgs/local_setup.dsv
[1.489s] -- Installing: /home/ros2/ros2_ws/install/smartcar_msgs/share/smartcar_msgs/package.dsv
[1.490s] -- Up-to-date: /home/ros2/ros2_ws/install/smartcar_msgs/share/ament_index/resource_index/packages/smartcar_msgs
[1.490s] -- Up-to-date: /home/ros2/ros2_ws/install/smartcar_msgs/share/smartcar_msgs/cmake/export_smartcar_msgs__rosidl_generator_cExport.cmake
[1.490s] -- Up-to-date: /home/ros2/ros2_ws/install/smartcar_msgs/share/smartcar_msgs/cmake/export_smartcar_msgs__rosidl_generator_cExport-noconfig.cmake
[1.490s] -- Up-to-date: /home/ros2/ros2_ws/install/smartcar_msgs/share/smartcar_msgs/cmake/export_smartcar_msgs__rosidl_typesupport_fastrtps_cExport.cmake
[1.490s] -- Up-to-date: /home/ros2/ros2_ws/install/smartcar_msgs/share/smartcar_msgs/cmake/export_smartcar_msgs__rosidl_typesupport_fastrtps_cExport-noconfig.cmake
[1.490s] -- Up-to-date: /home/ros2/ros2_ws/install/smartcar_msgs/share/smartcar_msgs/cmake/smartcar_msgs__rosidl_typesupport_introspection_cExport.cmake
[1.490s] -- Up-to-date: /home/ros2/ros2_ws/install/smartcar_msgs/share/smartcar_msgs/cmake/smartcar_msgs__rosidl_typesupport_introspection_cExport-noconfig.cmake
[1.490s] -- Up-to-date: /home/ros2/ros2_ws/install/smartcar_msgs/share/smartcar_msgs/cmake/smartcar_msgs__rosidl_typesupport_cExport.cmake
[1.490s] -- Up-to-date: /home/ros2/ros2_ws/install/smartcar_msgs/share/smartcar_msgs/cmake/smartcar_msgs__rosidl_typesupport_cExport-noconfig.cmake
[1.490s] -- Up-to-date: /home/ros2/ros2_ws/install/smartcar_msgs/share/smartcar_msgs/cmake/export_smartcar_msgs__rosidl_generator_cppExport.cmake
[1.492s] -- Up-to-date: /home/ros2/ros2_ws/install/smartcar_msgs/share/smartcar_msgs/cmake/export_smartcar_msgs__rosidl_typesupport_fastrtps_cppExport.cmake
[1.493s] -- Up-to-date: /home/ros2/ros2_ws/install/smartcar_msgs/share/smartcar_msgs/cmake/export_smartcar_msgs__rosidl_typesupport_fastrtps_cppExport-noconfig.cmake
[1.496s] -- Up-to-date: /home/ros2/ros2_ws/install/smartcar_msgs/share/smartcar_msgs/cmake/smartcar_msgs__rosidl_typesupport_introspection_cppExport.cmake
[1.497s] -- Up-to-date: /home/ros2/ros2_ws/install/smartcar_msgs/share/smartcar_msgs/cmake/smartcar_msgs__rosidl_typesupport_introspection_cppExport-noconfig.cmake
[1.498s] -- Up-to-date: /home/ros2/ros2_ws/install/smartcar_msgs/share/smartcar_msgs/cmake/smartcar_msgs__rosidl_typesupport_cppExport.cmake
[1.498s] -- Up-to-date: /home/ros2/ros2_ws/install/smartcar_msgs/share/smartcar_msgs/cmake/smartcar_msgs__rosidl_typesupport_cppExport-noconfig.cmake
[1.498s] -- Up-to-date: /home/ros2/ros2_ws/install/smartcar_msgs/share/smartcar_msgs/cmake/export_smartcar_msgs__rosidl_generator_pyExport.cmake
[1.498s] -- Up-to-date: /home/ros2/ros2_ws/install/smartcar_msgs/share/smartcar_msgs/cmake/export_smartcar_msgs__rosidl_generator_pyExport-noconfig.cmake
[1.499s] -- Up-to-date: /home/ros2/ros2_ws/install/smartcar_msgs/share/smartcar_msgs/cmake/rosidl_cmake-extras.cmake
[1.499s] -- Up-to-date: /home/ros2/ros2_ws/install/smartcar_msgs/share/smartcar_msgs/cmake/ament_cmake_export_include_directories-extras.cmake
[1.500s] -- Up-to-date: /home/ros2/ros2_ws/install/smartcar_msgs/share/smartcar_msgs/cmake/ament_cmake_export_libraries-extras.cmake
[1.501s] -- Up-to-date: /home/ros2/ros2_ws/install/smartcar_msgs/share/smartcar_msgs/cmake/ament_cmake_export_targets-extras.cmake
[1.501s] -- Up-to-date: /home/ros2/ros2_ws/install/smartcar_msgs/share/smartcar_msgs/cmake/rosidl_cmake_export_typesupport_targets-extras.cmake
[1.501s] -- Up-to-date: /home/ros2/ros2_ws/install/smartcar_msgs/share/smartcar_msgs/cmake/ament_cmake_export_dependencies-extras.cmake
[1.501s] -- Up-to-date: /home/ros2/ros2_ws/install/smartcar_msgs/share/smartcar_msgs/cmake/rosidl_cmake_export_typesupport_libraries-extras.cmake
[1.502s] -- Up-to-date: /home/ros2/ros2_ws/install/smartcar_msgs/share/smartcar_msgs/cmake/smartcar_msgsConfig.cmake
[1.502s] -- Up-to-date: /home/ros2/ros2_ws/install/smartcar_msgs/share/smartcar_msgs/cmake/smartcar_msgsConfig-version.cmake
[1.502s] -- Up-to-date: /home/ros2/ros2_ws/install/smartcar_msgs/share/smartcar_msgs/package.xml
[1.503s] Invoked command in '/home/ros2/ros2_ws/build/smartcar_msgs' returned '0': CMAKE_PREFIX_PATH=${CMAKE_PREFIX_PATH}:/opt/ros/humble /usr/bin/cmake --install /home/ros2/ros2_ws/build/smartcar_msgs
