[0.039s] Invoking command in '/home/ros2/ros2_ws/build/car_gazebo_plugin': AMENT_PREFIX_PATH=/home/ros2/ros2_ws/install/smartcar_msgs:/home/ros2/ros2_ws/install/ackermann_msgs:${AMENT_PREFIX_PATH} CMAKE_PREFIX_PATH=/home/ros2/ros2_ws/install/smartcar_msgs:/home/ros2/ros2_ws/install/ackermann_msgs:/opt/ros/humble LD_LIBRARY_PATH=/home/ros2/ros2_ws/install/smartcar_msgs/lib:/home/ros2/ros2_ws/install/ackermann_msgs/lib:/usr/lib/x86_64-linux-gnu/gazebo-11/plugins:/opt/ros/humble/opt/rviz_ogre_vendor/lib:/opt/ros/humble/lib/x86_64-linux-gnu:/opt/ros/humble/lib:/usr/lib/x86_64-linux-gnu/gazebo-11/plugins PYTHONPATH=/home/ros2/ros2_ws/install/smartcar_msgs/local/lib/python3.10/dist-packages:/home/ros2/ros2_ws/install/ackermann_msgs/local/lib/python3.10/dist-packages:${PYTHONPATH} /usr/bin/cmake /home/ros2/ros2_ws/src/car_gazebo_plugin -DCMAKE_INSTALL_PREFIX=/home/ros2/ros2_ws/install/car_gazebo_plugin
[0.072s] [33mCMake Warning (dev) at /usr/share/cmake-3.22/Modules/FindPackageHandleStandardArgs.cmake:438 (message):
[0.072s]   The package name passed to `find_package_handle_standard_args` (PkgConfig)
[0.073s]   does not match the name of the calling package (gazebo).  This can lead to
[0.073s]   problems in calling code that expects `find_package` result variables
[0.073s]   (e.g., `_FOUND`) to follow a certain pattern.
[0.073s] Call Stack (most recent call first):
[0.073s]   /usr/share/cmake-3.22/Modules/FindPkgConfig.cmake:99 (find_package_handle_standard_args)
[0.073s]   /usr/lib/x86_64-linux-gnu/cmake/gazebo/gazebo-config.cmake:72 (include)
[0.073s]   CMakeLists.txt:14 (find_package)
[0.073s] This warning is for project developers.  Use -Wno-dev to suppress it.
[0.073s] [0m
[0.117s] -- Found DART: /usr/include (Required is at least version "6.6") found components: dart 
[0.182s] -- Found Protobuf: /usr/lib/x86_64-linux-gnu/libprotobuf.so (found version "3.12.4") 
[0.182s] -- Looking for ignition-math6 -- found version 6.15.1
[0.186s] -- Searching for dependencies of ignition-math6
[0.189s] -- Looking for OGRE...
[0.201s] -- Found Ogre Ghadamon (1.9.0)
[0.201s] -- Found OGRE: optimized;/usr/lib/x86_64-linux-gnu/libOgreMain.so;debug;/usr/lib/x86_64-linux-gnu/libOgreMain.so
[0.221s] -- Looking for OGRE_Paging...
[0.221s] -- Found OGRE_Paging: optimized;/usr/lib/x86_64-linux-gnu/libOgrePaging.so;debug;/usr/lib/x86_64-linux-gnu/libOgrePaging.so
[0.221s] -- Looking for OGRE_Terrain...
[0.221s] -- Found OGRE_Terrain: optimized;/usr/lib/x86_64-linux-gnu/libOgreTerrain.so;debug;/usr/lib/x86_64-linux-gnu/libOgreTerrain.so
[0.221s] -- Looking for OGRE_Property...
[0.221s] -- Found OGRE_Property: optimized;/usr/lib/x86_64-linux-gnu/libOgreProperty.so;debug;/usr/lib/x86_64-linux-gnu/libOgreProperty.so
[0.222s] -- Looking for OGRE_RTShaderSystem...
[0.222s] -- Found OGRE_RTShaderSystem: optimized;/usr/lib/x86_64-linux-gnu/libOgreRTShaderSystem.so;debug;/usr/lib/x86_64-linux-gnu/libOgreRTShaderSystem.so
[0.222s] -- Looking for OGRE_Volume...
[0.222s] -- Found OGRE_Volume: optimized;/usr/lib/x86_64-linux-gnu/libOgreVolume.so;debug;/usr/lib/x86_64-linux-gnu/libOgreVolume.so
[0.222s] -- Looking for OGRE_Overlay...
[0.222s] -- Found OGRE_Overlay: optimized;/usr/lib/x86_64-linux-gnu/libOgreOverlay.so;debug;/usr/lib/x86_64-linux-gnu/libOgreOverlay.so
[0.497s] -- Looking for ignition-math6 -- found version 6.15.1
[0.497s] -- Looking for ignition-transport8 -- found version 8.2.1
[0.499s] -- Searching for dependencies of ignition-transport8
[0.526s] -- Found Protobuf: /usr/lib/x86_64-linux-gnu/libprotobuf.so (found suitable version "3.12.4", minimum required is "3") 
[0.539s] -- Config-file not installed for ZeroMQ -- checking for pkg-config
[0.548s] -- Checking for module 'libzmq >= 4'
[0.578s] --   Found libzmq , version 4.3.4
[0.663s] -- Checking for module 'uuid'
[0.691s] --   Found uuid, version 2.37.2
[0.756s] -- Looking for ignition-msgs5 -- found version 5.8.1
[0.757s] -- Searching for dependencies of ignition-msgs5
[0.788s] -- Looking for ignition-math6 -- found version 6.15.1
[0.797s] -- Checking for module 'tinyxml2'
[0.823s] --   Found tinyxml2, version 9.0.0
[0.894s] -- Looking for ignition-msgs5 -- found version 5.8.1
[0.895s] -- Looking for ignition-common3 -- found version 3.14.0
[0.896s] -- Searching for dependencies of ignition-common3
[0.896s] -- Looking for dlfcn.h - found
[0.896s] -- Looking for libdl - found
[0.917s] -- Searching for <ignition-common3> component [graphics]
[0.918s] -- Looking for ignition-common3-graphics -- found version 3.14.0
[0.919s] -- Searching for dependencies of ignition-common3-graphics
[0.919s] -- Looking for ignition-math6 -- found version 6.15.1
[0.921s] -- Looking for ignition-fuel_tools4 -- found version 4.4.0
[0.922s] -- Searching for dependencies of ignition-fuel_tools4
[0.989s] -- Checking for module 'jsoncpp'
[1.019s] --   Found jsoncpp, version 1.9.5
[1.104s] -- Checking for module 'libzip'
[1.130s] --   Found libzip, version 1.7.3
[1.206s] -- Looking for ignition-common3 -- found version 3.14.0
[1.207s] -- Looking for ignition-math6 -- found version 6.15.1
[1.207s] -- Looking for ignition-msgs5 -- found version 5.8.1
[1.210s] -- Found gazebo_ros: 3.7.0 (/opt/ros/humble/share/gazebo_ros/cmake)
[1.515s] -- Found rosidl_generator_c: 3.1.5 (/opt/ros/humble/share/rosidl_generator_c/cmake)
[1.519s] -- Found rosidl_adapter: 3.1.5 (/opt/ros/humble/share/rosidl_adapter/cmake)
[1.530s] -- Found rosidl_generator_cpp: 3.1.5 (/opt/ros/humble/share/rosidl_generator_cpp/cmake)
[1.548s] -- Using all available rosidl_typesupport_c: rosidl_typesupport_fastrtps_c;rosidl_typesupport_introspection_c
[1.571s] -- Using all available rosidl_typesupport_cpp: rosidl_typesupport_fastrtps_cpp;rosidl_typesupport_introspection_cpp
[1.644s] -- Found rmw_implementation_cmake: 6.1.2 (/opt/ros/humble/share/rmw_implementation_cmake/cmake)
[1.647s] -- Found rmw_cyclonedds_cpp: 1.3.4 (/opt/ros/humble/share/rmw_cyclonedds_cpp/cmake)
[1.689s] -- Using RMW implementation 'rmw_cyclonedds_cpp' as default
[1.816s] -- Gazebo version: 11.10
[1.818s] -- Found gazebo_ros_pkgs: 3.9.0 (/opt/ros/humble/share/gazebo_ros_pkgs/cmake)
[1.820s] -- Found sensor_msgs: 4.2.4 (/opt/ros/humble/share/sensor_msgs/cmake)
[1.902s] -- Found nav_msgs: 4.2.4 (/opt/ros/humble/share/nav_msgs/cmake)
[1.946s] -- Found ackermann_msgs: 2.0.2 (/home/ros2/ros2_ws/install/ackermann_msgs/share/ackermann_msgs/cmake)
[1.977s] -- Found tf2: 0.25.7 (/opt/ros/humble/share/tf2/cmake)
[1.984s] -- Found tf2_ros: 0.25.7 (/opt/ros/humble/share/tf2_ros/cmake)
[2.178s] -- Found smartcar_msgs: 0.0.0 (/home/ros2/ros2_ws/install/smartcar_msgs/share/smartcar_msgs/cmake)
[2.348s] -- Configuring done
[3.693s] -- Generating done
[3.699s] -- Build files have been written to: /home/ros2/ros2_ws/build/car_gazebo_plugin
[3.720s] Invoked command in '/home/ros2/ros2_ws/build/car_gazebo_plugin' returned '0': AMENT_PREFIX_PATH=/home/ros2/ros2_ws/install/smartcar_msgs:/home/ros2/ros2_ws/install/ackermann_msgs:${AMENT_PREFIX_PATH} CMAKE_PREFIX_PATH=/home/ros2/ros2_ws/install/smartcar_msgs:/home/ros2/ros2_ws/install/ackermann_msgs:/opt/ros/humble LD_LIBRARY_PATH=/home/ros2/ros2_ws/install/smartcar_msgs/lib:/home/ros2/ros2_ws/install/ackermann_msgs/lib:/usr/lib/x86_64-linux-gnu/gazebo-11/plugins:/opt/ros/humble/opt/rviz_ogre_vendor/lib:/opt/ros/humble/lib/x86_64-linux-gnu:/opt/ros/humble/lib:/usr/lib/x86_64-linux-gnu/gazebo-11/plugins PYTHONPATH=/home/ros2/ros2_ws/install/smartcar_msgs/local/lib/python3.10/dist-packages:/home/ros2/ros2_ws/install/ackermann_msgs/local/lib/python3.10/dist-packages:${PYTHONPATH} /usr/bin/cmake /home/ros2/ros2_ws/src/car_gazebo_plugin -DCMAKE_INSTALL_PREFIX=/home/ros2/ros2_ws/install/car_gazebo_plugin
[3.722s] Invoking command in '/home/ros2/ros2_ws/build/car_gazebo_plugin': AMENT_PREFIX_PATH=/home/ros2/ros2_ws/install/smartcar_msgs:/home/ros2/ros2_ws/install/ackermann_msgs:${AMENT_PREFIX_PATH} CMAKE_PREFIX_PATH=/home/ros2/ros2_ws/install/smartcar_msgs:/home/ros2/ros2_ws/install/ackermann_msgs:/opt/ros/humble LD_LIBRARY_PATH=/home/ros2/ros2_ws/install/smartcar_msgs/lib:/home/ros2/ros2_ws/install/ackermann_msgs/lib:/usr/lib/x86_64-linux-gnu/gazebo-11/plugins:/opt/ros/humble/opt/rviz_ogre_vendor/lib:/opt/ros/humble/lib/x86_64-linux-gnu:/opt/ros/humble/lib:/usr/lib/x86_64-linux-gnu/gazebo-11/plugins PYTHONPATH=/home/ros2/ros2_ws/install/smartcar_msgs/local/lib/python3.10/dist-packages:/home/ros2/ros2_ws/install/ackermann_msgs/local/lib/python3.10/dist-packages:${PYTHONPATH} /usr/bin/cmake --build /home/ros2/ros2_ws/build/car_gazebo_plugin -- -j8 -l8
[3.826s] [ 50%] [32mBuilding CXX object CMakeFiles/car_gazebo_plugin.dir/src/car_gazebo_plugin.cpp.o[0m
[50.934s] [100%] [32m[1mLinking CXX shared library libcar_gazebo_plugin.so[0m
[59.411s] [100%] Built target car_gazebo_plugin
[59.432s] Invoked command in '/home/ros2/ros2_ws/build/car_gazebo_plugin' returned '0': AMENT_PREFIX_PATH=/home/ros2/ros2_ws/install/smartcar_msgs:/home/ros2/ros2_ws/install/ackermann_msgs:${AMENT_PREFIX_PATH} CMAKE_PREFIX_PATH=/home/ros2/ros2_ws/install/smartcar_msgs:/home/ros2/ros2_ws/install/ackermann_msgs:/opt/ros/humble LD_LIBRARY_PATH=/home/ros2/ros2_ws/install/smartcar_msgs/lib:/home/ros2/ros2_ws/install/ackermann_msgs/lib:/usr/lib/x86_64-linux-gnu/gazebo-11/plugins:/opt/ros/humble/opt/rviz_ogre_vendor/lib:/opt/ros/humble/lib/x86_64-linux-gnu:/opt/ros/humble/lib:/usr/lib/x86_64-linux-gnu/gazebo-11/plugins PYTHONPATH=/home/ros2/ros2_ws/install/smartcar_msgs/local/lib/python3.10/dist-packages:/home/ros2/ros2_ws/install/ackermann_msgs/local/lib/python3.10/dist-packages:${PYTHONPATH} /usr/bin/cmake --build /home/ros2/ros2_ws/build/car_gazebo_plugin -- -j8 -l8
[59.511s] Invoking command in '/home/ros2/ros2_ws/build/car_gazebo_plugin': AMENT_PREFIX_PATH=/home/ros2/ros2_ws/install/smartcar_msgs:/home/ros2/ros2_ws/install/ackermann_msgs:${AMENT_PREFIX_PATH} CMAKE_PREFIX_PATH=/home/ros2/ros2_ws/install/smartcar_msgs:/home/ros2/ros2_ws/install/ackermann_msgs:/opt/ros/humble LD_LIBRARY_PATH=/home/ros2/ros2_ws/install/smartcar_msgs/lib:/home/ros2/ros2_ws/install/ackermann_msgs/lib:/usr/lib/x86_64-linux-gnu/gazebo-11/plugins:/opt/ros/humble/opt/rviz_ogre_vendor/lib:/opt/ros/humble/lib/x86_64-linux-gnu:/opt/ros/humble/lib:/usr/lib/x86_64-linux-gnu/gazebo-11/plugins PYTHONPATH=/home/ros2/ros2_ws/install/smartcar_msgs/local/lib/python3.10/dist-packages:/home/ros2/ros2_ws/install/ackermann_msgs/local/lib/python3.10/dist-packages:${PYTHONPATH} /usr/bin/cmake --install /home/ros2/ros2_ws/build/car_gazebo_plugin
[59.525s] -- Install configuration: ""
[59.526s] -- Installing: /home/ros2/ros2_ws/install/car_gazebo_plugin/share/car_gazebo_plugin/environment/library_path.sh
[59.526s] -- Installing: /home/ros2/ros2_ws/install/car_gazebo_plugin/share/car_gazebo_plugin/environment/library_path.dsv
[59.526s] -- Installing: /home/ros2/ros2_ws/install/car_gazebo_plugin/share/ament_index/resource_index/package_run_dependencies/car_gazebo_plugin
[59.526s] -- Installing: /home/ros2/ros2_ws/install/car_gazebo_plugin/share/ament_index/resource_index/parent_prefix_path/car_gazebo_plugin
[59.527s] -- Installing: /home/ros2/ros2_ws/install/car_gazebo_plugin/share/car_gazebo_plugin/environment/ament_prefix_path.sh
[59.527s] -- Installing: /home/ros2/ros2_ws/install/car_gazebo_plugin/share/car_gazebo_plugin/environment/ament_prefix_path.dsv
[59.527s] -- Installing: /home/ros2/ros2_ws/install/car_gazebo_plugin/share/car_gazebo_plugin/environment/path.sh
[59.528s] -- Installing: /home/ros2/ros2_ws/install/car_gazebo_plugin/share/car_gazebo_plugin/environment/path.dsv
[59.530s] -- Installing: /home/ros2/ros2_ws/install/car_gazebo_plugin/share/car_gazebo_plugin/local_setup.bash
[59.530s] -- Installing: /home/ros2/ros2_ws/install/car_gazebo_plugin/share/car_gazebo_plugin/local_setup.sh
[59.530s] -- Installing: /home/ros2/ros2_ws/install/car_gazebo_plugin/share/car_gazebo_plugin/local_setup.zsh
[59.530s] -- Installing: /home/ros2/ros2_ws/install/car_gazebo_plugin/share/car_gazebo_plugin/local_setup.dsv
[59.530s] -- Installing: /home/ros2/ros2_ws/install/car_gazebo_plugin/share/car_gazebo_plugin/package.dsv
[59.530s] -- Installing: /home/ros2/ros2_ws/install/car_gazebo_plugin/share/ament_index/resource_index/packages/car_gazebo_plugin
[59.531s] -- Installing: /home/ros2/ros2_ws/install/car_gazebo_plugin/share/car_gazebo_plugin/cmake/ament_cmake_export_libraries-extras.cmake
[59.531s] -- Installing: /home/ros2/ros2_ws/install/car_gazebo_plugin/share/car_gazebo_plugin/cmake/ament_cmake_export_include_directories-extras.cmake
[59.532s] -- Installing: /home/ros2/ros2_ws/install/car_gazebo_plugin/share/car_gazebo_plugin/cmake/ament_cmake_export_dependencies-extras.cmake
[59.532s] -- Installing: /home/ros2/ros2_ws/install/car_gazebo_plugin/share/car_gazebo_plugin/cmake/car_gazebo_pluginConfig.cmake
[59.532s] -- Installing: /home/ros2/ros2_ws/install/car_gazebo_plugin/share/car_gazebo_plugin/cmake/car_gazebo_pluginConfig-version.cmake
[59.533s] -- Installing: /home/ros2/ros2_ws/install/car_gazebo_plugin/share/car_gazebo_plugin/package.xml
[59.533s] -- Installing: /home/ros2/ros2_ws/install/car_gazebo_plugin/lib/libcar_gazebo_plugin.so
[59.547s] -- Set runtime path of "/home/ros2/ros2_ws/install/car_gazebo_plugin/lib/libcar_gazebo_plugin.so" to ""
[59.550s] Invoked command in '/home/ros2/ros2_ws/build/car_gazebo_plugin' returned '0': AMENT_PREFIX_PATH=/home/ros2/ros2_ws/install/smartcar_msgs:/home/ros2/ros2_ws/install/ackermann_msgs:${AMENT_PREFIX_PATH} CMAKE_PREFIX_PATH=/home/ros2/ros2_ws/install/smartcar_msgs:/home/ros2/ros2_ws/install/ackermann_msgs:/opt/ros/humble LD_LIBRARY_PATH=/home/ros2/ros2_ws/install/smartcar_msgs/lib:/home/ros2/ros2_ws/install/ackermann_msgs/lib:/usr/lib/x86_64-linux-gnu/gazebo-11/plugins:/opt/ros/humble/opt/rviz_ogre_vendor/lib:/opt/ros/humble/lib/x86_64-linux-gnu:/opt/ros/humble/lib:/usr/lib/x86_64-linux-gnu/gazebo-11/plugins PYTHONPATH=/home/ros2/ros2_ws/install/smartcar_msgs/local/lib/python3.10/dist-packages:/home/ros2/ros2_ws/install/ackermann_msgs/local/lib/python3.10/dist-packages:${PYTHONPATH} /usr/bin/cmake --install /home/ros2/ros2_ws/build/car_gazebo_plugin
