[0.039s] Invoking command in '/home/ros2/ros2_ws/build/smart_car': CMAKE_PREFIX_PATH=${CMAKE_PREFIX_PATH}:/opt/ros/humble /usr/bin/cmake --build /home/ros2/ros2_ws/build/smart_car -- -j8 -l8
[0.151s] Invoked command in '/home/ros2/ros2_ws/build/smart_car' returned '0': CMAKE_PREFIX_PATH=${CMAKE_PREFIX_PATH}:/opt/ros/humble /usr/bin/cmake --build /home/ros2/ros2_ws/build/smart_car -- -j8 -l8
[0.379s] Invoking command in '/home/ros2/ros2_ws/build/smart_car': CMAKE_PREFIX_PATH=${CMAKE_PREFIX_PATH}:/opt/ros/humble /usr/bin/cmake --install /home/ros2/ros2_ws/build/smart_car
[0.405s] -- Install configuration: ""
[0.406s] -- Up-to-date: /home/ros2/ros2_ws/install/smart_car/share/smart_car/urdf
[0.406s] -- Up-to-date: /home/ros2/ros2_ws/install/smart_car/share/smart_car/urdf/smartcar.urdf.xacro
[0.407s] -- Up-to-date: /home/ros2/ros2_ws/install/smart_car/share/smart_car/world
[0.408s] -- Up-to-date: /home/ros2/ros2_ws/install/smart_car/share/smart_car/world/smalltown.world
[0.408s] -- Up-to-date: /home/ros2/ros2_ws/install/smart_car/share/smart_car/Rviz
[0.409s] -- Up-to-date: /home/ros2/ros2_ws/install/smart_car/share/smart_car/Rviz/smartcar.rviz
[0.409s] -- Up-to-date: /home/ros2/ros2_ws/install/smart_car/share/smart_car/launch
[0.410s] -- Installing: /home/ros2/ros2_ws/install/smart_car/share/smart_car/launch/gazebo.launch.py
[0.410s] -- Up-to-date: /home/ros2/ros2_ws/install/smart_car/share/smart_car/launch/smartcar.launch.py
[0.411s] -- Up-to-date: /home/ros2/ros2_ws/install/smart_car/share/ament_index/resource_index/package_run_dependencies/smart_car
[0.412s] -- Up-to-date: /home/ros2/ros2_ws/install/smart_car/share/ament_index/resource_index/parent_prefix_path/smart_car
[0.412s] -- Up-to-date: /home/ros2/ros2_ws/install/smart_car/share/smart_car/environment/ament_prefix_path.sh
[0.412s] -- Up-to-date: /home/ros2/ros2_ws/install/smart_car/share/smart_car/environment/ament_prefix_path.dsv
[0.412s] -- Up-to-date: /home/ros2/ros2_ws/install/smart_car/share/smart_car/environment/path.sh
[0.412s] -- Up-to-date: /home/ros2/ros2_ws/install/smart_car/share/smart_car/environment/path.dsv
[0.413s] -- Up-to-date: /home/ros2/ros2_ws/install/smart_car/share/smart_car/local_setup.bash
[0.413s] -- Up-to-date: /home/ros2/ros2_ws/install/smart_car/share/smart_car/local_setup.sh
[0.416s] -- Up-to-date: /home/ros2/ros2_ws/install/smart_car/share/smart_car/local_setup.zsh
[0.416s] -- Up-to-date: /home/ros2/ros2_ws/install/smart_car/share/smart_car/local_setup.dsv
[0.416s] -- Installing: /home/ros2/ros2_ws/install/smart_car/share/smart_car/package.dsv
[0.416s] -- Up-to-date: /home/ros2/ros2_ws/install/smart_car/share/ament_index/resource_index/packages/smart_car
[0.417s] -- Up-to-date: /home/ros2/ros2_ws/install/smart_car/share/smart_car/cmake/smart_carConfig.cmake
[0.417s] -- Up-to-date: /home/ros2/ros2_ws/install/smart_car/share/smart_car/cmake/smart_carConfig-version.cmake
[0.417s] -- Up-to-date: /home/ros2/ros2_ws/install/smart_car/share/smart_car/package.xml
[0.427s] Invoked command in '/home/ros2/ros2_ws/build/smart_car' returned '0': CMAKE_PREFIX_PATH=${CMAKE_PREFIX_PATH}:/opt/ros/humble /usr/bin/cmake --install /home/ros2/ros2_ws/build/smart_car
