[0.067s] Invoking command in '/home/ros2/ros2_ws/build/ackermann_msgs': CMAKE_PREFIX_PATH=${CMAKE_PREFIX_PATH}:/opt/ros/humble /usr/bin/cmake --build /home/ros2/ros2_ws/build/ackermann_msgs -- -j6 -l6
[0.314s] [  2%] Built target ackermann_msgs__cpp
[0.335s] [ 12%] Built target ackermann_msgs__rosidl_generator_c
[0.411s] [ 12%] Built target ament_cmake_python_copy_ackermann_msgs
[0.570s] [ 23%] Built target ackermann_msgs__rosidl_typesupport_introspection_c
[0.571s] [ 33%] Built target ackermann_msgs__rosidl_typesupport_cpp
[0.573s] [ 43%] Built target ackermann_msgs__rosidl_typesupport_fastrtps_cpp
[0.580s] [ 53%] Built target ackermann_msgs__rosidl_typesupport_fastrtps_c
[0.582s] [ 64%] Built target ackermann_msgs__rosidl_typesupport_introspection_cpp
[0.606s] [ 74%] Built target ackermann_msgs__rosidl_typesupport_c
[0.741s] [ 74%] Built target ackermann_msgs
[0.839s] [ 76%] Built target ackermann_msgs__py
[0.961s] [ 84%] Built target ackermann_msgs__rosidl_generator_py
[1.116s] [ 89%] Built target ackermann_msgs__rosidl_typesupport_fastrtps_c__pyext
[1.117s] [ 94%] Built target ackermann_msgs__rosidl_typesupport_c__pyext
[1.146s] [100%] Built target ackermann_msgs__rosidl_typesupport_introspection_c__pyext
[1.703s] running egg_info
[1.705s] writing ackermann_msgs.egg-info/PKG-INFO
[1.705s] writing dependency_links to ackermann_msgs.egg-info/dependency_links.txt
[1.708s] writing top-level names to ackermann_msgs.egg-info/top_level.txt
[1.716s] reading manifest file 'ackermann_msgs.egg-info/SOURCES.txt'
[1.718s] writing manifest file 'ackermann_msgs.egg-info/SOURCES.txt'
[1.807s] [100%] Built target ament_cmake_python_build_ackermann_msgs_egg
[1.854s] Invoked command in '/home/ros2/ros2_ws/build/ackermann_msgs' returned '0': CMAKE_PREFIX_PATH=${CMAKE_PREFIX_PATH}:/opt/ros/humble /usr/bin/cmake --build /home/ros2/ros2_ws/build/ackermann_msgs -- -j6 -l6
[2.505s] Invoking command in '/home/ros2/ros2_ws/build/ackermann_msgs': CMAKE_PREFIX_PATH=${CMAKE_PREFIX_PATH}:/opt/ros/humble /usr/bin/cmake --install /home/ros2/ros2_ws/build/ackermann_msgs
[2.542s] -- Install configuration: ""
[2.543s] -- Up-to-date: /home/ros2/ros2_ws/install/ackermann_msgs/share/ament_index/resource_index/rosidl_interfaces/ackermann_msgs
[2.543s] -- Up-to-date: /home/ros2/ros2_ws/install/ackermann_msgs/include/ackermann_msgs/ackermann_msgs
[2.543s] -- Up-to-date: /home/ros2/ros2_ws/install/ackermann_msgs/include/ackermann_msgs/ackermann_msgs/msg
[2.543s] -- Up-to-date: /home/ros2/ros2_ws/install/ackermann_msgs/include/ackermann_msgs/ackermann_msgs/msg/rosidl_generator_c__visibility_control.h
[2.543s] -- Up-to-date: /home/ros2/ros2_ws/install/ackermann_msgs/include/ackermann_msgs/ackermann_msgs/msg/ackermann_drive.h
[2.543s] -- Up-to-date: /home/ros2/ros2_ws/install/ackermann_msgs/include/ackermann_msgs/ackermann_msgs/msg/ackermann_drive_stamped.h
[2.543s] -- Up-to-date: /home/ros2/ros2_ws/install/ackermann_msgs/include/ackermann_msgs/ackermann_msgs/msg/detail
[2.544s] -- Up-to-date: /home/ros2/ros2_ws/install/ackermann_msgs/include/ackermann_msgs/ackermann_msgs/msg/detail/ackermann_drive_stamped__functions.h
[2.544s] -- Up-to-date: /home/ros2/ros2_ws/install/ackermann_msgs/include/ackermann_msgs/ackermann_msgs/msg/detail/ackermann_drive_stamped__functions.c
[2.544s] -- Up-to-date: /home/ros2/ros2_ws/install/ackermann_msgs/include/ackermann_msgs/ackermann_msgs/msg/detail/ackermann_drive__struct.h
[2.544s] -- Up-to-date: /home/ros2/ros2_ws/install/ackermann_msgs/include/ackermann_msgs/ackermann_msgs/msg/detail/ackermann_drive__functions.c
[2.544s] -- Up-to-date: /home/ros2/ros2_ws/install/ackermann_msgs/include/ackermann_msgs/ackermann_msgs/msg/detail/ackermann_drive_stamped__type_support.h
[2.544s] -- Up-to-date: /home/ros2/ros2_ws/install/ackermann_msgs/include/ackermann_msgs/ackermann_msgs/msg/detail/ackermann_drive__functions.h
[2.545s] -- Up-to-date: /home/ros2/ros2_ws/install/ackermann_msgs/include/ackermann_msgs/ackermann_msgs/msg/detail/ackermann_drive__type_support.h
[2.545s] -- Up-to-date: /home/ros2/ros2_ws/install/ackermann_msgs/include/ackermann_msgs/ackermann_msgs/msg/detail/ackermann_drive_stamped__struct.h
[2.545s] -- Up-to-date: /home/ros2/ros2_ws/install/ackermann_msgs/share/ackermann_msgs/environment/library_path.sh
[2.545s] -- Up-to-date: /home/ros2/ros2_ws/install/ackermann_msgs/share/ackermann_msgs/environment/library_path.dsv
[2.545s] -- Up-to-date: /home/ros2/ros2_ws/install/ackermann_msgs/lib/libackermann_msgs__rosidl_generator_c.so
[2.545s] -- Up-to-date: /home/ros2/ros2_ws/install/ackermann_msgs/include/ackermann_msgs/ackermann_msgs
[2.545s] -- Up-to-date: /home/ros2/ros2_ws/install/ackermann_msgs/include/ackermann_msgs/ackermann_msgs/msg
[2.547s] -- Up-to-date: /home/ros2/ros2_ws/install/ackermann_msgs/include/ackermann_msgs/ackermann_msgs/msg/rosidl_typesupport_fastrtps_c__visibility_control.h
[2.549s] -- Up-to-date: /home/ros2/ros2_ws/install/ackermann_msgs/include/ackermann_msgs/ackermann_msgs/msg/detail
[2.549s] -- Up-to-date: /home/ros2/ros2_ws/install/ackermann_msgs/include/ackermann_msgs/ackermann_msgs/msg/detail/ackermann_drive__rosidl_typesupport_fastrtps_c.h
[2.549s] -- Up-to-date: /home/ros2/ros2_ws/install/ackermann_msgs/include/ackermann_msgs/ackermann_msgs/msg/detail/ackermann_drive_stamped__rosidl_typesupport_fastrtps_c.h
[2.550s] -- Up-to-date: /home/ros2/ros2_ws/install/ackermann_msgs/lib/libackermann_msgs__rosidl_typesupport_fastrtps_c.so
[2.550s] -- Up-to-date: /home/ros2/ros2_ws/install/ackermann_msgs/include/ackermann_msgs/ackermann_msgs
[2.551s] -- Up-to-date: /home/ros2/ros2_ws/install/ackermann_msgs/include/ackermann_msgs/ackermann_msgs/msg
[2.551s] -- Up-to-date: /home/ros2/ros2_ws/install/ackermann_msgs/include/ackermann_msgs/ackermann_msgs/msg/detail
[2.552s] -- Up-to-date: /home/ros2/ros2_ws/install/ackermann_msgs/include/ackermann_msgs/ackermann_msgs/msg/detail/ackermann_drive_stamped__rosidl_typesupport_introspection_c.h
[2.553s] -- Up-to-date: /home/ros2/ros2_ws/install/ackermann_msgs/include/ackermann_msgs/ackermann_msgs/msg/detail/ackermann_drive__rosidl_typesupport_introspection_c.h
[2.554s] -- Up-to-date: /home/ros2/ros2_ws/install/ackermann_msgs/include/ackermann_msgs/ackermann_msgs/msg/detail/ackermann_drive__type_support.c
[2.555s] -- Up-to-date: /home/ros2/ros2_ws/install/ackermann_msgs/include/ackermann_msgs/ackermann_msgs/msg/detail/ackermann_drive_stamped__type_support.c
[2.555s] -- Up-to-date: /home/ros2/ros2_ws/install/ackermann_msgs/include/ackermann_msgs/ackermann_msgs/msg/rosidl_typesupport_introspection_c__visibility_control.h
[2.555s] -- Up-to-date: /home/ros2/ros2_ws/install/ackermann_msgs/lib/libackermann_msgs__rosidl_typesupport_introspection_c.so
[2.555s] -- Up-to-date: /home/ros2/ros2_ws/install/ackermann_msgs/lib/libackermann_msgs__rosidl_typesupport_c.so
[2.555s] -- Up-to-date: /home/ros2/ros2_ws/install/ackermann_msgs/include/ackermann_msgs/ackermann_msgs
[2.556s] -- Up-to-date: /home/ros2/ros2_ws/install/ackermann_msgs/include/ackermann_msgs/ackermann_msgs/msg
[2.556s] -- Up-to-date: /home/ros2/ros2_ws/install/ackermann_msgs/include/ackermann_msgs/ackermann_msgs/msg/ackermann_drive_stamped.hpp
[2.556s] -- Up-to-date: /home/ros2/ros2_ws/install/ackermann_msgs/include/ackermann_msgs/ackermann_msgs/msg/ackermann_drive.hpp
[2.557s] -- Up-to-date: /home/ros2/ros2_ws/install/ackermann_msgs/include/ackermann_msgs/ackermann_msgs/msg/detail
[2.557s] -- Up-to-date: /home/ros2/ros2_ws/install/ackermann_msgs/include/ackermann_msgs/ackermann_msgs/msg/detail/ackermann_drive__builder.hpp
[2.558s] -- Up-to-date: /home/ros2/ros2_ws/install/ackermann_msgs/include/ackermann_msgs/ackermann_msgs/msg/detail/ackermann_drive__struct.hpp
[2.558s] -- Up-to-date: /home/ros2/ros2_ws/install/ackermann_msgs/include/ackermann_msgs/ackermann_msgs/msg/detail/ackermann_drive_stamped__struct.hpp
[2.558s] -- Up-to-date: /home/ros2/ros2_ws/install/ackermann_msgs/include/ackermann_msgs/ackermann_msgs/msg/detail/ackermann_drive__traits.hpp
[2.558s] -- Up-to-date: /home/ros2/ros2_ws/install/ackermann_msgs/include/ackermann_msgs/ackermann_msgs/msg/detail/ackermann_drive_stamped__builder.hpp
[2.558s] -- Up-to-date: /home/ros2/ros2_ws/install/ackermann_msgs/include/ackermann_msgs/ackermann_msgs/msg/detail/ackermann_drive_stamped__traits.hpp
[2.559s] -- Up-to-date: /home/ros2/ros2_ws/install/ackermann_msgs/include/ackermann_msgs/ackermann_msgs
[2.559s] -- Up-to-date: /home/ros2/ros2_ws/install/ackermann_msgs/include/ackermann_msgs/ackermann_msgs/msg
[2.559s] -- Up-to-date: /home/ros2/ros2_ws/install/ackermann_msgs/include/ackermann_msgs/ackermann_msgs/msg/rosidl_typesupport_fastrtps_cpp__visibility_control.h
[2.560s] -- Up-to-date: /home/ros2/ros2_ws/install/ackermann_msgs/include/ackermann_msgs/ackermann_msgs/msg/detail
[2.560s] -- Up-to-date: /home/ros2/ros2_ws/install/ackermann_msgs/include/ackermann_msgs/ackermann_msgs/msg/detail/ackermann_drive__rosidl_typesupport_fastrtps_cpp.hpp
[2.560s] -- Up-to-date: /home/ros2/ros2_ws/install/ackermann_msgs/include/ackermann_msgs/ackermann_msgs/msg/detail/ackermann_drive_stamped__rosidl_typesupport_fastrtps_cpp.hpp
[2.560s] -- Up-to-date: /home/ros2/ros2_ws/install/ackermann_msgs/include/ackermann_msgs/ackermann_msgs/msg/detail/dds_fastrtps
[2.561s] -- Up-to-date: /home/ros2/ros2_ws/install/ackermann_msgs/lib/libackermann_msgs__rosidl_typesupport_fastrtps_cpp.so
[2.561s] -- Up-to-date: /home/ros2/ros2_ws/install/ackermann_msgs/include/ackermann_msgs/ackermann_msgs
[2.561s] -- Up-to-date: /home/ros2/ros2_ws/install/ackermann_msgs/include/ackermann_msgs/ackermann_msgs/msg
[2.561s] -- Up-to-date: /home/ros2/ros2_ws/install/ackermann_msgs/include/ackermann_msgs/ackermann_msgs/msg/detail
[2.562s] -- Up-to-date: /home/ros2/ros2_ws/install/ackermann_msgs/include/ackermann_msgs/ackermann_msgs/msg/detail/ackermann_drive_stamped__rosidl_typesupport_introspection_cpp.hpp
[2.562s] -- Up-to-date: /home/ros2/ros2_ws/install/ackermann_msgs/include/ackermann_msgs/ackermann_msgs/msg/detail/ackermann_drive_stamped__type_support.cpp
[2.563s] -- Up-to-date: /home/ros2/ros2_ws/install/ackermann_msgs/include/ackermann_msgs/ackermann_msgs/msg/detail/ackermann_drive__type_support.cpp
[2.563s] -- Up-to-date: /home/ros2/ros2_ws/install/ackermann_msgs/include/ackermann_msgs/ackermann_msgs/msg/detail/ackermann_drive__rosidl_typesupport_introspection_cpp.hpp
[2.563s] -- Up-to-date: /home/ros2/ros2_ws/install/ackermann_msgs/lib/libackermann_msgs__rosidl_typesupport_introspection_cpp.so
[2.564s] -- Up-to-date: /home/ros2/ros2_ws/install/ackermann_msgs/lib/libackermann_msgs__rosidl_typesupport_cpp.so
[2.564s] -- Up-to-date: /home/ros2/ros2_ws/install/ackermann_msgs/share/ackermann_msgs/environment/pythonpath.sh
[2.564s] -- Up-to-date: /home/ros2/ros2_ws/install/ackermann_msgs/share/ackermann_msgs/environment/pythonpath.dsv
[2.565s] -- Up-to-date: /home/ros2/ros2_ws/install/ackermann_msgs/local/lib/python3.10/dist-packages/ackermann_msgs-2.0.2-py3.10.egg-info
[2.565s] -- Installing: /home/ros2/ros2_ws/install/ackermann_msgs/local/lib/python3.10/dist-packages/ackermann_msgs-2.0.2-py3.10.egg-info/SOURCES.txt
[2.565s] -- Installing: /home/ros2/ros2_ws/install/ackermann_msgs/local/lib/python3.10/dist-packages/ackermann_msgs-2.0.2-py3.10.egg-info/PKG-INFO
[2.566s] -- Installing: /home/ros2/ros2_ws/install/ackermann_msgs/local/lib/python3.10/dist-packages/ackermann_msgs-2.0.2-py3.10.egg-info/top_level.txt
[2.566s] -- Installing: /home/ros2/ros2_ws/install/ackermann_msgs/local/lib/python3.10/dist-packages/ackermann_msgs-2.0.2-py3.10.egg-info/dependency_links.txt
[2.566s] -- Up-to-date: /home/ros2/ros2_ws/install/ackermann_msgs/local/lib/python3.10/dist-packages/ackermann_msgs
[2.567s] -- Up-to-date: /home/ros2/ros2_ws/install/ackermann_msgs/local/lib/python3.10/dist-packages/ackermann_msgs/__init__.py
[2.567s] -- Up-to-date: /home/ros2/ros2_ws/install/ackermann_msgs/local/lib/python3.10/dist-packages/ackermann_msgs/_ackermann_msgs_s.ep.rosidl_typesupport_c.c
[2.567s] -- Up-to-date: /home/ros2/ros2_ws/install/ackermann_msgs/local/lib/python3.10/dist-packages/ackermann_msgs/ackermann_msgs_s__rosidl_typesupport_fastrtps_c.cpython-310-x86_64-linux-gnu.so
[2.568s] -- Up-to-date: /home/ros2/ros2_ws/install/ackermann_msgs/local/lib/python3.10/dist-packages/ackermann_msgs/libackermann_msgs__rosidl_generator_py.so
[2.569s] -- Up-to-date: /home/ros2/ros2_ws/install/ackermann_msgs/local/lib/python3.10/dist-packages/ackermann_msgs/ackermann_msgs_s__rosidl_typesupport_c.cpython-310-x86_64-linux-gnu.so
[2.569s] -- Up-to-date: /home/ros2/ros2_ws/install/ackermann_msgs/local/lib/python3.10/dist-packages/ackermann_msgs/ackermann_msgs_s__rosidl_typesupport_introspection_c.cpython-310-x86_64-linux-gnu.so
[2.569s] -- Up-to-date: /home/ros2/ros2_ws/install/ackermann_msgs/local/lib/python3.10/dist-packages/ackermann_msgs/_ackermann_msgs_s.ep.rosidl_typesupport_introspection_c.c
[2.570s] -- Up-to-date: /home/ros2/ros2_ws/install/ackermann_msgs/local/lib/python3.10/dist-packages/ackermann_msgs/_ackermann_msgs_s.ep.rosidl_typesupport_fastrtps_c.c
[2.570s] -- Up-to-date: /home/ros2/ros2_ws/install/ackermann_msgs/local/lib/python3.10/dist-packages/ackermann_msgs/msg
[2.571s] -- Up-to-date: /home/ros2/ros2_ws/install/ackermann_msgs/local/lib/python3.10/dist-packages/ackermann_msgs/msg/__init__.py
[2.571s] -- Up-to-date: /home/ros2/ros2_ws/install/ackermann_msgs/local/lib/python3.10/dist-packages/ackermann_msgs/msg/_ackermann_drive_stamped.py
[2.571s] -- Up-to-date: /home/ros2/ros2_ws/install/ackermann_msgs/local/lib/python3.10/dist-packages/ackermann_msgs/msg/_ackermann_drive.py
[2.572s] -- Up-to-date: /home/ros2/ros2_ws/install/ackermann_msgs/local/lib/python3.10/dist-packages/ackermann_msgs/msg/_ackermann_drive_s.c
[2.572s] -- Up-to-date: /home/ros2/ros2_ws/install/ackermann_msgs/local/lib/python3.10/dist-packages/ackermann_msgs/msg/_ackermann_drive_stamped_s.c
[2.681s] Listing '/home/ros2/ros2_ws/install/ackermann_msgs/local/lib/python3.10/dist-packages/ackermann_msgs'...
[2.683s] Listing '/home/ros2/ros2_ws/install/ackermann_msgs/local/lib/python3.10/dist-packages/ackermann_msgs/msg'...
[2.708s] -- Up-to-date: /home/ros2/ros2_ws/install/ackermann_msgs/local/lib/python3.10/dist-packages/ackermann_msgs/ackermann_msgs_s__rosidl_typesupport_fastrtps_c.cpython-310-x86_64-linux-gnu.so
[2.709s] -- Up-to-date: /home/ros2/ros2_ws/install/ackermann_msgs/local/lib/python3.10/dist-packages/ackermann_msgs/ackermann_msgs_s__rosidl_typesupport_introspection_c.cpython-310-x86_64-linux-gnu.so
[2.709s] -- Up-to-date: /home/ros2/ros2_ws/install/ackermann_msgs/local/lib/python3.10/dist-packages/ackermann_msgs/ackermann_msgs_s__rosidl_typesupport_c.cpython-310-x86_64-linux-gnu.so
[2.710s] -- Up-to-date: /home/ros2/ros2_ws/install/ackermann_msgs/lib/libackermann_msgs__rosidl_generator_py.so
[2.711s] -- Up-to-date: /home/ros2/ros2_ws/install/ackermann_msgs/share/ackermann_msgs/msg/AckermannDrive.idl
[2.711s] -- Up-to-date: /home/ros2/ros2_ws/install/ackermann_msgs/share/ackermann_msgs/msg/AckermannDriveStamped.idl
[2.712s] -- Up-to-date: /home/ros2/ros2_ws/install/ackermann_msgs/share/ackermann_msgs/msg/AckermannDrive.msg
[2.713s] -- Up-to-date: /home/ros2/ros2_ws/install/ackermann_msgs/share/ackermann_msgs/msg/AckermannDriveStamped.msg
[2.715s] -- Up-to-date: /home/ros2/ros2_ws/install/ackermann_msgs/share/ament_index/resource_index/package_run_dependencies/ackermann_msgs
[2.717s] -- Up-to-date: /home/ros2/ros2_ws/install/ackermann_msgs/share/ament_index/resource_index/parent_prefix_path/ackermann_msgs
[2.718s] -- Up-to-date: /home/ros2/ros2_ws/install/ackermann_msgs/share/ackermann_msgs/environment/ament_prefix_path.sh
[2.718s] -- Up-to-date: /home/ros2/ros2_ws/install/ackermann_msgs/share/ackermann_msgs/environment/ament_prefix_path.dsv
[2.718s] -- Up-to-date: /home/ros2/ros2_ws/install/ackermann_msgs/share/ackermann_msgs/environment/path.sh
[2.719s] -- Up-to-date: /home/ros2/ros2_ws/install/ackermann_msgs/share/ackermann_msgs/environment/path.dsv
[2.720s] -- Up-to-date: /home/ros2/ros2_ws/install/ackermann_msgs/share/ackermann_msgs/local_setup.bash
[2.720s] -- Up-to-date: /home/ros2/ros2_ws/install/ackermann_msgs/share/ackermann_msgs/local_setup.sh
[2.721s] -- Up-to-date: /home/ros2/ros2_ws/install/ackermann_msgs/share/ackermann_msgs/local_setup.zsh
[2.722s] -- Up-to-date: /home/ros2/ros2_ws/install/ackermann_msgs/share/ackermann_msgs/local_setup.dsv
[2.723s] -- Installing: /home/ros2/ros2_ws/install/ackermann_msgs/share/ackermann_msgs/package.dsv
[2.723s] -- Up-to-date: /home/ros2/ros2_ws/install/ackermann_msgs/share/ament_index/resource_index/packages/ackermann_msgs
[2.724s] -- Up-to-date: /home/ros2/ros2_ws/install/ackermann_msgs/share/ackermann_msgs/cmake/export_ackermann_msgs__rosidl_generator_cExport.cmake
[2.725s] -- Up-to-date: /home/ros2/ros2_ws/install/ackermann_msgs/share/ackermann_msgs/cmake/export_ackermann_msgs__rosidl_generator_cExport-noconfig.cmake
[2.727s] -- Up-to-date: /home/ros2/ros2_ws/install/ackermann_msgs/share/ackermann_msgs/cmake/export_ackermann_msgs__rosidl_typesupport_fastrtps_cExport.cmake
[2.727s] -- Up-to-date: /home/ros2/ros2_ws/install/ackermann_msgs/share/ackermann_msgs/cmake/export_ackermann_msgs__rosidl_typesupport_fastrtps_cExport-noconfig.cmake
[2.733s] -- Up-to-date: /home/ros2/ros2_ws/install/ackermann_msgs/share/ackermann_msgs/cmake/ackermann_msgs__rosidl_typesupport_introspection_cExport.cmake
[2.733s] -- Up-to-date: /home/ros2/ros2_ws/install/ackermann_msgs/share/ackermann_msgs/cmake/ackermann_msgs__rosidl_typesupport_introspection_cExport-noconfig.cmake
[2.733s] -- Up-to-date: /home/ros2/ros2_ws/install/ackermann_msgs/share/ackermann_msgs/cmake/ackermann_msgs__rosidl_typesupport_cExport.cmake
[2.733s] -- Up-to-date: /home/ros2/ros2_ws/install/ackermann_msgs/share/ackermann_msgs/cmake/ackermann_msgs__rosidl_typesupport_cExport-noconfig.cmake
[2.734s] -- Up-to-date: /home/ros2/ros2_ws/install/ackermann_msgs/share/ackermann_msgs/cmake/export_ackermann_msgs__rosidl_generator_cppExport.cmake
[2.736s] -- Up-to-date: /home/ros2/ros2_ws/install/ackermann_msgs/share/ackermann_msgs/cmake/export_ackermann_msgs__rosidl_typesupport_fastrtps_cppExport.cmake
[2.736s] -- Up-to-date: /home/ros2/ros2_ws/install/ackermann_msgs/share/ackermann_msgs/cmake/export_ackermann_msgs__rosidl_typesupport_fastrtps_cppExport-noconfig.cmake
[2.736s] -- Up-to-date: /home/ros2/ros2_ws/install/ackermann_msgs/share/ackermann_msgs/cmake/ackermann_msgs__rosidl_typesupport_introspection_cppExport.cmake
[2.737s] -- Up-to-date: /home/ros2/ros2_ws/install/ackermann_msgs/share/ackermann_msgs/cmake/ackermann_msgs__rosidl_typesupport_introspection_cppExport-noconfig.cmake
[2.737s] -- Up-to-date: /home/ros2/ros2_ws/install/ackermann_msgs/share/ackermann_msgs/cmake/ackermann_msgs__rosidl_typesupport_cppExport.cmake
[2.741s] -- Up-to-date: /home/ros2/ros2_ws/install/ackermann_msgs/share/ackermann_msgs/cmake/ackermann_msgs__rosidl_typesupport_cppExport-noconfig.cmake
[2.741s] -- Up-to-date: /home/ros2/ros2_ws/install/ackermann_msgs/share/ackermann_msgs/cmake/export_ackermann_msgs__rosidl_generator_pyExport.cmake
[2.742s] -- Up-to-date: /home/ros2/ros2_ws/install/ackermann_msgs/share/ackermann_msgs/cmake/export_ackermann_msgs__rosidl_generator_pyExport-noconfig.cmake
[2.742s] -- Up-to-date: /home/ros2/ros2_ws/install/ackermann_msgs/share/ackermann_msgs/cmake/rosidl_cmake-extras.cmake
[2.742s] -- Up-to-date: /home/ros2/ros2_ws/install/ackermann_msgs/share/ackermann_msgs/cmake/ament_cmake_export_dependencies-extras.cmake
[2.743s] -- Up-to-date: /home/ros2/ros2_ws/install/ackermann_msgs/share/ackermann_msgs/cmake/ament_cmake_export_include_directories-extras.cmake
[2.743s] -- Up-to-date: /home/ros2/ros2_ws/install/ackermann_msgs/share/ackermann_msgs/cmake/ament_cmake_export_libraries-extras.cmake
[2.743s] -- Up-to-date: /home/ros2/ros2_ws/install/ackermann_msgs/share/ackermann_msgs/cmake/ament_cmake_export_targets-extras.cmake
[2.744s] -- Up-to-date: /home/ros2/ros2_ws/install/ackermann_msgs/share/ackermann_msgs/cmake/rosidl_cmake_export_typesupport_targets-extras.cmake
[2.744s] -- Up-to-date: /home/ros2/ros2_ws/install/ackermann_msgs/share/ackermann_msgs/cmake/rosidl_cmake_export_typesupport_libraries-extras.cmake
[2.744s] -- Up-to-date: /home/ros2/ros2_ws/install/ackermann_msgs/share/ackermann_msgs/cmake/ackermann_msgsConfig.cmake
[2.744s] -- Up-to-date: /home/ros2/ros2_ws/install/ackermann_msgs/share/ackermann_msgs/cmake/ackermann_msgsConfig-version.cmake
[2.744s] -- Up-to-date: /home/ros2/ros2_ws/install/ackermann_msgs/share/ackermann_msgs/package.xml
[2.757s] Invoked command in '/home/ros2/ros2_ws/build/ackermann_msgs' returned '0': CMAKE_PREFIX_PATH=${CMAKE_PREFIX_PATH}:/opt/ros/humble /usr/bin/cmake --install /home/ros2/ros2_ws/build/ackermann_msgs
