[0.056s] Invoking command in '/home/ros2/ros2_ws/build/smart_car': CMAKE_PREFIX_PATH=/opt/ros/humble /usr/bin/cmake /home/ros2/ros2_ws/src/smart_car -DCMAKE_INSTALL_PREFIX=/home/ros2/ros2_ws/install/smart_car
[1.034s] -- The C compiler identification is GNU 11.4.0
[2.146s] -- The CXX compiler identification is GNU 11.4.0
[2.218s] -- Detecting C compiler ABI info
[2.704s] -- Detecting C compiler ABI info - done
[2.757s] -- Check for working C compiler: /usr/lib/ccache/gcc - skipped
[2.758s] -- Detecting C compile features
[2.758s] -- Detecting C compile features - done
[2.768s] -- Detecting CXX compiler ABI info
[3.257s] -- Detecting CXX compiler ABI info - done
[3.313s] -- Check for working CXX compiler: /usr/lib/ccache/g++ - skipped
[3.313s] -- Detecting CXX compile features
[3.317s] -- Detecting CXX compile features - done
[3.358s] -- Found ament_cmake: 1.3.10 (/opt/ros/humble/share/ament_cmake/cmake)
[3.924s] -- Found Python3: /usr/bin/python3 (found version "3.10.12") found components: Interpreter 
[4.272s] -- Found rclcpp: 16.0.10 (/opt/ros/humble/share/rclcpp/cmake)
[4.449s] -- Found rosidl_generator_c: 3.1.5 (/opt/ros/humble/share/rosidl_generator_c/cmake)
[4.473s] -- Found rosidl_adapter: 3.1.5 (/opt/ros/humble/share/rosidl_adapter/cmake)
[4.499s] -- Found rosidl_generator_cpp: 3.1.5 (/opt/ros/humble/share/rosidl_generator_cpp/cmake)
[4.561s] -- Using all available rosidl_typesupport_c: rosidl_typesupport_fastrtps_c;rosidl_typesupport_introspection_c
[4.642s] -- Using all available rosidl_typesupport_cpp: rosidl_typesupport_fastrtps_cpp;rosidl_typesupport_introspection_cpp
[4.873s] -- Found rmw_implementation_cmake: 6.1.2 (/opt/ros/humble/share/rmw_implementation_cmake/cmake)
[4.885s] -- Found rmw_cyclonedds_cpp: 1.3.4 (/opt/ros/humble/share/rmw_cyclonedds_cpp/cmake)
[5.004s] -- Using RMW implementation 'rmw_cyclonedds_cpp' as default
[5.027s] -- Looking for pthread.h
[5.707s] -- Looking for pthread.h - found
[5.708s] -- Performing Test CMAKE_HAVE_LIBC_PTHREAD
[6.279s] -- Performing Test CMAKE_HAVE_LIBC_PTHREAD - Success
[6.287s] -- Found Threads: TRUE  
[6.645s] -- Found ament_lint_auto: 0.12.11 (/opt/ros/humble/share/ament_lint_auto/cmake)
[6.955s] -- Added test 'flake8' to check Python code syntax and style conventions
[6.957s] -- Added test 'lint_cmake' to check CMake code style
[6.960s] -- Added test 'pep257' to check Python code against some of the docstring style conventions in PEP 257
[6.964s] -- Added test 'xmllint' to check XML markup files
[6.970s] -- Configuring done
[6.982s] -- Generating done
[6.987s] -- Build files have been written to: /home/ros2/ros2_ws/build/smart_car
[7.017s] Invoked command in '/home/ros2/ros2_ws/build/smart_car' returned '0': CMAKE_PREFIX_PATH=/opt/ros/humble /usr/bin/cmake /home/ros2/ros2_ws/src/smart_car -DCMAKE_INSTALL_PREFIX=/home/ros2/ros2_ws/install/smart_car
[7.019s] Invoking command in '/home/ros2/ros2_ws/build/smart_car': CMAKE_PREFIX_PATH=/opt/ros/humble /usr/bin/cmake --build /home/ros2/ros2_ws/build/smart_car -- -j8 -l8
[7.164s] Invoked command in '/home/ros2/ros2_ws/build/smart_car' returned '0': CMAKE_PREFIX_PATH=/opt/ros/humble /usr/bin/cmake --build /home/ros2/ros2_ws/build/smart_car -- -j8 -l8
[7.354s] Invoking command in '/home/ros2/ros2_ws/build/smart_car': CMAKE_PREFIX_PATH=/opt/ros/humble /usr/bin/cmake --install /home/ros2/ros2_ws/build/smart_car
[7.386s] [31mCMake Error at cmake_install.cmake:50 (file):
[7.387s]   file INSTALL cannot find "/home/ros2/ros2_ws/src/smart_car/rviz": No such
[7.387s]   file or directory.
[7.387s] 
[7.388s] [0m
[7.388s] -- Install configuration: ""
[7.388s] -- Installing: /home/ros2/ros2_ws/install/smart_car/share/smart_car/urdf
[7.389s] -- Installing: /home/ros2/ros2_ws/install/smart_car/share/smart_car/urdf/smartcar.urdf.xacro
[7.399s] Invoked command in '/home/ros2/ros2_ws/build/smart_car' returned '1': CMAKE_PREFIX_PATH=/opt/ros/humble /usr/bin/cmake --install /home/ros2/ros2_ws/build/smart_car
