[0.020s] Invoking command in '/home/ros2/ros2_ws/build/car_gazebo_plugin': AMENT_PREFIX_PATH=/home/ros2/ros2_ws/install/smartcar_msgs:/home/ros2/ros2_ws/install/ackermann_msgs:${AMENT_PREFIX_PATH} CMAKE_PREFIX_PATH=/home/ros2/ros2_ws/install/smartcar_msgs:/home/ros2/ros2_ws/install/ackermann_msgs:/opt/ros/humble LD_LIBRARY_PATH=/home/ros2/ros2_ws/install/smartcar_msgs/lib:/home/ros2/ros2_ws/install/ackermann_msgs/lib:/usr/lib/x86_64-linux-gnu/gazebo-11/plugins:/opt/ros/humble/opt/rviz_ogre_vendor/lib:/opt/ros/humble/lib/x86_64-linux-gnu:/opt/ros/humble/lib:/usr/lib/x86_64-linux-gnu/gazebo-11/plugins PYTHONPATH=/home/ros2/ros2_ws/install/smartcar_msgs/local/lib/python3.10/dist-packages:/home/ros2/ros2_ws/install/ackermann_msgs/local/lib/python3.10/dist-packages:${PYTHONPATH} /usr/bin/cmake --build /home/ros2/ros2_ws/build/car_gazebo_plugin -- -j8 -l8
[0.157s] [33mCMake Warning (dev) at /usr/share/cmake-3.22/Modules/FindPackageHandleStandardArgs.cmake:438 (message):
[0.157s]   The package name passed to `find_package_handle_standard_args` (PkgConfig)
[0.157s]   does not match the name of the calling package (gazebo).  This can lead to
[0.157s]   problems in calling code that expects `find_package` result variables
[0.157s]   (e.g., `_FOUND`) to follow a certain pattern.
[0.157s] Call Stack (most recent call first):
[0.157s]   /usr/share/cmake-3.22/Modules/FindPkgConfig.cmake:99 (find_package_handle_standard_args)
[0.157s]   /usr/lib/x86_64-linux-gnu/cmake/gazebo/gazebo-config.cmake:72 (include)
[0.157s]   CMakeLists.txt:14 (find_package)
[0.157s] This warning is for project developers.  Use -Wno-dev to suppress it.
[0.157s] [0m
[0.211s] -- Found DART: /usr/include (Required is at least version "6.6") found components: dart 
[0.287s] -- Found Protobuf: /usr/lib/x86_64-linux-gnu/libprotobuf.so (found version "3.12.4") 
[0.291s] -- Looking for ignition-math6 -- found version 6.15.1
[0.305s] -- Searching for dependencies of ignition-math6
[0.312s] -- Looking for OGRE...
[0.324s] -- Found Ogre Ghadamon (1.9.0)
[0.330s] -- Found OGRE: optimized;/usr/lib/x86_64-linux-gnu/libOgreMain.so;debug;/usr/lib/x86_64-linux-gnu/libOgreMain.so
[0.336s] -- Looking for OGRE_Paging...
[0.336s] -- Found OGRE_Paging: optimized;/usr/lib/x86_64-linux-gnu/libOgrePaging.so;debug;/usr/lib/x86_64-linux-gnu/libOgrePaging.so
[0.336s] -- Looking for OGRE_Terrain...
[0.336s] -- Found OGRE_Terrain: optimized;/usr/lib/x86_64-linux-gnu/libOgreTerrain.so;debug;/usr/lib/x86_64-linux-gnu/libOgreTerrain.so
[0.336s] -- Looking for OGRE_Property...
[0.336s] -- Found OGRE_Property: optimized;/usr/lib/x86_64-linux-gnu/libOgreProperty.so;debug;/usr/lib/x86_64-linux-gnu/libOgreProperty.so
[0.336s] -- Looking for OGRE_RTShaderSystem...
[0.336s] -- Found OGRE_RTShaderSystem: optimized;/usr/lib/x86_64-linux-gnu/libOgreRTShaderSystem.so;debug;/usr/lib/x86_64-linux-gnu/libOgreRTShaderSystem.so
[0.336s] -- Looking for OGRE_Volume...
[0.336s] -- Found OGRE_Volume: optimized;/usr/lib/x86_64-linux-gnu/libOgreVolume.so;debug;/usr/lib/x86_64-linux-gnu/libOgreVolume.so
[0.336s] -- Looking for OGRE_Overlay...
[0.336s] -- Found OGRE_Overlay: optimized;/usr/lib/x86_64-linux-gnu/libOgreOverlay.so;debug;/usr/lib/x86_64-linux-gnu/libOgreOverlay.so
[0.436s] -- Looking for ignition-math6 -- found version 6.15.1
[0.439s] -- Looking for ignition-transport8 -- found version 8.2.1
[0.439s] -- Searching for dependencies of ignition-transport8
[0.466s] -- Found Protobuf: /usr/lib/x86_64-linux-gnu/libprotobuf.so (found suitable version "3.12.4", minimum required is "3") 
[0.475s] -- Config-file not installed for ZeroMQ -- checking for pkg-config
[0.482s] -- Checking for module 'libzmq >= 4'
[0.526s] --   Found libzmq , version 4.3.4
[0.633s] -- Checking for module 'uuid'
[0.649s] --   Found uuid, version 2.37.2
[0.716s] -- Looking for ignition-msgs5 -- found version 5.8.1
[0.716s] -- Searching for dependencies of ignition-msgs5
[0.747s] -- Looking for ignition-math6 -- found version 6.15.1
[0.754s] -- Checking for module 'tinyxml2'
[0.773s] --   Found tinyxml2, version 9.0.0
[0.826s] -- Looking for ignition-msgs5 -- found version 5.8.1
[0.827s] -- Looking for ignition-common3 -- found version 3.14.0
[0.827s] -- Searching for dependencies of ignition-common3
[0.830s] -- Looking for dlfcn.h - found
[0.830s] -- Looking for libdl - found
[0.842s] -- Searching for <ignition-common3> component [graphics]
[0.844s] -- Looking for ignition-common3-graphics -- found version 3.14.0
[0.845s] -- Searching for dependencies of ignition-common3-graphics
[0.845s] -- Looking for ignition-math6 -- found version 6.15.1
[0.849s] -- Looking for ignition-fuel_tools4 -- found version 4.4.0
[0.849s] -- Searching for dependencies of ignition-fuel_tools4
[0.895s] -- Checking for module 'jsoncpp'
[0.914s] --   Found jsoncpp, version 1.9.5
[0.975s] -- Checking for module 'libzip'
[0.994s] --   Found libzip, version 1.7.3
[1.041s] -- Looking for ignition-common3 -- found version 3.14.0
[1.041s] -- Looking for ignition-math6 -- found version 6.15.1
[1.041s] -- Looking for ignition-msgs5 -- found version 5.8.1
[1.048s] -- Found gazebo_ros: 3.7.0 (/opt/ros/humble/share/gazebo_ros/cmake)
[1.196s] -- Found rosidl_generator_c: 3.1.5 (/opt/ros/humble/share/rosidl_generator_c/cmake)
[1.199s] -- Found rosidl_adapter: 3.1.5 (/opt/ros/humble/share/rosidl_adapter/cmake)
[1.202s] -- Found rosidl_generator_cpp: 3.1.5 (/opt/ros/humble/share/rosidl_generator_cpp/cmake)
[1.211s] -- Using all available rosidl_typesupport_c: rosidl_typesupport_fastrtps_c;rosidl_typesupport_introspection_c
[1.222s] -- Using all available rosidl_typesupport_cpp: rosidl_typesupport_fastrtps_cpp;rosidl_typesupport_introspection_cpp
[1.248s] -- Found rmw_implementation_cmake: 6.1.2 (/opt/ros/humble/share/rmw_implementation_cmake/cmake)
[1.251s] -- Found rmw_cyclonedds_cpp: 1.3.4 (/opt/ros/humble/share/rmw_cyclonedds_cpp/cmake)
[1.267s] -- Using RMW implementation 'rmw_cyclonedds_cpp' as default
[1.310s] -- Gazebo version: 11.10
[1.312s] -- Found gazebo_ros_pkgs: 3.7.0 (/opt/ros/humble/share/gazebo_ros_pkgs/cmake)
[1.313s] -- Found sensor_msgs: 4.2.4 (/opt/ros/humble/share/sensor_msgs/cmake)
[1.364s] -- Found nav_msgs: 4.2.4 (/opt/ros/humble/share/nav_msgs/cmake)
[1.397s] -- Found ackermann_msgs: 2.0.2 (/home/ros2/ros2_ws/install/ackermann_msgs/share/ackermann_msgs/cmake)
[1.407s] -- Found tf2: 0.25.7 (/opt/ros/humble/share/tf2/cmake)
[1.417s] -- Found tf2_ros: 0.25.7 (/opt/ros/humble/share/tf2_ros/cmake)
[1.571s] -- Found smartcar_msgs: 0.0.0 (/home/ros2/ros2_ws/install/smartcar_msgs/share/smartcar_msgs/cmake)
[1.647s] -- Configuring done
[1.824s] -- Generating done
[1.831s] -- Build files have been written to: /home/ros2/ros2_ws/build/car_gazebo_plugin
[1.893s] [35m[1mConsolidate compiler generated dependencies of target car_gazebo_plugin[0m
[2.076s] [ 50%] [32mBuilding CXX object CMakeFiles/car_gazebo_plugin.dir/src/car_gazebo_plugin.cpp.o[0m
[29.127s] [100%] [32m[1mLinking CXX shared library libcar_gazebo_plugin.so[0m
[30.463s] [100%] Built target car_gazebo_plugin
[30.478s] Invoked command in '/home/ros2/ros2_ws/build/car_gazebo_plugin' returned '0': AMENT_PREFIX_PATH=/home/ros2/ros2_ws/install/smartcar_msgs:/home/ros2/ros2_ws/install/ackermann_msgs:${AMENT_PREFIX_PATH} CMAKE_PREFIX_PATH=/home/ros2/ros2_ws/install/smartcar_msgs:/home/ros2/ros2_ws/install/ackermann_msgs:/opt/ros/humble LD_LIBRARY_PATH=/home/ros2/ros2_ws/install/smartcar_msgs/lib:/home/ros2/ros2_ws/install/ackermann_msgs/lib:/usr/lib/x86_64-linux-gnu/gazebo-11/plugins:/opt/ros/humble/opt/rviz_ogre_vendor/lib:/opt/ros/humble/lib/x86_64-linux-gnu:/opt/ros/humble/lib:/usr/lib/x86_64-linux-gnu/gazebo-11/plugins PYTHONPATH=/home/ros2/ros2_ws/install/smartcar_msgs/local/lib/python3.10/dist-packages:/home/ros2/ros2_ws/install/ackermann_msgs/local/lib/python3.10/dist-packages:${PYTHONPATH} /usr/bin/cmake --build /home/ros2/ros2_ws/build/car_gazebo_plugin -- -j8 -l8
[30.528s] Invoking command in '/home/ros2/ros2_ws/build/car_gazebo_plugin': AMENT_PREFIX_PATH=/home/ros2/ros2_ws/install/smartcar_msgs:/home/ros2/ros2_ws/install/ackermann_msgs:${AMENT_PREFIX_PATH} CMAKE_PREFIX_PATH=/home/ros2/ros2_ws/install/smartcar_msgs:/home/ros2/ros2_ws/install/ackermann_msgs:/opt/ros/humble LD_LIBRARY_PATH=/home/ros2/ros2_ws/install/smartcar_msgs/lib:/home/ros2/ros2_ws/install/ackermann_msgs/lib:/usr/lib/x86_64-linux-gnu/gazebo-11/plugins:/opt/ros/humble/opt/rviz_ogre_vendor/lib:/opt/ros/humble/lib/x86_64-linux-gnu:/opt/ros/humble/lib:/usr/lib/x86_64-linux-gnu/gazebo-11/plugins PYTHONPATH=/home/ros2/ros2_ws/install/smartcar_msgs/local/lib/python3.10/dist-packages:/home/ros2/ros2_ws/install/ackermann_msgs/local/lib/python3.10/dist-packages:${PYTHONPATH} /usr/bin/cmake --install /home/ros2/ros2_ws/build/car_gazebo_plugin
[30.536s] -- Install configuration: ""
[30.536s] -- Installing: /home/ros2/ros2_ws/install/car_gazebo_plugin/share/car_gazebo_plugin/environment/library_path.sh
[30.537s] -- Installing: /home/ros2/ros2_ws/install/car_gazebo_plugin/share/car_gazebo_plugin/environment/library_path.dsv
[30.537s] -- Up-to-date: /home/ros2/ros2_ws/install/car_gazebo_plugin/share/ament_index/resource_index/package_run_dependencies/car_gazebo_plugin
[30.537s] -- Up-to-date: /home/ros2/ros2_ws/install/car_gazebo_plugin/share/ament_index/resource_index/parent_prefix_path/car_gazebo_plugin
[30.537s] -- Installing: /home/ros2/ros2_ws/install/car_gazebo_plugin/share/car_gazebo_plugin/environment/ament_prefix_path.sh
[30.537s] -- Installing: /home/ros2/ros2_ws/install/car_gazebo_plugin/share/car_gazebo_plugin/environment/ament_prefix_path.dsv
[30.537s] -- Installing: /home/ros2/ros2_ws/install/car_gazebo_plugin/share/car_gazebo_plugin/environment/path.sh
[30.537s] -- Installing: /home/ros2/ros2_ws/install/car_gazebo_plugin/share/car_gazebo_plugin/environment/path.dsv
[30.538s] -- Up-to-date: /home/ros2/ros2_ws/install/car_gazebo_plugin/share/car_gazebo_plugin/local_setup.bash
[30.538s] -- Up-to-date: /home/ros2/ros2_ws/install/car_gazebo_plugin/share/car_gazebo_plugin/local_setup.sh
[30.538s] -- Up-to-date: /home/ros2/ros2_ws/install/car_gazebo_plugin/share/car_gazebo_plugin/local_setup.zsh
[30.538s] -- Installing: /home/ros2/ros2_ws/install/car_gazebo_plugin/share/car_gazebo_plugin/local_setup.dsv
[30.538s] -- Installing: /home/ros2/ros2_ws/install/car_gazebo_plugin/share/car_gazebo_plugin/package.dsv
[30.538s] -- Up-to-date: /home/ros2/ros2_ws/install/car_gazebo_plugin/share/ament_index/resource_index/packages/car_gazebo_plugin
[30.538s] -- Up-to-date: /home/ros2/ros2_ws/install/car_gazebo_plugin/share/car_gazebo_plugin/cmake/ament_cmake_export_libraries-extras.cmake
[30.538s] -- Up-to-date: /home/ros2/ros2_ws/install/car_gazebo_plugin/share/car_gazebo_plugin/cmake/ament_cmake_export_include_directories-extras.cmake
[30.538s] -- Up-to-date: /home/ros2/ros2_ws/install/car_gazebo_plugin/share/car_gazebo_plugin/cmake/ament_cmake_export_dependencies-extras.cmake
[30.538s] -- Up-to-date: /home/ros2/ros2_ws/install/car_gazebo_plugin/share/car_gazebo_plugin/cmake/car_gazebo_pluginConfig.cmake
[30.538s] -- Up-to-date: /home/ros2/ros2_ws/install/car_gazebo_plugin/share/car_gazebo_plugin/cmake/car_gazebo_pluginConfig-version.cmake
[30.538s] -- Up-to-date: /home/ros2/ros2_ws/install/car_gazebo_plugin/share/car_gazebo_plugin/package.xml
[30.538s] -- Installing: /home/ros2/ros2_ws/install/car_gazebo_plugin/lib/libcar_gazebo_plugin.so
[30.547s] -- Set runtime path of "/home/ros2/ros2_ws/install/car_gazebo_plugin/lib/libcar_gazebo_plugin.so" to ""
[30.550s] Invoked command in '/home/ros2/ros2_ws/build/car_gazebo_plugin' returned '0': AMENT_PREFIX_PATH=/home/ros2/ros2_ws/install/smartcar_msgs:/home/ros2/ros2_ws/install/ackermann_msgs:${AMENT_PREFIX_PATH} CMAKE_PREFIX_PATH=/home/ros2/ros2_ws/install/smartcar_msgs:/home/ros2/ros2_ws/install/ackermann_msgs:/opt/ros/humble LD_LIBRARY_PATH=/home/ros2/ros2_ws/install/smartcar_msgs/lib:/home/ros2/ros2_ws/install/ackermann_msgs/lib:/usr/lib/x86_64-linux-gnu/gazebo-11/plugins:/opt/ros/humble/opt/rviz_ogre_vendor/lib:/opt/ros/humble/lib/x86_64-linux-gnu:/opt/ros/humble/lib:/usr/lib/x86_64-linux-gnu/gazebo-11/plugins PYTHONPATH=/home/ros2/ros2_ws/install/smartcar_msgs/local/lib/python3.10/dist-packages:/home/ros2/ros2_ws/install/ackermann_msgs/local/lib/python3.10/dist-packages:${PYTHONPATH} /usr/bin/cmake --install /home/ros2/ros2_ws/build/car_gazebo_plugin
