[0.024s] Invoking command in '/home/ros2/ros2_ws/build/ackermann_msgs': CMAKE_PREFIX_PATH=${CMAKE_PREFIX_PATH}:/opt/ros/humble /usr/bin/cmake --build /home/ros2/ros2_ws/build/ackermann_msgs -- -j8 -l8
[0.089s] [  2%] Built target ackermann_msgs__cpp
[0.089s] [ 12%] Built target ackermann_msgs__rosidl_generator_c
[0.153s] [ 12%] Built target ament_cmake_python_copy_ackermann_msgs
[0.197s] [ 33%] Built target ackermann_msgs__rosidl_typesupport_fastrtps_c
[0.197s] [ 33%] Built target ackermann_msgs__rosidl_typesupport_fastrtps_cpp
[0.208s] [ 43%] Built target ackermann_msgs__rosidl_typesupport_introspection_c
[0.209s] [ 53%] Built target ackermann_msgs__rosidl_typesupport_introspection_cpp
[0.217s] [ 74%] Built target ackermann_msgs__rosidl_typesupport_c
[0.217s] [ 74%] Built target ackermann_msgs__rosidl_typesupport_cpp
[0.248s] [ 74%] Built target ackermann_msgs
[0.274s] [ 76%] Built target ackermann_msgs__py
[0.301s] [ 84%] Built target ackermann_msgs__rosidl_generator_py
[0.333s] [ 89%] Built target ackermann_msgs__rosidl_typesupport_fastrtps_c__pyext
[0.336s] [ 94%] Built target ackermann_msgs__rosidl_typesupport_c__pyext
[0.341s] [100%] Built target ackermann_msgs__rosidl_typesupport_introspection_c__pyext
[0.406s] running egg_info
[0.406s] writing ackermann_msgs.egg-info/PKG-INFO
[0.407s] writing dependency_links to ackermann_msgs.egg-info/dependency_links.txt
[0.410s] writing top-level names to ackermann_msgs.egg-info/top_level.txt
[0.413s] reading manifest file 'ackermann_msgs.egg-info/SOURCES.txt'
[0.413s] writing manifest file 'ackermann_msgs.egg-info/SOURCES.txt'
[0.438s] [100%] Built target ament_cmake_python_build_ackermann_msgs_egg
[0.453s] Invoked command in '/home/ros2/ros2_ws/build/ackermann_msgs' returned '0': CMAKE_PREFIX_PATH=${CMAKE_PREFIX_PATH}:/opt/ros/humble /usr/bin/cmake --build /home/ros2/ros2_ws/build/ackermann_msgs -- -j8 -l8
[0.663s] Invoking command in '/home/ros2/ros2_ws/build/ackermann_msgs': CMAKE_PREFIX_PATH=${CMAKE_PREFIX_PATH}:/opt/ros/humble /usr/bin/cmake --install /home/ros2/ros2_ws/build/ackermann_msgs
[0.670s] -- Install configuration: ""
[0.671s] -- Up-to-date: /home/ros2/ros2_ws/install/ackermann_msgs/share/ament_index/resource_index/rosidl_interfaces/ackermann_msgs
[0.671s] -- Up-to-date: /home/ros2/ros2_ws/install/ackermann_msgs/include/ackermann_msgs/ackermann_msgs
[0.671s] -- Up-to-date: /home/ros2/ros2_ws/install/ackermann_msgs/include/ackermann_msgs/ackermann_msgs/msg
[0.671s] -- Up-to-date: /home/ros2/ros2_ws/install/ackermann_msgs/include/ackermann_msgs/ackermann_msgs/msg/rosidl_generator_c__visibility_control.h
[0.671s] -- Up-to-date: /home/ros2/ros2_ws/install/ackermann_msgs/include/ackermann_msgs/ackermann_msgs/msg/ackermann_drive.h
[0.672s] -- Up-to-date: /home/ros2/ros2_ws/install/ackermann_msgs/include/ackermann_msgs/ackermann_msgs/msg/ackermann_drive_stamped.h
[0.672s] -- Up-to-date: /home/ros2/ros2_ws/install/ackermann_msgs/include/ackermann_msgs/ackermann_msgs/msg/detail
[0.672s] -- Up-to-date: /home/ros2/ros2_ws/install/ackermann_msgs/include/ackermann_msgs/ackermann_msgs/msg/detail/ackermann_drive_stamped__functions.h
[0.672s] -- Up-to-date: /home/ros2/ros2_ws/install/ackermann_msgs/include/ackermann_msgs/ackermann_msgs/msg/detail/ackermann_drive_stamped__functions.c
[0.672s] -- Up-to-date: /home/ros2/ros2_ws/install/ackermann_msgs/include/ackermann_msgs/ackermann_msgs/msg/detail/ackermann_drive__struct.h
[0.672s] -- Up-to-date: /home/ros2/ros2_ws/install/ackermann_msgs/include/ackermann_msgs/ackermann_msgs/msg/detail/ackermann_drive__functions.c
[0.672s] -- Up-to-date: /home/ros2/ros2_ws/install/ackermann_msgs/include/ackermann_msgs/ackermann_msgs/msg/detail/ackermann_drive_stamped__type_support.h
[0.672s] -- Up-to-date: /home/ros2/ros2_ws/install/ackermann_msgs/include/ackermann_msgs/ackermann_msgs/msg/detail/ackermann_drive__functions.h
[0.672s] -- Up-to-date: /home/ros2/ros2_ws/install/ackermann_msgs/include/ackermann_msgs/ackermann_msgs/msg/detail/ackermann_drive__type_support.h
[0.672s] -- Up-to-date: /home/ros2/ros2_ws/install/ackermann_msgs/include/ackermann_msgs/ackermann_msgs/msg/detail/ackermann_drive_stamped__struct.h
[0.673s] -- Up-to-date: /home/ros2/ros2_ws/install/ackermann_msgs/share/ackermann_msgs/environment/library_path.sh
[0.673s] -- Up-to-date: /home/ros2/ros2_ws/install/ackermann_msgs/share/ackermann_msgs/environment/library_path.dsv
[0.673s] -- Up-to-date: /home/ros2/ros2_ws/install/ackermann_msgs/lib/libackermann_msgs__rosidl_generator_c.so
[0.673s] -- Up-to-date: /home/ros2/ros2_ws/install/ackermann_msgs/include/ackermann_msgs/ackermann_msgs
[0.673s] -- Up-to-date: /home/ros2/ros2_ws/install/ackermann_msgs/include/ackermann_msgs/ackermann_msgs/msg
[0.673s] -- Up-to-date: /home/ros2/ros2_ws/install/ackermann_msgs/include/ackermann_msgs/ackermann_msgs/msg/rosidl_typesupport_fastrtps_c__visibility_control.h
[0.673s] -- Up-to-date: /home/ros2/ros2_ws/install/ackermann_msgs/include/ackermann_msgs/ackermann_msgs/msg/detail
[0.673s] -- Up-to-date: /home/ros2/ros2_ws/install/ackermann_msgs/include/ackermann_msgs/ackermann_msgs/msg/detail/ackermann_drive__rosidl_typesupport_fastrtps_c.h
[0.673s] -- Up-to-date: /home/ros2/ros2_ws/install/ackermann_msgs/include/ackermann_msgs/ackermann_msgs/msg/detail/ackermann_drive_stamped__rosidl_typesupport_fastrtps_c.h
[0.673s] -- Up-to-date: /home/ros2/ros2_ws/install/ackermann_msgs/lib/libackermann_msgs__rosidl_typesupport_fastrtps_c.so
[0.673s] -- Up-to-date: /home/ros2/ros2_ws/install/ackermann_msgs/include/ackermann_msgs/ackermann_msgs
[0.673s] -- Up-to-date: /home/ros2/ros2_ws/install/ackermann_msgs/include/ackermann_msgs/ackermann_msgs/msg
[0.673s] -- Up-to-date: /home/ros2/ros2_ws/install/ackermann_msgs/include/ackermann_msgs/ackermann_msgs/msg/detail
[0.674s] -- Up-to-date: /home/ros2/ros2_ws/install/ackermann_msgs/include/ackermann_msgs/ackermann_msgs/msg/detail/ackermann_drive_stamped__rosidl_typesupport_introspection_c.h
[0.674s] -- Up-to-date: /home/ros2/ros2_ws/install/ackermann_msgs/include/ackermann_msgs/ackermann_msgs/msg/detail/ackermann_drive__rosidl_typesupport_introspection_c.h
[0.674s] -- Up-to-date: /home/ros2/ros2_ws/install/ackermann_msgs/include/ackermann_msgs/ackermann_msgs/msg/detail/ackermann_drive__type_support.c
[0.674s] -- Up-to-date: /home/ros2/ros2_ws/install/ackermann_msgs/include/ackermann_msgs/ackermann_msgs/msg/detail/ackermann_drive_stamped__type_support.c
[0.674s] -- Up-to-date: /home/ros2/ros2_ws/install/ackermann_msgs/include/ackermann_msgs/ackermann_msgs/msg/rosidl_typesupport_introspection_c__visibility_control.h
[0.674s] -- Up-to-date: /home/ros2/ros2_ws/install/ackermann_msgs/lib/libackermann_msgs__rosidl_typesupport_introspection_c.so
[0.675s] -- Up-to-date: /home/ros2/ros2_ws/install/ackermann_msgs/lib/libackermann_msgs__rosidl_typesupport_c.so
[0.675s] -- Up-to-date: /home/ros2/ros2_ws/install/ackermann_msgs/include/ackermann_msgs/ackermann_msgs
[0.675s] -- Up-to-date: /home/ros2/ros2_ws/install/ackermann_msgs/include/ackermann_msgs/ackermann_msgs/msg
[0.675s] -- Up-to-date: /home/ros2/ros2_ws/install/ackermann_msgs/include/ackermann_msgs/ackermann_msgs/msg/ackermann_drive_stamped.hpp
[0.675s] -- Up-to-date: /home/ros2/ros2_ws/install/ackermann_msgs/include/ackermann_msgs/ackermann_msgs/msg/ackermann_drive.hpp
[0.675s] -- Up-to-date: /home/ros2/ros2_ws/install/ackermann_msgs/include/ackermann_msgs/ackermann_msgs/msg/detail
[0.675s] -- Up-to-date: /home/ros2/ros2_ws/install/ackermann_msgs/include/ackermann_msgs/ackermann_msgs/msg/detail/ackermann_drive__builder.hpp
[0.675s] -- Up-to-date: /home/ros2/ros2_ws/install/ackermann_msgs/include/ackermann_msgs/ackermann_msgs/msg/detail/ackermann_drive__struct.hpp
[0.675s] -- Up-to-date: /home/ros2/ros2_ws/install/ackermann_msgs/include/ackermann_msgs/ackermann_msgs/msg/detail/ackermann_drive_stamped__struct.hpp
[0.675s] -- Up-to-date: /home/ros2/ros2_ws/install/ackermann_msgs/include/ackermann_msgs/ackermann_msgs/msg/detail/ackermann_drive__traits.hpp
[0.675s] -- Up-to-date: /home/ros2/ros2_ws/install/ackermann_msgs/include/ackermann_msgs/ackermann_msgs/msg/detail/ackermann_drive_stamped__builder.hpp
[0.675s] -- Up-to-date: /home/ros2/ros2_ws/install/ackermann_msgs/include/ackermann_msgs/ackermann_msgs/msg/detail/ackermann_drive_stamped__traits.hpp
[0.675s] -- Up-to-date: /home/ros2/ros2_ws/install/ackermann_msgs/include/ackermann_msgs/ackermann_msgs
[0.675s] -- Up-to-date: /home/ros2/ros2_ws/install/ackermann_msgs/include/ackermann_msgs/ackermann_msgs/msg
[0.675s] -- Up-to-date: /home/ros2/ros2_ws/install/ackermann_msgs/include/ackermann_msgs/ackermann_msgs/msg/rosidl_typesupport_fastrtps_cpp__visibility_control.h
[0.675s] -- Up-to-date: /home/ros2/ros2_ws/install/ackermann_msgs/include/ackermann_msgs/ackermann_msgs/msg/detail
[0.675s] -- Up-to-date: /home/ros2/ros2_ws/install/ackermann_msgs/include/ackermann_msgs/ackermann_msgs/msg/detail/ackermann_drive__rosidl_typesupport_fastrtps_cpp.hpp
[0.675s] -- Up-to-date: /home/ros2/ros2_ws/install/ackermann_msgs/include/ackermann_msgs/ackermann_msgs/msg/detail/ackermann_drive_stamped__rosidl_typesupport_fastrtps_cpp.hpp
[0.675s] -- Up-to-date: /home/ros2/ros2_ws/install/ackermann_msgs/include/ackermann_msgs/ackermann_msgs/msg/detail/dds_fastrtps
[0.675s] -- Up-to-date: /home/ros2/ros2_ws/install/ackermann_msgs/lib/libackermann_msgs__rosidl_typesupport_fastrtps_cpp.so
[0.675s] -- Up-to-date: /home/ros2/ros2_ws/install/ackermann_msgs/include/ackermann_msgs/ackermann_msgs
[0.675s] -- Up-to-date: /home/ros2/ros2_ws/install/ackermann_msgs/include/ackermann_msgs/ackermann_msgs/msg
[0.675s] -- Up-to-date: /home/ros2/ros2_ws/install/ackermann_msgs/include/ackermann_msgs/ackermann_msgs/msg/detail
[0.675s] -- Up-to-date: /home/ros2/ros2_ws/install/ackermann_msgs/include/ackermann_msgs/ackermann_msgs/msg/detail/ackermann_drive_stamped__rosidl_typesupport_introspection_cpp.hpp
[0.675s] -- Up-to-date: /home/ros2/ros2_ws/install/ackermann_msgs/include/ackermann_msgs/ackermann_msgs/msg/detail/ackermann_drive_stamped__type_support.cpp
[0.675s] -- Up-to-date: /home/ros2/ros2_ws/install/ackermann_msgs/include/ackermann_msgs/ackermann_msgs/msg/detail/ackermann_drive__type_support.cpp
[0.675s] -- Up-to-date: /home/ros2/ros2_ws/install/ackermann_msgs/include/ackermann_msgs/ackermann_msgs/msg/detail/ackermann_drive__rosidl_typesupport_introspection_cpp.hpp
[0.675s] -- Up-to-date: /home/ros2/ros2_ws/install/ackermann_msgs/lib/libackermann_msgs__rosidl_typesupport_introspection_cpp.so
[0.675s] -- Up-to-date: /home/ros2/ros2_ws/install/ackermann_msgs/lib/libackermann_msgs__rosidl_typesupport_cpp.so
[0.676s] -- Up-to-date: /home/ros2/ros2_ws/install/ackermann_msgs/share/ackermann_msgs/environment/pythonpath.sh
[0.676s] -- Up-to-date: /home/ros2/ros2_ws/install/ackermann_msgs/share/ackermann_msgs/environment/pythonpath.dsv
[0.676s] -- Up-to-date: /home/ros2/ros2_ws/install/ackermann_msgs/local/lib/python3.10/dist-packages/ackermann_msgs-2.0.2-py3.10.egg-info
[0.676s] -- Installing: /home/ros2/ros2_ws/install/ackermann_msgs/local/lib/python3.10/dist-packages/ackermann_msgs-2.0.2-py3.10.egg-info/SOURCES.txt
[0.676s] -- Installing: /home/ros2/ros2_ws/install/ackermann_msgs/local/lib/python3.10/dist-packages/ackermann_msgs-2.0.2-py3.10.egg-info/PKG-INFO
[0.676s] -- Installing: /home/ros2/ros2_ws/install/ackermann_msgs/local/lib/python3.10/dist-packages/ackermann_msgs-2.0.2-py3.10.egg-info/top_level.txt
[0.676s] -- Installing: /home/ros2/ros2_ws/install/ackermann_msgs/local/lib/python3.10/dist-packages/ackermann_msgs-2.0.2-py3.10.egg-info/dependency_links.txt
[0.677s] -- Up-to-date: /home/ros2/ros2_ws/install/ackermann_msgs/local/lib/python3.10/dist-packages/ackermann_msgs
[0.677s] -- Up-to-date: /home/ros2/ros2_ws/install/ackermann_msgs/local/lib/python3.10/dist-packages/ackermann_msgs/__init__.py
[0.677s] -- Up-to-date: /home/ros2/ros2_ws/install/ackermann_msgs/local/lib/python3.10/dist-packages/ackermann_msgs/_ackermann_msgs_s.ep.rosidl_typesupport_c.c
[0.677s] -- Up-to-date: /home/ros2/ros2_ws/install/ackermann_msgs/local/lib/python3.10/dist-packages/ackermann_msgs/ackermann_msgs_s__rosidl_typesupport_fastrtps_c.cpython-310-x86_64-linux-gnu.so
[0.677s] -- Up-to-date: /home/ros2/ros2_ws/install/ackermann_msgs/local/lib/python3.10/dist-packages/ackermann_msgs/libackermann_msgs__rosidl_generator_py.so
[0.677s] -- Up-to-date: /home/ros2/ros2_ws/install/ackermann_msgs/local/lib/python3.10/dist-packages/ackermann_msgs/ackermann_msgs_s__rosidl_typesupport_c.cpython-310-x86_64-linux-gnu.so
[0.677s] -- Up-to-date: /home/ros2/ros2_ws/install/ackermann_msgs/local/lib/python3.10/dist-packages/ackermann_msgs/ackermann_msgs_s__rosidl_typesupport_introspection_c.cpython-310-x86_64-linux-gnu.so
[0.677s] -- Up-to-date: /home/ros2/ros2_ws/install/ackermann_msgs/local/lib/python3.10/dist-packages/ackermann_msgs/_ackermann_msgs_s.ep.rosidl_typesupport_introspection_c.c
[0.677s] -- Up-to-date: /home/ros2/ros2_ws/install/ackermann_msgs/local/lib/python3.10/dist-packages/ackermann_msgs/_ackermann_msgs_s.ep.rosidl_typesupport_fastrtps_c.c
[0.677s] -- Up-to-date: /home/ros2/ros2_ws/install/ackermann_msgs/local/lib/python3.10/dist-packages/ackermann_msgs/msg
[0.677s] -- Up-to-date: /home/ros2/ros2_ws/install/ackermann_msgs/local/lib/python3.10/dist-packages/ackermann_msgs/msg/__init__.py
[0.677s] -- Up-to-date: /home/ros2/ros2_ws/install/ackermann_msgs/local/lib/python3.10/dist-packages/ackermann_msgs/msg/_ackermann_drive_stamped.py
[0.677s] -- Up-to-date: /home/ros2/ros2_ws/install/ackermann_msgs/local/lib/python3.10/dist-packages/ackermann_msgs/msg/_ackermann_drive.py
[0.677s] -- Up-to-date: /home/ros2/ros2_ws/install/ackermann_msgs/local/lib/python3.10/dist-packages/ackermann_msgs/msg/_ackermann_drive_s.c
[0.677s] -- Up-to-date: /home/ros2/ros2_ws/install/ackermann_msgs/local/lib/python3.10/dist-packages/ackermann_msgs/msg/_ackermann_drive_stamped_s.c
[0.704s] Listing '/home/ros2/ros2_ws/install/ackermann_msgs/local/lib/python3.10/dist-packages/ackermann_msgs'...
[0.704s] Listing '/home/ros2/ros2_ws/install/ackermann_msgs/local/lib/python3.10/dist-packages/ackermann_msgs/msg'...
[0.708s] -- Up-to-date: /home/ros2/ros2_ws/install/ackermann_msgs/local/lib/python3.10/dist-packages/ackermann_msgs/ackermann_msgs_s__rosidl_typesupport_fastrtps_c.cpython-310-x86_64-linux-gnu.so
[0.708s] -- Up-to-date: /home/ros2/ros2_ws/install/ackermann_msgs/local/lib/python3.10/dist-packages/ackermann_msgs/ackermann_msgs_s__rosidl_typesupport_introspection_c.cpython-310-x86_64-linux-gnu.so
[0.708s] -- Up-to-date: /home/ros2/ros2_ws/install/ackermann_msgs/local/lib/python3.10/dist-packages/ackermann_msgs/ackermann_msgs_s__rosidl_typesupport_c.cpython-310-x86_64-linux-gnu.so
[0.708s] -- Up-to-date: /home/ros2/ros2_ws/install/ackermann_msgs/lib/libackermann_msgs__rosidl_generator_py.so
[0.709s] -- Up-to-date: /home/ros2/ros2_ws/install/ackermann_msgs/share/ackermann_msgs/msg/AckermannDrive.idl
[0.709s] -- Up-to-date: /home/ros2/ros2_ws/install/ackermann_msgs/share/ackermann_msgs/msg/AckermannDriveStamped.idl
[0.710s] -- Up-to-date: /home/ros2/ros2_ws/install/ackermann_msgs/share/ackermann_msgs/msg/AckermannDrive.msg
[0.710s] -- Up-to-date: /home/ros2/ros2_ws/install/ackermann_msgs/share/ackermann_msgs/msg/AckermannDriveStamped.msg
[0.710s] -- Up-to-date: /home/ros2/ros2_ws/install/ackermann_msgs/share/ament_index/resource_index/package_run_dependencies/ackermann_msgs
[0.711s] -- Up-to-date: /home/ros2/ros2_ws/install/ackermann_msgs/share/ament_index/resource_index/parent_prefix_path/ackermann_msgs
[0.711s] -- Up-to-date: /home/ros2/ros2_ws/install/ackermann_msgs/share/ackermann_msgs/environment/ament_prefix_path.sh
[0.711s] -- Up-to-date: /home/ros2/ros2_ws/install/ackermann_msgs/share/ackermann_msgs/environment/ament_prefix_path.dsv
[0.712s] -- Up-to-date: /home/ros2/ros2_ws/install/ackermann_msgs/share/ackermann_msgs/environment/path.sh
[0.712s] -- Up-to-date: /home/ros2/ros2_ws/install/ackermann_msgs/share/ackermann_msgs/environment/path.dsv
[0.712s] -- Up-to-date: /home/ros2/ros2_ws/install/ackermann_msgs/share/ackermann_msgs/local_setup.bash
[0.712s] -- Up-to-date: /home/ros2/ros2_ws/install/ackermann_msgs/share/ackermann_msgs/local_setup.sh
[0.712s] -- Up-to-date: /home/ros2/ros2_ws/install/ackermann_msgs/share/ackermann_msgs/local_setup.zsh
[0.713s] -- Up-to-date: /home/ros2/ros2_ws/install/ackermann_msgs/share/ackermann_msgs/local_setup.dsv
[0.714s] -- Installing: /home/ros2/ros2_ws/install/ackermann_msgs/share/ackermann_msgs/package.dsv
[0.714s] -- Up-to-date: /home/ros2/ros2_ws/install/ackermann_msgs/share/ament_index/resource_index/packages/ackermann_msgs
[0.714s] -- Up-to-date: /home/ros2/ros2_ws/install/ackermann_msgs/share/ackermann_msgs/cmake/export_ackermann_msgs__rosidl_generator_cExport.cmake
[0.714s] -- Up-to-date: /home/ros2/ros2_ws/install/ackermann_msgs/share/ackermann_msgs/cmake/export_ackermann_msgs__rosidl_generator_cExport-noconfig.cmake
[0.714s] -- Up-to-date: /home/ros2/ros2_ws/install/ackermann_msgs/share/ackermann_msgs/cmake/export_ackermann_msgs__rosidl_typesupport_fastrtps_cExport.cmake
[0.714s] -- Up-to-date: /home/ros2/ros2_ws/install/ackermann_msgs/share/ackermann_msgs/cmake/export_ackermann_msgs__rosidl_typesupport_fastrtps_cExport-noconfig.cmake
[0.714s] -- Up-to-date: /home/ros2/ros2_ws/install/ackermann_msgs/share/ackermann_msgs/cmake/ackermann_msgs__rosidl_typesupport_introspection_cExport.cmake
[0.714s] -- Up-to-date: /home/ros2/ros2_ws/install/ackermann_msgs/share/ackermann_msgs/cmake/ackermann_msgs__rosidl_typesupport_introspection_cExport-noconfig.cmake
[0.714s] -- Up-to-date: /home/ros2/ros2_ws/install/ackermann_msgs/share/ackermann_msgs/cmake/ackermann_msgs__rosidl_typesupport_cExport.cmake
[0.715s] -- Up-to-date: /home/ros2/ros2_ws/install/ackermann_msgs/share/ackermann_msgs/cmake/ackermann_msgs__rosidl_typesupport_cExport-noconfig.cmake
[0.715s] -- Up-to-date: /home/ros2/ros2_ws/install/ackermann_msgs/share/ackermann_msgs/cmake/export_ackermann_msgs__rosidl_generator_cppExport.cmake
[0.715s] -- Up-to-date: /home/ros2/ros2_ws/install/ackermann_msgs/share/ackermann_msgs/cmake/export_ackermann_msgs__rosidl_typesupport_fastrtps_cppExport.cmake
[0.715s] -- Up-to-date: /home/ros2/ros2_ws/install/ackermann_msgs/share/ackermann_msgs/cmake/export_ackermann_msgs__rosidl_typesupport_fastrtps_cppExport-noconfig.cmake
[0.716s] -- Up-to-date: /home/ros2/ros2_ws/install/ackermann_msgs/share/ackermann_msgs/cmake/ackermann_msgs__rosidl_typesupport_introspection_cppExport.cmake
[0.716s] -- Up-to-date: /home/ros2/ros2_ws/install/ackermann_msgs/share/ackermann_msgs/cmake/ackermann_msgs__rosidl_typesupport_introspection_cppExport-noconfig.cmake
[0.717s] -- Up-to-date: /home/ros2/ros2_ws/install/ackermann_msgs/share/ackermann_msgs/cmake/ackermann_msgs__rosidl_typesupport_cppExport.cmake
[0.717s] -- Up-to-date: /home/ros2/ros2_ws/install/ackermann_msgs/share/ackermann_msgs/cmake/ackermann_msgs__rosidl_typesupport_cppExport-noconfig.cmake
[0.717s] -- Up-to-date: /home/ros2/ros2_ws/install/ackermann_msgs/share/ackermann_msgs/cmake/export_ackermann_msgs__rosidl_generator_pyExport.cmake
[0.720s] -- Up-to-date: /home/ros2/ros2_ws/install/ackermann_msgs/share/ackermann_msgs/cmake/export_ackermann_msgs__rosidl_generator_pyExport-noconfig.cmake
[0.720s] -- Up-to-date: /home/ros2/ros2_ws/install/ackermann_msgs/share/ackermann_msgs/cmake/rosidl_cmake-extras.cmake
[0.720s] -- Up-to-date: /home/ros2/ros2_ws/install/ackermann_msgs/share/ackermann_msgs/cmake/ament_cmake_export_dependencies-extras.cmake
[0.720s] -- Up-to-date: /home/ros2/ros2_ws/install/ackermann_msgs/share/ackermann_msgs/cmake/ament_cmake_export_include_directories-extras.cmake
[0.720s] -- Up-to-date: /home/ros2/ros2_ws/install/ackermann_msgs/share/ackermann_msgs/cmake/ament_cmake_export_libraries-extras.cmake
[0.721s] -- Up-to-date: /home/ros2/ros2_ws/install/ackermann_msgs/share/ackermann_msgs/cmake/ament_cmake_export_targets-extras.cmake
[0.721s] -- Up-to-date: /home/ros2/ros2_ws/install/ackermann_msgs/share/ackermann_msgs/cmake/rosidl_cmake_export_typesupport_targets-extras.cmake
[0.721s] -- Up-to-date: /home/ros2/ros2_ws/install/ackermann_msgs/share/ackermann_msgs/cmake/rosidl_cmake_export_typesupport_libraries-extras.cmake
[0.721s] -- Up-to-date: /home/ros2/ros2_ws/install/ackermann_msgs/share/ackermann_msgs/cmake/ackermann_msgsConfig.cmake
[0.721s] -- Up-to-date: /home/ros2/ros2_ws/install/ackermann_msgs/share/ackermann_msgs/cmake/ackermann_msgsConfig-version.cmake
[0.721s] -- Up-to-date: /home/ros2/ros2_ws/install/ackermann_msgs/share/ackermann_msgs/package.xml
[0.721s] Invoked command in '/home/ros2/ros2_ws/build/ackermann_msgs' returned '0': CMAKE_PREFIX_PATH=${CMAKE_PREFIX_PATH}:/opt/ros/humble /usr/bin/cmake --install /home/ros2/ros2_ws/build/ackermann_msgs
