[0.107s] Invoking command in '/home/ros2/ros2_ws/build/ackermann_msgs': CMAKE_PREFIX_PATH=${CMAKE_PREFIX_PATH}:/opt/ros/humble /usr/bin/cmake --build /home/ros2/ros2_ws/build/ackermann_msgs -- -j6 -l6
[0.503s] [  2%] Built target ackermann_msgs__cpp
[0.504s] [ 12%] Built target ackermann_msgs__rosidl_generator_c
[0.622s] [ 12%] Built target ament_cmake_python_copy_ackermann_msgs
[0.726s] [ 23%] Built target ackermann_msgs__rosidl_typesupport_c
[0.755s] [ 33%] Built target ackermann_msgs__rosidl_typesupport_fastrtps_cpp
[0.769s] [ 43%] Built target ackermann_msgs__rosidl_typesupport_introspection_c
[0.815s] [ 53%] Built target ackermann_msgs__rosidl_typesupport_fastrtps_c
[0.829s] [ 64%] Built target ackermann_msgs__rosidl_typesupport_introspection_cpp
[0.852s] [ 74%] Built target ackermann_msgs__rosidl_typesupport_cpp
[0.994s] [ 74%] Built target ackermann_msgs
[1.148s] [ 76%] Built target ackermann_msgs__py
[1.320s] [ 84%] Built target ackermann_msgs__rosidl_generator_py
[1.497s] [ 89%] Built target ackermann_msgs__rosidl_typesupport_fastrtps_c__pyext
[1.518s] [ 94%] Built target ackermann_msgs__rosidl_typesupport_introspection_c__pyext
[1.519s] [100%] Built target ackermann_msgs__rosidl_typesupport_c__pyext
[2.109s] running egg_info
[2.114s] writing ackermann_msgs.egg-info/PKG-INFO
[2.115s] writing dependency_links to ackermann_msgs.egg-info/dependency_links.txt
[2.118s] writing top-level names to ackermann_msgs.egg-info/top_level.txt
[2.129s] reading manifest file 'ackermann_msgs.egg-info/SOURCES.txt'
[2.134s] writing manifest file 'ackermann_msgs.egg-info/SOURCES.txt'
[2.250s] [100%] Built target ament_cmake_python_build_ackermann_msgs_egg
[2.298s] Invoked command in '/home/ros2/ros2_ws/build/ackermann_msgs' returned '0': CMAKE_PREFIX_PATH=${CMAKE_PREFIX_PATH}:/opt/ros/humble /usr/bin/cmake --build /home/ros2/ros2_ws/build/ackermann_msgs -- -j6 -l6
[3.188s] Invoking command in '/home/ros2/ros2_ws/build/ackermann_msgs': CMAKE_PREFIX_PATH=${CMAKE_PREFIX_PATH}:/opt/ros/humble /usr/bin/cmake --install /home/ros2/ros2_ws/build/ackermann_msgs
[3.227s] -- Install configuration: ""
[3.227s] -- Up-to-date: /home/ros2/ros2_ws/install/ackermann_msgs/share/ament_index/resource_index/rosidl_interfaces/ackermann_msgs
[3.228s] -- Up-to-date: /home/ros2/ros2_ws/install/ackermann_msgs/include/ackermann_msgs/ackermann_msgs
[3.228s] -- Up-to-date: /home/ros2/ros2_ws/install/ackermann_msgs/include/ackermann_msgs/ackermann_msgs/msg
[3.228s] -- Up-to-date: /home/ros2/ros2_ws/install/ackermann_msgs/include/ackermann_msgs/ackermann_msgs/msg/rosidl_generator_c__visibility_control.h
[3.230s] -- Up-to-date: /home/ros2/ros2_ws/install/ackermann_msgs/include/ackermann_msgs/ackermann_msgs/msg/ackermann_drive.h
[3.231s] -- Up-to-date: /home/ros2/ros2_ws/install/ackermann_msgs/include/ackermann_msgs/ackermann_msgs/msg/ackermann_drive_stamped.h
[3.231s] -- Up-to-date: /home/ros2/ros2_ws/install/ackermann_msgs/include/ackermann_msgs/ackermann_msgs/msg/detail
[3.232s] -- Up-to-date: /home/ros2/ros2_ws/install/ackermann_msgs/include/ackermann_msgs/ackermann_msgs/msg/detail/ackermann_drive_stamped__functions.h
[3.233s] -- Up-to-date: /home/ros2/ros2_ws/install/ackermann_msgs/include/ackermann_msgs/ackermann_msgs/msg/detail/ackermann_drive_stamped__functions.c
[3.234s] -- Up-to-date: /home/ros2/ros2_ws/install/ackermann_msgs/include/ackermann_msgs/ackermann_msgs/msg/detail/ackermann_drive__struct.h
[3.234s] -- Up-to-date: /home/ros2/ros2_ws/install/ackermann_msgs/include/ackermann_msgs/ackermann_msgs/msg/detail/ackermann_drive__functions.c
[3.241s] -- Up-to-date: /home/ros2/ros2_ws/install/ackermann_msgs/include/ackermann_msgs/ackermann_msgs/msg/detail/ackermann_drive_stamped__type_support.h
[3.247s] -- Up-to-date: /home/ros2/ros2_ws/install/ackermann_msgs/include/ackermann_msgs/ackermann_msgs/msg/detail/ackermann_drive__functions.h
[3.248s] -- Up-to-date: /home/ros2/ros2_ws/install/ackermann_msgs/include/ackermann_msgs/ackermann_msgs/msg/detail/ackermann_drive__type_support.h
[3.248s] -- Up-to-date: /home/ros2/ros2_ws/install/ackermann_msgs/include/ackermann_msgs/ackermann_msgs/msg/detail/ackermann_drive_stamped__struct.h
[3.249s] -- Up-to-date: /home/ros2/ros2_ws/install/ackermann_msgs/share/ackermann_msgs/environment/library_path.sh
[3.249s] -- Up-to-date: /home/ros2/ros2_ws/install/ackermann_msgs/share/ackermann_msgs/environment/library_path.dsv
[3.249s] -- Up-to-date: /home/ros2/ros2_ws/install/ackermann_msgs/lib/libackermann_msgs__rosidl_generator_c.so
[3.250s] -- Up-to-date: /home/ros2/ros2_ws/install/ackermann_msgs/include/ackermann_msgs/ackermann_msgs
[3.250s] -- Up-to-date: /home/ros2/ros2_ws/install/ackermann_msgs/include/ackermann_msgs/ackermann_msgs/msg
[3.250s] -- Up-to-date: /home/ros2/ros2_ws/install/ackermann_msgs/include/ackermann_msgs/ackermann_msgs/msg/rosidl_typesupport_fastrtps_c__visibility_control.h
[3.251s] -- Up-to-date: /home/ros2/ros2_ws/install/ackermann_msgs/include/ackermann_msgs/ackermann_msgs/msg/detail
[3.252s] -- Up-to-date: /home/ros2/ros2_ws/install/ackermann_msgs/include/ackermann_msgs/ackermann_msgs/msg/detail/ackermann_drive__rosidl_typesupport_fastrtps_c.h
[3.253s] -- Up-to-date: /home/ros2/ros2_ws/install/ackermann_msgs/include/ackermann_msgs/ackermann_msgs/msg/detail/ackermann_drive_stamped__rosidl_typesupport_fastrtps_c.h
[3.255s] -- Up-to-date: /home/ros2/ros2_ws/install/ackermann_msgs/lib/libackermann_msgs__rosidl_typesupport_fastrtps_c.so
[3.257s] -- Up-to-date: /home/ros2/ros2_ws/install/ackermann_msgs/include/ackermann_msgs/ackermann_msgs
[3.258s] -- Up-to-date: /home/ros2/ros2_ws/install/ackermann_msgs/include/ackermann_msgs/ackermann_msgs/msg
[3.259s] -- Up-to-date: /home/ros2/ros2_ws/install/ackermann_msgs/include/ackermann_msgs/ackermann_msgs/msg/detail
[3.259s] -- Up-to-date: /home/ros2/ros2_ws/install/ackermann_msgs/include/ackermann_msgs/ackermann_msgs/msg/detail/ackermann_drive_stamped__rosidl_typesupport_introspection_c.h
[3.259s] -- Up-to-date: /home/ros2/ros2_ws/install/ackermann_msgs/include/ackermann_msgs/ackermann_msgs/msg/detail/ackermann_drive__rosidl_typesupport_introspection_c.h
[3.260s] -- Up-to-date: /home/ros2/ros2_ws/install/ackermann_msgs/include/ackermann_msgs/ackermann_msgs/msg/detail/ackermann_drive__type_support.c
[3.261s] -- Up-to-date: /home/ros2/ros2_ws/install/ackermann_msgs/include/ackermann_msgs/ackermann_msgs/msg/detail/ackermann_drive_stamped__type_support.c
[3.262s] -- Up-to-date: /home/ros2/ros2_ws/install/ackermann_msgs/include/ackermann_msgs/ackermann_msgs/msg/rosidl_typesupport_introspection_c__visibility_control.h
[3.263s] -- Up-to-date: /home/ros2/ros2_ws/install/ackermann_msgs/lib/libackermann_msgs__rosidl_typesupport_introspection_c.so
[3.264s] -- Up-to-date: /home/ros2/ros2_ws/install/ackermann_msgs/lib/libackermann_msgs__rosidl_typesupport_c.so
[3.265s] -- Up-to-date: /home/ros2/ros2_ws/install/ackermann_msgs/include/ackermann_msgs/ackermann_msgs
[3.265s] -- Up-to-date: /home/ros2/ros2_ws/install/ackermann_msgs/include/ackermann_msgs/ackermann_msgs/msg
[3.266s] -- Up-to-date: /home/ros2/ros2_ws/install/ackermann_msgs/include/ackermann_msgs/ackermann_msgs/msg/ackermann_drive_stamped.hpp
[3.266s] -- Up-to-date: /home/ros2/ros2_ws/install/ackermann_msgs/include/ackermann_msgs/ackermann_msgs/msg/ackermann_drive.hpp
[3.267s] -- Up-to-date: /home/ros2/ros2_ws/install/ackermann_msgs/include/ackermann_msgs/ackermann_msgs/msg/detail
[3.268s] -- Up-to-date: /home/ros2/ros2_ws/install/ackermann_msgs/include/ackermann_msgs/ackermann_msgs/msg/detail/ackermann_drive__builder.hpp
[3.269s] -- Up-to-date: /home/ros2/ros2_ws/install/ackermann_msgs/include/ackermann_msgs/ackermann_msgs/msg/detail/ackermann_drive__struct.hpp
[3.269s] -- Up-to-date: /home/ros2/ros2_ws/install/ackermann_msgs/include/ackermann_msgs/ackermann_msgs/msg/detail/ackermann_drive_stamped__struct.hpp
[3.269s] -- Up-to-date: /home/ros2/ros2_ws/install/ackermann_msgs/include/ackermann_msgs/ackermann_msgs/msg/detail/ackermann_drive__traits.hpp
[3.270s] -- Up-to-date: /home/ros2/ros2_ws/install/ackermann_msgs/include/ackermann_msgs/ackermann_msgs/msg/detail/ackermann_drive_stamped__builder.hpp
[3.270s] -- Up-to-date: /home/ros2/ros2_ws/install/ackermann_msgs/include/ackermann_msgs/ackermann_msgs/msg/detail/ackermann_drive_stamped__traits.hpp
[3.270s] -- Up-to-date: /home/ros2/ros2_ws/install/ackermann_msgs/include/ackermann_msgs/ackermann_msgs
[3.271s] -- Up-to-date: /home/ros2/ros2_ws/install/ackermann_msgs/include/ackermann_msgs/ackermann_msgs/msg
[3.272s] -- Up-to-date: /home/ros2/ros2_ws/install/ackermann_msgs/include/ackermann_msgs/ackermann_msgs/msg/rosidl_typesupport_fastrtps_cpp__visibility_control.h
[3.273s] -- Up-to-date: /home/ros2/ros2_ws/install/ackermann_msgs/include/ackermann_msgs/ackermann_msgs/msg/detail
[3.274s] -- Up-to-date: /home/ros2/ros2_ws/install/ackermann_msgs/include/ackermann_msgs/ackermann_msgs/msg/detail/ackermann_drive__rosidl_typesupport_fastrtps_cpp.hpp
[3.274s] -- Up-to-date: /home/ros2/ros2_ws/install/ackermann_msgs/include/ackermann_msgs/ackermann_msgs/msg/detail/ackermann_drive_stamped__rosidl_typesupport_fastrtps_cpp.hpp
[3.275s] -- Up-to-date: /home/ros2/ros2_ws/install/ackermann_msgs/include/ackermann_msgs/ackermann_msgs/msg/detail/dds_fastrtps
[3.276s] -- Up-to-date: /home/ros2/ros2_ws/install/ackermann_msgs/lib/libackermann_msgs__rosidl_typesupport_fastrtps_cpp.so
[3.277s] -- Up-to-date: /home/ros2/ros2_ws/install/ackermann_msgs/include/ackermann_msgs/ackermann_msgs
[3.277s] -- Up-to-date: /home/ros2/ros2_ws/install/ackermann_msgs/include/ackermann_msgs/ackermann_msgs/msg
[3.278s] -- Up-to-date: /home/ros2/ros2_ws/install/ackermann_msgs/include/ackermann_msgs/ackermann_msgs/msg/detail
[3.279s] -- Up-to-date: /home/ros2/ros2_ws/install/ackermann_msgs/include/ackermann_msgs/ackermann_msgs/msg/detail/ackermann_drive_stamped__rosidl_typesupport_introspection_cpp.hpp
[3.281s] -- Up-to-date: /home/ros2/ros2_ws/install/ackermann_msgs/include/ackermann_msgs/ackermann_msgs/msg/detail/ackermann_drive_stamped__type_support.cpp
[3.282s] -- Up-to-date: /home/ros2/ros2_ws/install/ackermann_msgs/include/ackermann_msgs/ackermann_msgs/msg/detail/ackermann_drive__type_support.cpp
[3.283s] -- Up-to-date: /home/ros2/ros2_ws/install/ackermann_msgs/include/ackermann_msgs/ackermann_msgs/msg/detail/ackermann_drive__rosidl_typesupport_introspection_cpp.hpp
[3.284s] -- Up-to-date: /home/ros2/ros2_ws/install/ackermann_msgs/lib/libackermann_msgs__rosidl_typesupport_introspection_cpp.so
[3.285s] -- Up-to-date: /home/ros2/ros2_ws/install/ackermann_msgs/lib/libackermann_msgs__rosidl_typesupport_cpp.so
[3.286s] -- Up-to-date: /home/ros2/ros2_ws/install/ackermann_msgs/share/ackermann_msgs/environment/pythonpath.sh
[3.287s] -- Up-to-date: /home/ros2/ros2_ws/install/ackermann_msgs/share/ackermann_msgs/environment/pythonpath.dsv
[3.288s] -- Up-to-date: /home/ros2/ros2_ws/install/ackermann_msgs/local/lib/python3.10/dist-packages/ackermann_msgs-2.0.2-py3.10.egg-info
[3.289s] -- Installing: /home/ros2/ros2_ws/install/ackermann_msgs/local/lib/python3.10/dist-packages/ackermann_msgs-2.0.2-py3.10.egg-info/SOURCES.txt
[3.289s] -- Installing: /home/ros2/ros2_ws/install/ackermann_msgs/local/lib/python3.10/dist-packages/ackermann_msgs-2.0.2-py3.10.egg-info/PKG-INFO
[3.290s] -- Installing: /home/ros2/ros2_ws/install/ackermann_msgs/local/lib/python3.10/dist-packages/ackermann_msgs-2.0.2-py3.10.egg-info/top_level.txt
[3.290s] -- Installing: /home/ros2/ros2_ws/install/ackermann_msgs/local/lib/python3.10/dist-packages/ackermann_msgs-2.0.2-py3.10.egg-info/dependency_links.txt
[3.290s] -- Up-to-date: /home/ros2/ros2_ws/install/ackermann_msgs/local/lib/python3.10/dist-packages/ackermann_msgs
[3.290s] -- Up-to-date: /home/ros2/ros2_ws/install/ackermann_msgs/local/lib/python3.10/dist-packages/ackermann_msgs/__init__.py
[3.291s] -- Up-to-date: /home/ros2/ros2_ws/install/ackermann_msgs/local/lib/python3.10/dist-packages/ackermann_msgs/_ackermann_msgs_s.ep.rosidl_typesupport_c.c
[3.291s] -- Up-to-date: /home/ros2/ros2_ws/install/ackermann_msgs/local/lib/python3.10/dist-packages/ackermann_msgs/ackermann_msgs_s__rosidl_typesupport_fastrtps_c.cpython-310-x86_64-linux-gnu.so
[3.291s] -- Up-to-date: /home/ros2/ros2_ws/install/ackermann_msgs/local/lib/python3.10/dist-packages/ackermann_msgs/libackermann_msgs__rosidl_generator_py.so
[3.292s] -- Up-to-date: /home/ros2/ros2_ws/install/ackermann_msgs/local/lib/python3.10/dist-packages/ackermann_msgs/ackermann_msgs_s__rosidl_typesupport_c.cpython-310-x86_64-linux-gnu.so
[3.292s] -- Up-to-date: /home/ros2/ros2_ws/install/ackermann_msgs/local/lib/python3.10/dist-packages/ackermann_msgs/ackermann_msgs_s__rosidl_typesupport_introspection_c.cpython-310-x86_64-linux-gnu.so
[3.293s] -- Up-to-date: /home/ros2/ros2_ws/install/ackermann_msgs/local/lib/python3.10/dist-packages/ackermann_msgs/_ackermann_msgs_s.ep.rosidl_typesupport_introspection_c.c
[3.293s] -- Up-to-date: /home/ros2/ros2_ws/install/ackermann_msgs/local/lib/python3.10/dist-packages/ackermann_msgs/_ackermann_msgs_s.ep.rosidl_typesupport_fastrtps_c.c
[3.294s] -- Up-to-date: /home/ros2/ros2_ws/install/ackermann_msgs/local/lib/python3.10/dist-packages/ackermann_msgs/msg
[3.294s] -- Up-to-date: /home/ros2/ros2_ws/install/ackermann_msgs/local/lib/python3.10/dist-packages/ackermann_msgs/msg/__init__.py
[3.295s] -- Up-to-date: /home/ros2/ros2_ws/install/ackermann_msgs/local/lib/python3.10/dist-packages/ackermann_msgs/msg/_ackermann_drive_stamped.py
[3.296s] -- Up-to-date: /home/ros2/ros2_ws/install/ackermann_msgs/local/lib/python3.10/dist-packages/ackermann_msgs/msg/_ackermann_drive.py
[3.296s] -- Up-to-date: /home/ros2/ros2_ws/install/ackermann_msgs/local/lib/python3.10/dist-packages/ackermann_msgs/msg/_ackermann_drive_s.c
[3.296s] -- Up-to-date: /home/ros2/ros2_ws/install/ackermann_msgs/local/lib/python3.10/dist-packages/ackermann_msgs/msg/_ackermann_drive_stamped_s.c
[3.403s] Listing '/home/ros2/ros2_ws/install/ackermann_msgs/local/lib/python3.10/dist-packages/ackermann_msgs'...
[3.403s] Listing '/home/ros2/ros2_ws/install/ackermann_msgs/local/lib/python3.10/dist-packages/ackermann_msgs/msg'...
[3.423s] -- Up-to-date: /home/ros2/ros2_ws/install/ackermann_msgs/local/lib/python3.10/dist-packages/ackermann_msgs/ackermann_msgs_s__rosidl_typesupport_fastrtps_c.cpython-310-x86_64-linux-gnu.so
[3.423s] -- Up-to-date: /home/ros2/ros2_ws/install/ackermann_msgs/local/lib/python3.10/dist-packages/ackermann_msgs/ackermann_msgs_s__rosidl_typesupport_introspection_c.cpython-310-x86_64-linux-gnu.so
[3.425s] -- Up-to-date: /home/ros2/ros2_ws/install/ackermann_msgs/local/lib/python3.10/dist-packages/ackermann_msgs/ackermann_msgs_s__rosidl_typesupport_c.cpython-310-x86_64-linux-gnu.so
[3.427s] -- Up-to-date: /home/ros2/ros2_ws/install/ackermann_msgs/lib/libackermann_msgs__rosidl_generator_py.so
[3.428s] -- Up-to-date: /home/ros2/ros2_ws/install/ackermann_msgs/share/ackermann_msgs/msg/AckermannDrive.idl
[3.430s] -- Up-to-date: /home/ros2/ros2_ws/install/ackermann_msgs/share/ackermann_msgs/msg/AckermannDriveStamped.idl
[3.432s] -- Up-to-date: /home/ros2/ros2_ws/install/ackermann_msgs/share/ackermann_msgs/msg/AckermannDrive.msg
[3.432s] -- Up-to-date: /home/ros2/ros2_ws/install/ackermann_msgs/share/ackermann_msgs/msg/AckermannDriveStamped.msg
[3.433s] -- Up-to-date: /home/ros2/ros2_ws/install/ackermann_msgs/share/ament_index/resource_index/package_run_dependencies/ackermann_msgs
[3.433s] -- Up-to-date: /home/ros2/ros2_ws/install/ackermann_msgs/share/ament_index/resource_index/parent_prefix_path/ackermann_msgs
[3.434s] -- Up-to-date: /home/ros2/ros2_ws/install/ackermann_msgs/share/ackermann_msgs/environment/ament_prefix_path.sh
[3.435s] -- Up-to-date: /home/ros2/ros2_ws/install/ackermann_msgs/share/ackermann_msgs/environment/ament_prefix_path.dsv
[3.435s] -- Up-to-date: /home/ros2/ros2_ws/install/ackermann_msgs/share/ackermann_msgs/environment/path.sh
[3.435s] -- Up-to-date: /home/ros2/ros2_ws/install/ackermann_msgs/share/ackermann_msgs/environment/path.dsv
[3.435s] -- Up-to-date: /home/ros2/ros2_ws/install/ackermann_msgs/share/ackermann_msgs/local_setup.bash
[3.436s] -- Up-to-date: /home/ros2/ros2_ws/install/ackermann_msgs/share/ackermann_msgs/local_setup.sh
[3.437s] -- Up-to-date: /home/ros2/ros2_ws/install/ackermann_msgs/share/ackermann_msgs/local_setup.zsh
[3.438s] -- Up-to-date: /home/ros2/ros2_ws/install/ackermann_msgs/share/ackermann_msgs/local_setup.dsv
[3.438s] -- Installing: /home/ros2/ros2_ws/install/ackermann_msgs/share/ackermann_msgs/package.dsv
[3.440s] -- Up-to-date: /home/ros2/ros2_ws/install/ackermann_msgs/share/ament_index/resource_index/packages/ackermann_msgs
[3.440s] -- Up-to-date: /home/ros2/ros2_ws/install/ackermann_msgs/share/ackermann_msgs/cmake/export_ackermann_msgs__rosidl_generator_cExport.cmake
[3.441s] -- Up-to-date: /home/ros2/ros2_ws/install/ackermann_msgs/share/ackermann_msgs/cmake/export_ackermann_msgs__rosidl_generator_cExport-noconfig.cmake
[3.441s] -- Up-to-date: /home/ros2/ros2_ws/install/ackermann_msgs/share/ackermann_msgs/cmake/export_ackermann_msgs__rosidl_typesupport_fastrtps_cExport.cmake
[3.442s] -- Up-to-date: /home/ros2/ros2_ws/install/ackermann_msgs/share/ackermann_msgs/cmake/export_ackermann_msgs__rosidl_typesupport_fastrtps_cExport-noconfig.cmake
[3.442s] -- Up-to-date: /home/ros2/ros2_ws/install/ackermann_msgs/share/ackermann_msgs/cmake/ackermann_msgs__rosidl_typesupport_introspection_cExport.cmake
[3.442s] -- Up-to-date: /home/ros2/ros2_ws/install/ackermann_msgs/share/ackermann_msgs/cmake/ackermann_msgs__rosidl_typesupport_introspection_cExport-noconfig.cmake
[3.443s] -- Up-to-date: /home/ros2/ros2_ws/install/ackermann_msgs/share/ackermann_msgs/cmake/ackermann_msgs__rosidl_typesupport_cExport.cmake
[3.443s] -- Up-to-date: /home/ros2/ros2_ws/install/ackermann_msgs/share/ackermann_msgs/cmake/ackermann_msgs__rosidl_typesupport_cExport-noconfig.cmake
[3.444s] -- Up-to-date: /home/ros2/ros2_ws/install/ackermann_msgs/share/ackermann_msgs/cmake/export_ackermann_msgs__rosidl_generator_cppExport.cmake
[3.444s] -- Up-to-date: /home/ros2/ros2_ws/install/ackermann_msgs/share/ackermann_msgs/cmake/export_ackermann_msgs__rosidl_typesupport_fastrtps_cppExport.cmake
[3.445s] -- Up-to-date: /home/ros2/ros2_ws/install/ackermann_msgs/share/ackermann_msgs/cmake/export_ackermann_msgs__rosidl_typesupport_fastrtps_cppExport-noconfig.cmake
[3.446s] -- Up-to-date: /home/ros2/ros2_ws/install/ackermann_msgs/share/ackermann_msgs/cmake/ackermann_msgs__rosidl_typesupport_introspection_cppExport.cmake
[3.447s] -- Up-to-date: /home/ros2/ros2_ws/install/ackermann_msgs/share/ackermann_msgs/cmake/ackermann_msgs__rosidl_typesupport_introspection_cppExport-noconfig.cmake
[3.447s] -- Up-to-date: /home/ros2/ros2_ws/install/ackermann_msgs/share/ackermann_msgs/cmake/ackermann_msgs__rosidl_typesupport_cppExport.cmake
[3.447s] -- Up-to-date: /home/ros2/ros2_ws/install/ackermann_msgs/share/ackermann_msgs/cmake/ackermann_msgs__rosidl_typesupport_cppExport-noconfig.cmake
[3.447s] -- Up-to-date: /home/ros2/ros2_ws/install/ackermann_msgs/share/ackermann_msgs/cmake/export_ackermann_msgs__rosidl_generator_pyExport.cmake
[3.448s] -- Up-to-date: /home/ros2/ros2_ws/install/ackermann_msgs/share/ackermann_msgs/cmake/export_ackermann_msgs__rosidl_generator_pyExport-noconfig.cmake
[3.449s] -- Up-to-date: /home/ros2/ros2_ws/install/ackermann_msgs/share/ackermann_msgs/cmake/rosidl_cmake-extras.cmake
[3.450s] -- Up-to-date: /home/ros2/ros2_ws/install/ackermann_msgs/share/ackermann_msgs/cmake/ament_cmake_export_dependencies-extras.cmake
[3.450s] -- Up-to-date: /home/ros2/ros2_ws/install/ackermann_msgs/share/ackermann_msgs/cmake/ament_cmake_export_include_directories-extras.cmake
[3.450s] -- Up-to-date: /home/ros2/ros2_ws/install/ackermann_msgs/share/ackermann_msgs/cmake/ament_cmake_export_libraries-extras.cmake
[3.451s] -- Up-to-date: /home/ros2/ros2_ws/install/ackermann_msgs/share/ackermann_msgs/cmake/ament_cmake_export_targets-extras.cmake
[3.451s] -- Up-to-date: /home/ros2/ros2_ws/install/ackermann_msgs/share/ackermann_msgs/cmake/rosidl_cmake_export_typesupport_targets-extras.cmake
[3.451s] -- Up-to-date: /home/ros2/ros2_ws/install/ackermann_msgs/share/ackermann_msgs/cmake/rosidl_cmake_export_typesupport_libraries-extras.cmake
[3.451s] -- Up-to-date: /home/ros2/ros2_ws/install/ackermann_msgs/share/ackermann_msgs/cmake/ackermann_msgsConfig.cmake
[3.452s] -- Up-to-date: /home/ros2/ros2_ws/install/ackermann_msgs/share/ackermann_msgs/cmake/ackermann_msgsConfig-version.cmake
[3.452s] -- Up-to-date: /home/ros2/ros2_ws/install/ackermann_msgs/share/ackermann_msgs/package.xml
[3.461s] Invoked command in '/home/ros2/ros2_ws/build/ackermann_msgs' returned '0': CMAKE_PREFIX_PATH=${CMAKE_PREFIX_PATH}:/opt/ros/humble /usr/bin/cmake --install /home/ros2/ros2_ws/build/ackermann_msgs
