[0.053s] Invoking command in '/home/ros2/ros2_ws/build/smartcar_msgs': CMAKE_PREFIX_PATH=/opt/ros/humble /usr/bin/cmake --build /home/ros2/ros2_ws/build/smartcar_msgs -- -j8 -l8
[0.194s] [  3%] Built target smartcar_msgs__cpp
[0.207s] [ 12%] Built target smartcar_msgs__rosidl_generator_c
[0.269s] [ 12%] Built target ament_cmake_python_copy_smartcar_msgs
[0.317s] [ 22%] Built target smartcar_msgs__rosidl_typesupport_cpp
[0.345s] [ 32%] Built target smartcar_msgs__rosidl_typesupport_fastrtps_cpp
[0.345s] [ 41%] Built target smartcar_msgs__rosidl_typesupport_introspection_cpp
[0.354s] [ 51%] Built target smartcar_msgs__rosidl_typesupport_introspection_c
[0.359s] [ 61%] Built target smartcar_msgs__rosidl_typesupport_c
[0.368s] [ 70%] Built target smartcar_msgs__rosidl_typesupport_fastrtps_c
[0.436s] [ 70%] Built target smartcar_msgs
[0.499s] [ 74%] Built target smartcar_msgs__py
[0.566s] [ 80%] Built target smartcar_msgs__rosidl_generator_py
[0.656s] [ 87%] Built target smartcar_msgs__rosidl_typesupport_c__pyext
[0.657s] [ 93%] Built target smartcar_msgs__rosidl_typesupport_introspection_c__pyext
[0.662s] [100%] Built target smartcar_msgs__rosidl_typesupport_fastrtps_c__pyext
[0.948s] running egg_info
[0.950s] writing smartcar_msgs.egg-info/PKG-INFO
[0.951s] writing dependency_links to smartcar_msgs.egg-info/dependency_links.txt
[0.952s] writing top-level names to smartcar_msgs.egg-info/top_level.txt
[0.959s] reading manifest file 'smartcar_msgs.egg-info/SOURCES.txt'
[0.965s] writing manifest file 'smartcar_msgs.egg-info/SOURCES.txt'
[1.019s] [100%] Built target ament_cmake_python_build_smartcar_msgs_egg
[1.046s] Invoked command in '/home/ros2/ros2_ws/build/smartcar_msgs' returned '0': CMAKE_PREFIX_PATH=/opt/ros/humble /usr/bin/cmake --build /home/ros2/ros2_ws/build/smartcar_msgs -- -j8 -l8
[1.293s] Invoking command in '/home/ros2/ros2_ws/build/smartcar_msgs': CMAKE_PREFIX_PATH=/opt/ros/humble /usr/bin/cmake --install /home/ros2/ros2_ws/build/smartcar_msgs
[1.311s] -- Install configuration: ""
[1.311s] -- Up-to-date: /home/ros2/ros2_ws/install/smartcar_msgs/share/ament_index/resource_index/rosidl_interfaces/smartcar_msgs
[1.311s] -- Up-to-date: /home/ros2/ros2_ws/install/smartcar_msgs/include/smartcar_msgs/smartcar_msgs
[1.311s] -- Up-to-date: /home/ros2/ros2_ws/install/smartcar_msgs/include/smartcar_msgs/smartcar_msgs/msg
[1.312s] -- Up-to-date: /home/ros2/ros2_ws/install/smartcar_msgs/include/smartcar_msgs/smartcar_msgs/msg/status.h
[1.312s] -- Up-to-date: /home/ros2/ros2_ws/install/smartcar_msgs/include/smartcar_msgs/smartcar_msgs/msg/rosidl_generator_c__visibility_control.h
[1.312s] -- Up-to-date: /home/ros2/ros2_ws/install/smartcar_msgs/include/smartcar_msgs/smartcar_msgs/msg/detail
[1.312s] -- Up-to-date: /home/ros2/ros2_ws/install/smartcar_msgs/include/smartcar_msgs/smartcar_msgs/msg/detail/status__type_support.h
[1.313s] -- Up-to-date: /home/ros2/ros2_ws/install/smartcar_msgs/include/smartcar_msgs/smartcar_msgs/msg/detail/status__functions.h
[1.313s] -- Up-to-date: /home/ros2/ros2_ws/install/smartcar_msgs/include/smartcar_msgs/smartcar_msgs/msg/detail/status__struct.h
[1.313s] -- Up-to-date: /home/ros2/ros2_ws/install/smartcar_msgs/include/smartcar_msgs/smartcar_msgs/msg/detail/status__functions.c
[1.313s] -- Up-to-date: /home/ros2/ros2_ws/install/smartcar_msgs/share/smartcar_msgs/environment/library_path.sh
[1.313s] -- Up-to-date: /home/ros2/ros2_ws/install/smartcar_msgs/share/smartcar_msgs/environment/library_path.dsv
[1.313s] -- Up-to-date: /home/ros2/ros2_ws/install/smartcar_msgs/lib/libsmartcar_msgs__rosidl_generator_c.so
[1.313s] -- Up-to-date: /home/ros2/ros2_ws/install/smartcar_msgs/include/smartcar_msgs/smartcar_msgs
[1.314s] -- Up-to-date: /home/ros2/ros2_ws/install/smartcar_msgs/include/smartcar_msgs/smartcar_msgs/msg
[1.314s] -- Up-to-date: /home/ros2/ros2_ws/install/smartcar_msgs/include/smartcar_msgs/smartcar_msgs/msg/rosidl_typesupport_fastrtps_c__visibility_control.h
[1.314s] -- Up-to-date: /home/ros2/ros2_ws/install/smartcar_msgs/include/smartcar_msgs/smartcar_msgs/msg/detail
[1.315s] -- Up-to-date: /home/ros2/ros2_ws/install/smartcar_msgs/include/smartcar_msgs/smartcar_msgs/msg/detail/status__rosidl_typesupport_fastrtps_c.h
[1.315s] -- Up-to-date: /home/ros2/ros2_ws/install/smartcar_msgs/lib/libsmartcar_msgs__rosidl_typesupport_fastrtps_c.so
[1.315s] -- Up-to-date: /home/ros2/ros2_ws/install/smartcar_msgs/include/smartcar_msgs/smartcar_msgs
[1.316s] -- Up-to-date: /home/ros2/ros2_ws/install/smartcar_msgs/include/smartcar_msgs/smartcar_msgs/msg
[1.316s] -- Up-to-date: /home/ros2/ros2_ws/install/smartcar_msgs/include/smartcar_msgs/smartcar_msgs/msg/detail
[1.316s] -- Up-to-date: /home/ros2/ros2_ws/install/smartcar_msgs/include/smartcar_msgs/smartcar_msgs/msg/detail/status__type_support.c
[1.316s] -- Up-to-date: /home/ros2/ros2_ws/install/smartcar_msgs/include/smartcar_msgs/smartcar_msgs/msg/detail/status__rosidl_typesupport_introspection_c.h
[1.317s] -- Up-to-date: /home/ros2/ros2_ws/install/smartcar_msgs/include/smartcar_msgs/smartcar_msgs/msg/rosidl_typesupport_introspection_c__visibility_control.h
[1.317s] -- Up-to-date: /home/ros2/ros2_ws/install/smartcar_msgs/lib/libsmartcar_msgs__rosidl_typesupport_introspection_c.so
[1.318s] -- Up-to-date: /home/ros2/ros2_ws/install/smartcar_msgs/lib/libsmartcar_msgs__rosidl_typesupport_c.so
[1.318s] -- Up-to-date: /home/ros2/ros2_ws/install/smartcar_msgs/include/smartcar_msgs/smartcar_msgs
[1.318s] -- Up-to-date: /home/ros2/ros2_ws/install/smartcar_msgs/include/smartcar_msgs/smartcar_msgs/msg
[1.319s] -- Up-to-date: /home/ros2/ros2_ws/install/smartcar_msgs/include/smartcar_msgs/smartcar_msgs/msg/detail
[1.319s] -- Up-to-date: /home/ros2/ros2_ws/install/smartcar_msgs/include/smartcar_msgs/smartcar_msgs/msg/detail/status__traits.hpp
[1.319s] -- Up-to-date: /home/ros2/ros2_ws/install/smartcar_msgs/include/smartcar_msgs/smartcar_msgs/msg/detail/status__struct.hpp
[1.319s] -- Up-to-date: /home/ros2/ros2_ws/install/smartcar_msgs/include/smartcar_msgs/smartcar_msgs/msg/detail/status__builder.hpp
[1.319s] -- Up-to-date: /home/ros2/ros2_ws/install/smartcar_msgs/include/smartcar_msgs/smartcar_msgs/msg/status.hpp
[1.320s] -- Up-to-date: /home/ros2/ros2_ws/install/smartcar_msgs/include/smartcar_msgs/smartcar_msgs
[1.320s] -- Up-to-date: /home/ros2/ros2_ws/install/smartcar_msgs/include/smartcar_msgs/smartcar_msgs/msg
[1.321s] -- Up-to-date: /home/ros2/ros2_ws/install/smartcar_msgs/include/smartcar_msgs/smartcar_msgs/msg/rosidl_typesupport_fastrtps_cpp__visibility_control.h
[1.321s] -- Up-to-date: /home/ros2/ros2_ws/install/smartcar_msgs/include/smartcar_msgs/smartcar_msgs/msg/detail
[1.321s] -- Up-to-date: /home/ros2/ros2_ws/install/smartcar_msgs/include/smartcar_msgs/smartcar_msgs/msg/detail/status__rosidl_typesupport_fastrtps_cpp.hpp
[1.321s] -- Up-to-date: /home/ros2/ros2_ws/install/smartcar_msgs/include/smartcar_msgs/smartcar_msgs/msg/detail/dds_fastrtps
[1.321s] -- Up-to-date: /home/ros2/ros2_ws/install/smartcar_msgs/lib/libsmartcar_msgs__rosidl_typesupport_fastrtps_cpp.so
[1.321s] -- Up-to-date: /home/ros2/ros2_ws/install/smartcar_msgs/include/smartcar_msgs/smartcar_msgs
[1.321s] -- Up-to-date: /home/ros2/ros2_ws/install/smartcar_msgs/include/smartcar_msgs/smartcar_msgs/msg
[1.322s] -- Up-to-date: /home/ros2/ros2_ws/install/smartcar_msgs/include/smartcar_msgs/smartcar_msgs/msg/detail
[1.322s] -- Up-to-date: /home/ros2/ros2_ws/install/smartcar_msgs/include/smartcar_msgs/smartcar_msgs/msg/detail/status__type_support.cpp
[1.322s] -- Up-to-date: /home/ros2/ros2_ws/install/smartcar_msgs/include/smartcar_msgs/smartcar_msgs/msg/detail/status__rosidl_typesupport_introspection_cpp.hpp
[1.322s] -- Up-to-date: /home/ros2/ros2_ws/install/smartcar_msgs/lib/libsmartcar_msgs__rosidl_typesupport_introspection_cpp.so
[1.322s] -- Up-to-date: /home/ros2/ros2_ws/install/smartcar_msgs/lib/libsmartcar_msgs__rosidl_typesupport_cpp.so
[1.322s] -- Up-to-date: /home/ros2/ros2_ws/install/smartcar_msgs/share/smartcar_msgs/environment/pythonpath.sh
[1.322s] -- Up-to-date: /home/ros2/ros2_ws/install/smartcar_msgs/share/smartcar_msgs/environment/pythonpath.dsv
[1.322s] -- Up-to-date: /home/ros2/ros2_ws/install/smartcar_msgs/local/lib/python3.10/dist-packages/smartcar_msgs-0.0.0-py3.10.egg-info
[1.323s] -- Installing: /home/ros2/ros2_ws/install/smartcar_msgs/local/lib/python3.10/dist-packages/smartcar_msgs-0.0.0-py3.10.egg-info/SOURCES.txt
[1.323s] -- Installing: /home/ros2/ros2_ws/install/smartcar_msgs/local/lib/python3.10/dist-packages/smartcar_msgs-0.0.0-py3.10.egg-info/PKG-INFO
[1.323s] -- Installing: /home/ros2/ros2_ws/install/smartcar_msgs/local/lib/python3.10/dist-packages/smartcar_msgs-0.0.0-py3.10.egg-info/top_level.txt
[1.323s] -- Installing: /home/ros2/ros2_ws/install/smartcar_msgs/local/lib/python3.10/dist-packages/smartcar_msgs-0.0.0-py3.10.egg-info/dependency_links.txt
[1.324s] -- Up-to-date: /home/ros2/ros2_ws/install/smartcar_msgs/local/lib/python3.10/dist-packages/smartcar_msgs
[1.324s] -- Up-to-date: /home/ros2/ros2_ws/install/smartcar_msgs/local/lib/python3.10/dist-packages/smartcar_msgs/__init__.py
[1.324s] -- Up-to-date: /home/ros2/ros2_ws/install/smartcar_msgs/local/lib/python3.10/dist-packages/smartcar_msgs/libsmartcar_msgs__rosidl_generator_py.so
[1.324s] -- Up-to-date: /home/ros2/ros2_ws/install/smartcar_msgs/local/lib/python3.10/dist-packages/smartcar_msgs/smartcar_msgs_s__rosidl_typesupport_introspection_c.cpython-310-x86_64-linux-gnu.so
[1.324s] -- Up-to-date: /home/ros2/ros2_ws/install/smartcar_msgs/local/lib/python3.10/dist-packages/smartcar_msgs/_smartcar_msgs_s.ep.rosidl_typesupport_c.c
[1.325s] -- Up-to-date: /home/ros2/ros2_ws/install/smartcar_msgs/local/lib/python3.10/dist-packages/smartcar_msgs/_smartcar_msgs_s.ep.rosidl_typesupport_fastrtps_c.c
[1.325s] -- Up-to-date: /home/ros2/ros2_ws/install/smartcar_msgs/local/lib/python3.10/dist-packages/smartcar_msgs/smartcar_msgs_s__rosidl_typesupport_fastrtps_c.cpython-310-x86_64-linux-gnu.so
[1.325s] -- Up-to-date: /home/ros2/ros2_ws/install/smartcar_msgs/local/lib/python3.10/dist-packages/smartcar_msgs/smartcar_msgs_s__rosidl_typesupport_c.cpython-310-x86_64-linux-gnu.so
[1.325s] -- Up-to-date: /home/ros2/ros2_ws/install/smartcar_msgs/local/lib/python3.10/dist-packages/smartcar_msgs/_smartcar_msgs_s.ep.rosidl_typesupport_introspection_c.c
[1.326s] -- Up-to-date: /home/ros2/ros2_ws/install/smartcar_msgs/local/lib/python3.10/dist-packages/smartcar_msgs/msg
[1.326s] -- Up-to-date: /home/ros2/ros2_ws/install/smartcar_msgs/local/lib/python3.10/dist-packages/smartcar_msgs/msg/__init__.py
[1.326s] -- Up-to-date: /home/ros2/ros2_ws/install/smartcar_msgs/local/lib/python3.10/dist-packages/smartcar_msgs/msg/_status_s.c
[1.326s] -- Up-to-date: /home/ros2/ros2_ws/install/smartcar_msgs/local/lib/python3.10/dist-packages/smartcar_msgs/msg/_status.py
[1.389s] Listing '/home/ros2/ros2_ws/install/smartcar_msgs/local/lib/python3.10/dist-packages/smartcar_msgs'...
[1.389s] Listing '/home/ros2/ros2_ws/install/smartcar_msgs/local/lib/python3.10/dist-packages/smartcar_msgs/msg'...
[1.396s] -- Up-to-date: /home/ros2/ros2_ws/install/smartcar_msgs/local/lib/python3.10/dist-packages/smartcar_msgs/smartcar_msgs_s__rosidl_typesupport_fastrtps_c.cpython-310-x86_64-linux-gnu.so
[1.396s] -- Up-to-date: /home/ros2/ros2_ws/install/smartcar_msgs/local/lib/python3.10/dist-packages/smartcar_msgs/smartcar_msgs_s__rosidl_typesupport_introspection_c.cpython-310-x86_64-linux-gnu.so
[1.397s] -- Up-to-date: /home/ros2/ros2_ws/install/smartcar_msgs/local/lib/python3.10/dist-packages/smartcar_msgs/smartcar_msgs_s__rosidl_typesupport_c.cpython-310-x86_64-linux-gnu.so
[1.397s] -- Up-to-date: /home/ros2/ros2_ws/install/smartcar_msgs/lib/libsmartcar_msgs__rosidl_generator_py.so
[1.398s] -- Up-to-date: /home/ros2/ros2_ws/install/smartcar_msgs/share/smartcar_msgs/msg/Status.idl
[1.398s] -- Up-to-date: /home/ros2/ros2_ws/install/smartcar_msgs/share/smartcar_msgs/msg/Status.msg
[1.398s] -- Up-to-date: /home/ros2/ros2_ws/install/smartcar_msgs/share/ament_index/resource_index/package_run_dependencies/smartcar_msgs
[1.399s] -- Up-to-date: /home/ros2/ros2_ws/install/smartcar_msgs/share/ament_index/resource_index/parent_prefix_path/smartcar_msgs
[1.399s] -- Up-to-date: /home/ros2/ros2_ws/install/smartcar_msgs/share/smartcar_msgs/environment/ament_prefix_path.sh
[1.399s] -- Up-to-date: /home/ros2/ros2_ws/install/smartcar_msgs/share/smartcar_msgs/environment/ament_prefix_path.dsv
[1.399s] -- Up-to-date: /home/ros2/ros2_ws/install/smartcar_msgs/share/smartcar_msgs/environment/path.sh
[1.400s] -- Up-to-date: /home/ros2/ros2_ws/install/smartcar_msgs/share/smartcar_msgs/environment/path.dsv
[1.400s] -- Up-to-date: /home/ros2/ros2_ws/install/smartcar_msgs/share/smartcar_msgs/local_setup.bash
[1.400s] -- Up-to-date: /home/ros2/ros2_ws/install/smartcar_msgs/share/smartcar_msgs/local_setup.sh
[1.400s] -- Up-to-date: /home/ros2/ros2_ws/install/smartcar_msgs/share/smartcar_msgs/local_setup.zsh
[1.400s] -- Up-to-date: /home/ros2/ros2_ws/install/smartcar_msgs/share/smartcar_msgs/local_setup.dsv
[1.401s] -- Installing: /home/ros2/ros2_ws/install/smartcar_msgs/share/smartcar_msgs/package.dsv
[1.401s] -- Up-to-date: /home/ros2/ros2_ws/install/smartcar_msgs/share/ament_index/resource_index/packages/smartcar_msgs
[1.401s] -- Up-to-date: /home/ros2/ros2_ws/install/smartcar_msgs/share/smartcar_msgs/cmake/export_smartcar_msgs__rosidl_generator_cExport.cmake
[1.402s] -- Up-to-date: /home/ros2/ros2_ws/install/smartcar_msgs/share/smartcar_msgs/cmake/export_smartcar_msgs__rosidl_generator_cExport-noconfig.cmake
[1.402s] -- Up-to-date: /home/ros2/ros2_ws/install/smartcar_msgs/share/smartcar_msgs/cmake/export_smartcar_msgs__rosidl_typesupport_fastrtps_cExport.cmake
[1.403s] -- Up-to-date: /home/ros2/ros2_ws/install/smartcar_msgs/share/smartcar_msgs/cmake/export_smartcar_msgs__rosidl_typesupport_fastrtps_cExport-noconfig.cmake
[1.403s] -- Up-to-date: /home/ros2/ros2_ws/install/smartcar_msgs/share/smartcar_msgs/cmake/smartcar_msgs__rosidl_typesupport_introspection_cExport.cmake
[1.403s] -- Up-to-date: /home/ros2/ros2_ws/install/smartcar_msgs/share/smartcar_msgs/cmake/smartcar_msgs__rosidl_typesupport_introspection_cExport-noconfig.cmake
[1.403s] -- Up-to-date: /home/ros2/ros2_ws/install/smartcar_msgs/share/smartcar_msgs/cmake/smartcar_msgs__rosidl_typesupport_cExport.cmake
[1.404s] -- Up-to-date: /home/ros2/ros2_ws/install/smartcar_msgs/share/smartcar_msgs/cmake/smartcar_msgs__rosidl_typesupport_cExport-noconfig.cmake
[1.404s] -- Up-to-date: /home/ros2/ros2_ws/install/smartcar_msgs/share/smartcar_msgs/cmake/export_smartcar_msgs__rosidl_generator_cppExport.cmake
[1.404s] -- Up-to-date: /home/ros2/ros2_ws/install/smartcar_msgs/share/smartcar_msgs/cmake/export_smartcar_msgs__rosidl_typesupport_fastrtps_cppExport.cmake
[1.404s] -- Up-to-date: /home/ros2/ros2_ws/install/smartcar_msgs/share/smartcar_msgs/cmake/export_smartcar_msgs__rosidl_typesupport_fastrtps_cppExport-noconfig.cmake
[1.414s] -- Up-to-date: /home/ros2/ros2_ws/install/smartcar_msgs/share/smartcar_msgs/cmake/smartcar_msgs__rosidl_typesupport_introspection_cppExport.cmake
[1.415s] -- Up-to-date: /home/ros2/ros2_ws/install/smartcar_msgs/share/smartcar_msgs/cmake/smartcar_msgs__rosidl_typesupport_introspection_cppExport-noconfig.cmake
[1.415s] -- Up-to-date: /home/ros2/ros2_ws/install/smartcar_msgs/share/smartcar_msgs/cmake/smartcar_msgs__rosidl_typesupport_cppExport.cmake
[1.416s] -- Up-to-date: /home/ros2/ros2_ws/install/smartcar_msgs/share/smartcar_msgs/cmake/smartcar_msgs__rosidl_typesupport_cppExport-noconfig.cmake
[1.416s] -- Up-to-date: /home/ros2/ros2_ws/install/smartcar_msgs/share/smartcar_msgs/cmake/export_smartcar_msgs__rosidl_generator_pyExport.cmake
[1.416s] -- Up-to-date: /home/ros2/ros2_ws/install/smartcar_msgs/share/smartcar_msgs/cmake/export_smartcar_msgs__rosidl_generator_pyExport-noconfig.cmake
[1.416s] -- Up-to-date: /home/ros2/ros2_ws/install/smartcar_msgs/share/smartcar_msgs/cmake/rosidl_cmake-extras.cmake
[1.416s] -- Up-to-date: /home/ros2/ros2_ws/install/smartcar_msgs/share/smartcar_msgs/cmake/ament_cmake_export_include_directories-extras.cmake
[1.417s] -- Up-to-date: /home/ros2/ros2_ws/install/smartcar_msgs/share/smartcar_msgs/cmake/ament_cmake_export_libraries-extras.cmake
[1.417s] -- Up-to-date: /home/ros2/ros2_ws/install/smartcar_msgs/share/smartcar_msgs/cmake/ament_cmake_export_targets-extras.cmake
[1.417s] -- Up-to-date: /home/ros2/ros2_ws/install/smartcar_msgs/share/smartcar_msgs/cmake/rosidl_cmake_export_typesupport_targets-extras.cmake
[1.417s] -- Up-to-date: /home/ros2/ros2_ws/install/smartcar_msgs/share/smartcar_msgs/cmake/ament_cmake_export_dependencies-extras.cmake
[1.418s] -- Up-to-date: /home/ros2/ros2_ws/install/smartcar_msgs/share/smartcar_msgs/cmake/rosidl_cmake_export_typesupport_libraries-extras.cmake
[1.418s] -- Up-to-date: /home/ros2/ros2_ws/install/smartcar_msgs/share/smartcar_msgs/cmake/smartcar_msgsConfig.cmake
[1.418s] -- Up-to-date: /home/ros2/ros2_ws/install/smartcar_msgs/share/smartcar_msgs/cmake/smartcar_msgsConfig-version.cmake
[1.418s] -- Up-to-date: /home/ros2/ros2_ws/install/smartcar_msgs/share/smartcar_msgs/package.xml
[1.446s] Invoked command in '/home/ros2/ros2_ws/build/smartcar_msgs' returned '0': CMAKE_PREFIX_PATH=/opt/ros/humble /usr/bin/cmake --install /home/ros2/ros2_ws/build/smartcar_msgs
