[0.048s] Invoking command in '/home/ros2/ros2_ws/build/smartcar_msgs': CMAKE_PREFIX_PATH=/opt/ros/humble /usr/bin/cmake /home/ros2/ros2_ws/src/smartcar_msgs -DCMAKE_INSTALL_PREFIX=/home/ros2/ros2_ws/install/smartcar_msgs
[1.006s] -- The C compiler identification is GNU 11.4.0
[2.116s] -- The CXX compiler identification is GNU 11.4.0
[2.188s] -- Detecting C compiler ABI info
[2.670s] -- Detecting C compiler ABI info - done
[2.713s] -- Check for working C compiler: /usr/lib/ccache/gcc - skipped
[2.715s] -- Detecting C compile features
[2.728s] -- Detecting C compile features - done
[2.731s] -- Detecting CXX compiler ABI info
[3.220s] -- Detecting CXX compiler ABI info - done
[3.271s] -- Check for working CXX compiler: /usr/lib/ccache/g++ - skipped
[3.272s] -- Detecting CXX compile features
[3.272s] -- Detecting CXX compile features - done
[3.328s] -- Found ament_cmake: 1.3.10 (/opt/ros/humble/share/ament_cmake/cmake)
[3.878s] -- Found Python3: /usr/bin/python3 (found version "3.10.12") found components: Interpreter 
[4.216s] -- Found rosidl_default_generators: 1.2.0 (/opt/ros/humble/share/rosidl_default_generators/cmake)
[4.250s] -- Using all available rosidl_typesupport_c: rosidl_typesupport_fastrtps_c;rosidl_typesupport_introspection_c
[4.288s] -- Found rosidl_adapter: 3.1.5 (/opt/ros/humble/share/rosidl_adapter/cmake)
[4.443s] -- Using all available rosidl_typesupport_cpp: rosidl_typesupport_fastrtps_cpp;rosidl_typesupport_introspection_cpp
[5.977s] -- Found ament_cmake_ros: 0.10.0 (/opt/ros/humble/share/ament_cmake_ros/cmake)
[6.749s] -- Using all available rosidl_typesupport_c: rosidl_typesupport_fastrtps_c;rosidl_typesupport_introspection_c
[7.806s] -- Using all available rosidl_typesupport_cpp: rosidl_typesupport_fastrtps_cpp;rosidl_typesupport_introspection_cpp
[7.905s] -- Found PythonInterp: /usr/bin/python3 (found suitable version "3.10.12", minimum required is "3.6") 
[7.933s] -- Found python_cmake_module: 0.10.0 (/opt/ros/humble/share/python_cmake_module/cmake)
[8.073s] -- Found PythonLibs: /usr/lib/x86_64-linux-gnu/libpython3.10.so (found suitable version "3.10.12", minimum required is "3.5") 
[8.073s] -- Using PYTHON_EXECUTABLE: /usr/bin/python3
[8.073s] -- Using PYTHON_INCLUDE_DIRS: /usr/include/python3.10
[8.074s] -- Using PYTHON_LIBRARIES: /usr/lib/x86_64-linux-gnu/libpython3.10.so
[8.155s] -- Found PythonExtra: .so  
[8.387s] -- Configuring done
[8.499s] -- Generating done
[8.508s] -- Build files have been written to: /home/ros2/ros2_ws/build/smartcar_msgs
