[  3%] [34m[1mGenerating C code for ROS interfaces[0m
[  6%] [34m[1mGenerating C++ code for ROS interfaces[0m
[  6%] Built target ament_cmake_python_copy_smartcar_msgs
running egg_info
creating smartcar_msgs.egg-info
writing smartcar_msgs.egg-info/PKG-INFO
writing dependency_links to smartcar_msgs.egg-info/dependency_links.txt
writing top-level names to smartcar_msgs.egg-info/top_level.txt
writing manifest file 'smartcar_msgs.egg-info/SOURCES.txt'
reading manifest file 'smartcar_msgs.egg-info/SOURCES.txt'
writing manifest file 'smartcar_msgs.egg-info/SOURCES.txt'
[  6%] Built target ament_cmake_python_build_smartcar_msgs_egg
[  6%] Built target smartcar_msgs__cpp
[  9%] [34m[1mGenerating C++ introspection for ROS interfaces[0m
[ 12%] [34m[1mGenerating C++ type support dispatch for ROS interfaces[0m
[ 16%] [34m[1mGenerating C++ type support for eProsima Fast-RTPS[0m
[ 19%] [32mBuilding C object CMakeFiles/smartcar_msgs__rosidl_generator_c.dir/rosidl_generator_c/smartcar_msgs/msg/detail/status__functions.c.o[0m
[ 22%] [32m[1mLinking C shared library libsmartcar_msgs__rosidl_generator_c.so[0m
[ 22%] Built target smartcar_msgs__rosidl_generator_c
[ 25%] [34m[1mGenerating C type support for eProsima Fast-RTPS[0m
[ 29%] [34m[1mGenerating C introspection for ROS interfaces[0m
[ 32%] [34m[1mGenerating C type support dispatch for ROS interfaces[0m
[ 35%] [32mBuilding CXX object CMakeFiles/smartcar_msgs__rosidl_typesupport_cpp.dir/rosidl_typesupport_cpp/smartcar_msgs/msg/status__type_support.cpp.o[0m
[ 38%] [32mBuilding CXX object CMakeFiles/smartcar_msgs__rosidl_typesupport_fastrtps_cpp.dir/rosidl_typesupport_fastrtps_cpp/smartcar_msgs/msg/detail/dds_fastrtps/status__type_support.cpp.o[0m
[ 41%] [32mBuilding CXX object CMakeFiles/smartcar_msgs__rosidl_typesupport_c.dir/rosidl_typesupport_c/smartcar_msgs/msg/status__type_support.cpp.o[0m
[ 45%] [32mBuilding CXX object CMakeFiles/smartcar_msgs__rosidl_typesupport_fastrtps_c.dir/rosidl_typesupport_fastrtps_c/smartcar_msgs/msg/detail/status__type_support_c.cpp.o[0m
[ 48%] [32mBuilding CXX object CMakeFiles/smartcar_msgs__rosidl_typesupport_introspection_cpp.dir/rosidl_typesupport_introspection_cpp/smartcar_msgs/msg/detail/status__type_support.cpp.o[0m
[ 51%] [32mBuilding C object CMakeFiles/smartcar_msgs__rosidl_typesupport_introspection_c.dir/rosidl_typesupport_introspection_c/smartcar_msgs/msg/detail/status__type_support.c.o[0m
[ 54%] [32m[1mLinking CXX shared library libsmartcar_msgs__rosidl_typesupport_c.so[0m
[ 58%] [32m[1mLinking C shared library libsmartcar_msgs__rosidl_typesupport_introspection_c.so[0m
[ 58%] Built target smartcar_msgs__rosidl_typesupport_c
[ 58%] Built target smartcar_msgs__rosidl_typesupport_introspection_c
[ 61%] [32m[1mLinking CXX shared library libsmartcar_msgs__rosidl_typesupport_cpp.so[0m
[ 61%] Built target smartcar_msgs__rosidl_typesupport_cpp
[ 64%] [32m[1mLinking CXX shared library libsmartcar_msgs__rosidl_typesupport_fastrtps_c.so[0m
[ 67%] [32m[1mLinking CXX shared library libsmartcar_msgs__rosidl_typesupport_fastrtps_cpp.so[0m
[ 70%] [32m[1mLinking CXX shared library libsmartcar_msgs__rosidl_typesupport_introspection_cpp.so[0m
gmake[2]: *** Deleting file 'libsmartcar_msgs__rosidl_typesupport_fastrtps_cpp.so'
gmake[2]: *** wait: No child processes.  Stop.
gmake[2]: *** Waiting for unfinished jobs....
gmake[2]: *** wait: No child processes.  Stop.
gmake[2]: *** Deleting file 'libsmartcar_msgs__rosidl_typesupport_fastrtps_c.so'
gmake[1]: *** [CMakeFiles/Makefile2:369: CMakeFiles/smartcar_msgs__rosidl_typesupport_introspection_cpp.dir/all] Error 2
gmake[2]: *** [CMakeFiles/smartcar_msgs__rosidl_typesupport_fastrtps_c.dir/build.make:119: libsmartcar_msgs__rosidl_typesupport_fastrtps_c.so] Interrupt
gmake[2]: *** [CMakeFiles/smartcar_msgs__rosidl_typesupport_fastrtps_cpp.dir/build.make:117: libsmartcar_msgs__rosidl_typesupport_fastrtps_cpp.so] Interrupt
gmake[1]: *** [CMakeFiles/Makefile2:239: CMakeFiles/smartcar_msgs__rosidl_typesupport_fastrtps_c.dir/all] Interrupt
gmake[1]: *** [CMakeFiles/Makefile2:343: CMakeFiles/smartcar_msgs__rosidl_typesupport_fastrtps_cpp.dir/all] Interrupt
gmake: *** [Makefile:146: all] Interrupt
