[0.067s] Invoking command in '/home/ros2/ros2_ws/build/smartcar_msgs': CMAKE_PREFIX_PATH=/opt/ros/humble /usr/bin/cmake --build /home/ros2/ros2_ws/build/smartcar_msgs -- -j8 -l8
[0.252s] [  3%] [34m[1mGenerating C code for ROS interfaces[0m
[0.290s] [  6%] [34m[1mGenerating C++ code for ROS interfaces[0m
[0.318s] [  6%] Built target ament_cmake_python_copy_smartcar_msgs
[1.504s] running egg_info
[1.507s] creating smartcar_msgs.egg-info
[1.507s] writing smartcar_msgs.egg-info/PKG-INFO
[1.508s] writing dependency_links to smartcar_msgs.egg-info/dependency_links.txt
[1.509s] writing top-level names to smartcar_msgs.egg-info/top_level.txt
[1.509s] writing manifest file 'smartcar_msgs.egg-info/SOURCES.txt'
[1.518s] reading manifest file 'smartcar_msgs.egg-info/SOURCES.txt'
[1.520s] writing manifest file 'smartcar_msgs.egg-info/SOURCES.txt'
[1.647s] [  6%] Built target ament_cmake_python_build_smartcar_msgs_egg
[1.919s] [  6%] Built target smartcar_msgs__cpp
[1.982s] [  9%] [34m[1mGenerating C++ introspection for ROS interfaces[0m
[1.982s] [ 12%] [34m[1mGenerating C++ type support dispatch for ROS interfaces[0m
[2.008s] [ 16%] [34m[1mGenerating C++ type support for eProsima Fast-RTPS[0m
[2.184s] [ 19%] [32mBuilding C object CMakeFiles/smartcar_msgs__rosidl_generator_c.dir/rosidl_generator_c/smartcar_msgs/msg/detail/status__functions.c.o[0m
[2.802s] [ 22%] [32m[1mLinking C shared library libsmartcar_msgs__rosidl_generator_c.so[0m
[3.026s] [ 22%] Built target smartcar_msgs__rosidl_generator_c
[3.103s] [ 25%] [34m[1mGenerating C type support for eProsima Fast-RTPS[0m
[3.103s] [ 29%] [34m[1mGenerating C introspection for ROS interfaces[0m
[3.103s] [ 32%] [34m[1mGenerating C type support dispatch for ROS interfaces[0m
[3.310s] [ 35%] [32mBuilding CXX object CMakeFiles/smartcar_msgs__rosidl_typesupport_cpp.dir/rosidl_typesupport_cpp/smartcar_msgs/msg/status__type_support.cpp.o[0m
[3.608s] [ 38%] [32mBuilding CXX object CMakeFiles/smartcar_msgs__rosidl_typesupport_fastrtps_cpp.dir/rosidl_typesupport_fastrtps_cpp/smartcar_msgs/msg/detail/dds_fastrtps/status__type_support.cpp.o[0m
[4.384s] [ 41%] [32mBuilding CXX object CMakeFiles/smartcar_msgs__rosidl_typesupport_c.dir/rosidl_typesupport_c/smartcar_msgs/msg/status__type_support.cpp.o[0m
[4.591s] [ 45%] [32mBuilding CXX object CMakeFiles/smartcar_msgs__rosidl_typesupport_fastrtps_c.dir/rosidl_typesupport_fastrtps_c/smartcar_msgs/msg/detail/status__type_support_c.cpp.o[0m
[4.648s] [ 48%] [32mBuilding CXX object CMakeFiles/smartcar_msgs__rosidl_typesupport_introspection_cpp.dir/rosidl_typesupport_introspection_cpp/smartcar_msgs/msg/detail/status__type_support.cpp.o[0m
[4.701s] [ 51%] [32mBuilding C object CMakeFiles/smartcar_msgs__rosidl_typesupport_introspection_c.dir/rosidl_typesupport_introspection_c/smartcar_msgs/msg/detail/status__type_support.c.o[0m
[5.025s] [ 54%] [32m[1mLinking CXX shared library libsmartcar_msgs__rosidl_typesupport_c.so[0m
[5.247s] [ 58%] [32m[1mLinking C shared library libsmartcar_msgs__rosidl_typesupport_introspection_c.so[0m
[5.369s] [ 58%] Built target smartcar_msgs__rosidl_typesupport_c
[5.560s] [ 58%] Built target smartcar_msgs__rosidl_typesupport_introspection_c
[5.984s] [ 61%] [32m[1mLinking CXX shared library libsmartcar_msgs__rosidl_typesupport_cpp.so[0m
[6.372s] [ 61%] Built target smartcar_msgs__rosidl_typesupport_cpp
[6.784s] [ 64%] [32m[1mLinking CXX shared library libsmartcar_msgs__rosidl_typesupport_fastrtps_c.so[0m
[6.801s] [ 67%] [32m[1mLinking CXX shared library libsmartcar_msgs__rosidl_typesupport_fastrtps_cpp.so[0m
[7.234s] [ 70%] [32m[1mLinking CXX shared library libsmartcar_msgs__rosidl_typesupport_introspection_cpp.so[0m
[7.260s] gmake[2]: *** Deleting file 'libsmartcar_msgs__rosidl_typesupport_fastrtps_cpp.so'
[7.261s] gmake[2]: *** wait: No child processes.  Stop.
[7.262s] gmake[2]: *** Waiting for unfinished jobs....
[7.263s] gmake[2]: *** wait: No child processes.  Stop.
[7.263s] gmake[2]: *** Deleting file 'libsmartcar_msgs__rosidl_typesupport_fastrtps_c.so'
[7.263s] gmake[1]: *** [CMakeFiles/Makefile2:369: CMakeFiles/smartcar_msgs__rosidl_typesupport_introspection_cpp.dir/all] Error 2
[7.264s] gmake[2]: *** [CMakeFiles/smartcar_msgs__rosidl_typesupport_fastrtps_c.dir/build.make:119: libsmartcar_msgs__rosidl_typesupport_fastrtps_c.so] Interrupt
[7.264s] gmake[2]: *** [CMakeFiles/smartcar_msgs__rosidl_typesupport_fastrtps_cpp.dir/build.make:117: libsmartcar_msgs__rosidl_typesupport_fastrtps_cpp.so] Interrupt
[7.264s] gmake[1]: *** [CMakeFiles/Makefile2:239: CMakeFiles/smartcar_msgs__rosidl_typesupport_fastrtps_c.dir/all] Interrupt
[7.265s] gmake[1]: *** [CMakeFiles/Makefile2:343: CMakeFiles/smartcar_msgs__rosidl_typesupport_fastrtps_cpp.dir/all] Interrupt
[7.265s] gmake: *** [Makefile:146: all] Interrupt
